APPLICATION	TruckMaker 14.0 - Truck_Generic #2 (win64-14.0)
COMPILED	jetbrains@b5882e3d7d42 2024-11-26 13:07:28
 
		I/O Configuration: default
FIRST_INIT	(internal default used)	2025-03-06 19:41:19
TIME	0.000
SIM_END			0s	0m
IDLE	19:41:20
SIM_START	TempScenario(Volvo)	2025-03-06 19:41:24
TIME	0.000
SIMULATE	TempScenario(Volvo)

TIME	5.000
		Vel=54.6965   RPM=1762.0766   CDF=0.0000
		Vel=54.7014   RPM=1762.2335   CDF=0.0000
		Vel=54.7062   RPM=1762.3700   CDF=0.0000
		Vel=54.7111   RPM=1762.4836   CDF=0.0000
		Vel=54.7160   RPM=1762.5769   CDF=0.0000
		Vel=54.7208   RPM=1762.6519   CDF=0.0000
		Vel=54.7257   RPM=1762.7103   CDF=0.0000
		Vel=54.7305   RPM=1762.7535   CDF=0.0000
		Vel=54.7354   RPM=1762.7825   CDF=0.0000
		Vel=54.7402   RPM=1762.7984   CDF=0.0000
		Vel=54.7451   RPM=1762.8019   CDF=0.0000
		Vel=54.7499   RPM=1762.7940   CDF=0.0000
		Vel=54.7547   RPM=1762.7755   CDF=0.0000
		Vel=54.7595   RPM=1762.7471   CDF=0.0000
		Vel=54.7643   RPM=1762.7095   CDF=0.0000
		Vel=54.7691   RPM=1762.6634   CDF=0.0000
		Vel=54.7739   RPM=1762.6092   CDF=0.0000
		Vel=54.7786   RPM=1762.5477   CDF=0.0000
		Vel=54.7834   RPM=1762.4793   CDF=0.0000
		Vel=54.7881   RPM=1762.4047   CDF=0.0000
		Vel=54.7928   RPM=1762.3242   CDF=0.0000
		Vel=54.7974   RPM=1762.2384   CDF=0.0000
		Vel=54.8021   RPM=1762.1477   CDF=0.0000
		Vel=54.8067   RPM=1762.0523   CDF=0.0000
		Vel=54.8113   RPM=1761.9526   CDF=0.0000
		Vel=54.8159   RPM=1761.8489   CDF=0.0000
		Vel=54.8204   RPM=1761.7415   CDF=0.0000
		Vel=54.8249   RPM=1761.6306   CDF=0.0000
		Vel=54.8294   RPM=1761.5166   CDF=0.0000
		Vel=54.8339   RPM=1761.3996   CDF=0.0000
		Vel=54.8384   RPM=1761.2796   CDF=0.0000
		Vel=54.8428   RPM=1761.1569   CDF=0.0000
		Vel=54.8472   RPM=1761.0316   CDF=0.0000
		Vel=54.8515   RPM=1760.9039   CDF=0.0000
		Vel=54.8559   RPM=1760.7740   CDF=0.0000
		Vel=54.8602   RPM=1760.6420   CDF=0.0000
		Vel=54.8644   RPM=1760.5080   CDF=0.0000
		Vel=54.8687   RPM=1760.3719   CDF=0.0000
		Vel=54.8729   RPM=1760.2338   CDF=0.0000
		Vel=54.8771   RPM=1760.0938   CDF=0.0000
		Vel=54.8812   RPM=1759.9521   CDF=0.0000
		Vel=54.8854   RPM=1759.8087   CDF=0.0000
		Vel=54.8895   RPM=1759.6636   CDF=0.0000
		Vel=54.8935   RPM=1759.5168   CDF=0.0000
		Vel=54.8976   RPM=1759.3684   CDF=0.0000
		Vel=54.9016   RPM=1759.2183   CDF=0.0000
		Vel=54.9056   RPM=1759.0667   CDF=0.0000
		Vel=54.9095   RPM=1758.9135   CDF=0.0000
		Vel=54.9134   RPM=1758.7589   CDF=0.0000
		Vel=54.9173   RPM=1758.6028   CDF=0.0000
		Vel=54.9212   RPM=1758.4451   CDF=0.0000
		Vel=54.9250   RPM=1758.2858   CDF=0.0000
		Vel=54.9288   RPM=1758.1249   CDF=0.0000
		Vel=54.9325   RPM=1757.9624   CDF=0.0000
		Vel=54.9363   RPM=1757.7977   CDF=0.0000
		Vel=54.9400   RPM=1757.6297   CDF=0.0000
		Vel=54.9436   RPM=1757.4570   CDF=0.0000
		Vel=54.9473   RPM=1757.2782   CDF=0.0000
		Vel=54.9509   RPM=1757.0916   CDF=0.0000
		Vel=54.9544   RPM=1756.8961   CDF=0.0000
		Vel=54.9579   RPM=1756.6906   CDF=0.0000
		Vel=54.9613   RPM=1756.4741   CDF=0.0000
		Vel=54.9647   RPM=1756.2459   CDF=0.0000
		Vel=54.9679   RPM=1756.0055   CDF=0.0000
		Vel=54.9711   RPM=1755.7523   CDF=0.0000
		Vel=54.9742   RPM=1755.4858   CDF=0.0000
		Vel=54.9772   RPM=1755.2061   CDF=0.0000
		Vel=54.9801   RPM=1754.9132   CDF=0.0000
		Vel=54.9829   RPM=1754.6070   CDF=0.0000
		Vel=54.9855   RPM=1754.2877   CDF=0.0000
		Vel=54.9881   RPM=1753.9555   CDF=0.0000
		Vel=54.9905   RPM=1753.6102   CDF=0.0000
		Vel=54.9928   RPM=1753.2521   CDF=0.0000
		Vel=54.9949   RPM=1752.8813   CDF=0.0000
		Vel=54.9970   RPM=1752.4982   CDF=0.0000
		Vel=54.9989   RPM=1752.1030   CDF=0.0000
		Vel=55.0007   RPM=1751.6958   CDF=0.0000
		Vel=55.0023   RPM=1751.2770   CDF=0.0000
		Vel=55.0038   RPM=1750.8465   CDF=0.0000
		Vel=55.0051   RPM=1750.4046   CDF=0.0000
		Vel=55.0063   RPM=1749.9515   CDF=0.0000
		Vel=55.0074   RPM=1749.4876   CDF=0.0000
		Vel=55.0083   RPM=1749.0132   CDF=0.0000
		Vel=55.0090   RPM=1748.5286   CDF=0.0000
		Vel=55.0096   RPM=1748.0342   CDF=0.0000
		Vel=55.0100   RPM=1747.5300   CDF=0.0000
		Vel=55.0102   RPM=1747.0164   CDF=0.0000
		Vel=55.0103   RPM=1746.4938   CDF=0.0000
		Vel=55.0102   RPM=1745.9627   CDF=0.0000
		Vel=55.0099   RPM=1745.4234   CDF=0.0000
		Vel=55.0095   RPM=1744.8763   CDF=0.0000
		Vel=55.0089   RPM=1744.3216   CDF=0.0000
		Vel=55.0081   RPM=1743.7596   CDF=0.0000
		Vel=55.0071   RPM=1743.1903   CDF=0.0000
		Vel=55.0059   RPM=1742.6142   CDF=0.0000
		Vel=55.0045   RPM=1742.0313   CDF=0.0000
		Vel=55.0030   RPM=1741.4418   CDF=0.0000
		Vel=55.0013   RPM=1740.8457   CDF=0.0000
		Vel=54.9993   RPM=1740.2430   CDF=0.0000
		Vel=54.9972   RPM=1739.6334   CDF=0.0000
		Vel=54.9949   RPM=1739.0167   CDF=0.0000
		Vel=54.9924   RPM=1738.3929   CDF=0.0000
		Vel=54.9898   RPM=1737.7619   CDF=0.0000
		Vel=54.9869   RPM=1737.1234   CDF=0.0000
		Vel=54.9838   RPM=1736.4772   CDF=0.0000
		Vel=54.9806   RPM=1735.8231   CDF=0.0000
		Vel=54.9771   RPM=1735.1605   CDF=0.0000
		Vel=54.9735   RPM=1734.4891   CDF=0.0000
		Vel=54.9696   RPM=1733.8088   CDF=0.0000
		Vel=54.9656   RPM=1733.1191   CDF=0.0000
		Vel=54.9614   RPM=1732.4200   CDF=0.0000
		Vel=54.9570   RPM=1731.7112   CDF=0.0000
		Vel=54.9524   RPM=1730.9921   CDF=0.0000
		Vel=54.9476   RPM=1730.2625   CDF=0.0000
		Vel=54.9426   RPM=1729.5219   CDF=0.0000
		Vel=54.9373   RPM=1728.7703   CDF=0.0000
		Vel=54.9319   RPM=1728.0073   CDF=0.0000
		Vel=54.9263   RPM=1727.2328   CDF=0.0000
		Vel=54.9205   RPM=1726.4464   CDF=0.0000
		Vel=54.9145   RPM=1725.6479   CDF=0.0000
		Vel=54.9083   RPM=1724.8374   CDF=0.0000
		Vel=54.9019   RPM=1724.0148   CDF=0.0000
		Vel=54.8953   RPM=1723.1799   CDF=0.0000
		Vel=54.8885   RPM=1722.3323   CDF=0.0000
		Vel=54.8815   RPM=1721.4718   CDF=0.0000
		Vel=54.8743   RPM=1720.5982   CDF=0.0000
		Vel=54.8669   RPM=1719.7110   CDF=0.0000
		Vel=54.8593   RPM=1718.8097   CDF=0.0000
		Vel=54.8514   RPM=1717.8943   CDF=0.0000
		Vel=54.8434   RPM=1716.9645   CDF=0.0000
		Vel=54.8352   RPM=1716.0203   CDF=0.0000
		Vel=54.8267   RPM=1715.0615   CDF=0.0000
		Vel=54.8180   RPM=1714.0881   CDF=0.0000
		Vel=54.8092   RPM=1713.0994   CDF=0.0000
		Vel=54.8001   RPM=1712.0952   CDF=0.0000
		Vel=54.7908   RPM=1711.0755   CDF=0.0000
		Vel=54.7813   RPM=1710.0403   CDF=0.0000
		Vel=54.7715   RPM=1708.9895   CDF=0.0000
		Vel=54.7616   RPM=1707.9231   CDF=0.0000
		Vel=54.7514   RPM=1706.8409   CDF=0.0000
		Vel=54.7410   RPM=1705.7422   CDF=0.0000
		Vel=54.7304   RPM=1704.6269   CDF=0.0000
		Vel=54.7196   RPM=1703.4947   CDF=0.0000
		Vel=54.7086   RPM=1702.3455   CDF=0.0000
		Vel=54.6973   RPM=1701.1790   CDF=0.0000
		Vel=54.6859   RPM=1699.9950   CDF=0.0000
		Vel=54.6742   RPM=1698.7929   CDF=0.0000
		Vel=54.6623   RPM=1697.5717   CDF=0.0000
		Vel=54.6502   RPM=1696.3309   CDF=0.0000
		Vel=54.6379   RPM=1695.0700   CDF=0.0000
		Vel=54.6253   RPM=1693.7900   CDF=0.0000
		Vel=54.6126   RPM=1692.4934   CDF=0.0000
		Vel=54.5996   RPM=1691.1792   CDF=0.0000
		Vel=54.5865   RPM=1689.8462   CDF=0.0000
		Vel=54.5731   RPM=1688.4930   CDF=0.0000
		Vel=54.5595   RPM=1687.1190   CDF=0.0000
		Vel=54.5457   RPM=1685.7240   CDF=0.0000
		Vel=54.5317   RPM=1684.3078   CDF=0.0000
		Vel=54.5175   RPM=1682.8707   CDF=0.0000
		Vel=54.5030   RPM=1681.4130   CDF=0.0000
		Vel=54.4883   RPM=1679.9349   CDF=0.0000
		Vel=54.4733   RPM=1678.4362   CDF=0.0000
		Vel=54.4582   RPM=1676.9175   CDF=0.0000
		Vel=54.4428   RPM=1675.3792   CDF=0.0000
		Vel=54.4271   RPM=1673.8217   CDF=0.0000
		Vel=54.4112   RPM=1672.2451   CDF=0.0000
		Vel=54.3951   RPM=1670.6490   CDF=0.0000
		Vel=54.3788   RPM=1669.0324   CDF=0.0000
		Vel=54.3622   RPM=1667.3937   CDF=0.0000
		Vel=54.3454   RPM=1665.7320   CDF=0.0000
		Vel=54.3284   RPM=1664.0468   CDF=0.0000
		Vel=54.3111   RPM=1662.3373   CDF=0.0000
		Vel=54.2937   RPM=1660.6033   CDF=0.0000
		Vel=54.2760   RPM=1658.8441   CDF=0.0000
		Vel=54.2581   RPM=1657.0581   CDF=0.0000
		Vel=54.2399   RPM=1655.2434   CDF=0.0000
		Vel=54.2216   RPM=1653.3986   CDF=0.0000
		Vel=54.2031   RPM=1651.5221   CDF=0.0000
		Vel=54.1843   RPM=1649.6117   CDF=0.0000
		Vel=54.1654   RPM=1647.6655   CDF=0.0000
		Vel=54.1463   RPM=1645.6816   CDF=0.0000
		Vel=54.1271   RPM=1643.6572   CDF=0.0000
		Vel=54.1076   RPM=1641.5910   CDF=0.0000
		Vel=54.0879   RPM=1639.4824   CDF=0.0000
		Vel=54.0680   RPM=1637.3309   CDF=0.0000
		Vel=54.0480   RPM=1635.1347   CDF=0.0000
		Vel=54.0278   RPM=1632.8911   CDF=0.0000
		Vel=54.0074   RPM=1630.5972   CDF=0.0000
		Vel=53.9869   RPM=1628.2465   CDF=0.0000
		Vel=53.9663   RPM=1625.8355   CDF=0.0000
		Vel=53.9455   RPM=1623.3630   CDF=0.0000
		Vel=53.9245   RPM=1620.8276   CDF=0.0000
		Vel=53.9034   RPM=1618.2281   CDF=0.0000
		Vel=53.8822   RPM=1615.5634   CDF=0.0000
		Vel=53.8608   RPM=1612.8331   CDF=0.0000
		Vel=53.8393   RPM=1610.0212   CDF=0.0000
		Vel=53.8176   RPM=1607.1230   CDF=0.0000
		Vel=53.7957   RPM=1604.1387   CDF=0.0000
		Vel=53.7737   RPM=1601.0686   CDF=0.0000
		Vel=53.7516   RPM=1597.9122   CDF=0.0000
		Vel=53.7293   RPM=1594.6695   CDF=0.0000
		Vel=53.7069   RPM=1591.3407   CDF=0.0000
		Vel=53.6844   RPM=1587.9951   CDF=0.0000
		Vel=53.6617   RPM=1584.6414   CDF=0.0000
		Vel=53.6389   RPM=1581.2717   CDF=0.0000
		Vel=53.6160   RPM=1577.8787   CDF=0.0000
		Vel=53.5929   RPM=1574.4567   CDF=0.0000
		Vel=53.5697   RPM=1571.0005   CDF=0.0000
		Vel=53.5465   RPM=1567.5057   CDF=0.0000
		Vel=53.5231   RPM=1563.9682   CDF=0.0000
		Vel=53.4996   RPM=1560.3843   CDF=0.0000
		Vel=53.4760   RPM=1556.7506   CDF=0.0000
		Vel=53.4524   RPM=1553.0636   CDF=0.0000
		Vel=53.4286   RPM=1549.3204   CDF=0.0000
		Vel=53.4048   RPM=1545.5187   CDF=0.0000
		Vel=53.3810   RPM=1541.6564   CDF=0.0000
		Vel=53.3570   RPM=1537.7319   CDF=0.0000
		Vel=53.3330   RPM=1533.7440   CDF=0.0000
		Vel=53.3089   RPM=1529.6915   CDF=0.0000
		Vel=53.2848   RPM=1525.5739   CDF=0.0000
		Vel=53.2606   RPM=1521.3904   CDF=0.0000
		Vel=53.2363   RPM=1517.1408   CDF=0.0000
		Vel=53.2119   RPM=1512.8247   CDF=0.0000
		Vel=53.1875   RPM=1508.4422   CDF=0.0000
		Vel=53.1630   RPM=1503.9933   CDF=0.0000
		Vel=53.1385   RPM=1499.4781   CDF=0.0000
		Vel=53.1139   RPM=1494.8957   CDF=0.0000
		Vel=53.0893   RPM=1490.2400   CDF=0.0000
		Vel=53.0648   RPM=1485.5087   CDF=0.0000
		Vel=53.0401   RPM=1480.7080   CDF=0.0000
		Vel=53.0152   RPM=1475.8428   CDF=0.0000
		Vel=52.9904   RPM=1470.9129   CDF=0.0000
		Vel=52.9655   RPM=1465.9192   CDF=0.0000
		Vel=52.9404   RPM=1460.8700   CDF=0.0000
		Vel=52.9151   RPM=1455.7728   CDF=0.0000
		Vel=52.8897   RPM=1450.6335   CDF=0.0000
		Vel=52.8641   RPM=1445.4570   CDF=0.0000
		Vel=52.8383   RPM=1440.2470   CDF=0.0000
		Vel=52.8124   RPM=1435.0067   CDF=0.0000
		Vel=52.7864   RPM=1429.7385   CDF=0.0000
		Vel=52.7601   RPM=1424.4446   CDF=0.0000
		Vel=52.7337   RPM=1419.1265   CDF=0.0000
		Vel=52.7072   RPM=1413.7857   CDF=0.0000
		Vel=52.6805   RPM=1408.4233   CDF=0.0000
		Vel=52.6536   RPM=1403.0402   CDF=0.0000
		Vel=52.6267   RPM=1397.6372   CDF=0.0000
		Vel=52.5995   RPM=1392.2148   CDF=0.0000
		Vel=52.5722   RPM=1386.7735   CDF=0.0000
		Vel=52.5448   RPM=1381.3137   CDF=0.0000
		Vel=52.5173   RPM=1375.8354   CDF=0.0000
		Vel=52.4896   RPM=1370.3389   CDF=0.0000
		Vel=52.4617   RPM=1364.8242   CDF=0.0000
		Vel=52.4338   RPM=1359.2913   CDF=0.0000
		Vel=52.4057   RPM=1353.7401   CDF=0.0000
		Vel=52.3774   RPM=1348.1706   CDF=0.0000
		Vel=52.3491   RPM=1342.5825   CDF=0.0000
		Vel=52.3206   RPM=1336.9757   CDF=0.0000
		Vel=52.2920   RPM=1331.3500   CDF=0.0000
		Vel=52.2632   RPM=1325.7052   CDF=0.0000
		Vel=52.2344   RPM=1320.0409   CDF=0.0000
		Vel=52.2054   RPM=1314.3571   CDF=0.0000
		Vel=52.1763   RPM=1308.6533   CDF=0.0000
		Vel=52.1471   RPM=1302.9295   CDF=0.0000
		Vel=52.1178   RPM=1297.1854   CDF=0.0000
		Vel=52.0883   RPM=1291.4209   CDF=0.0000
		Vel=52.0587   RPM=1285.6359   CDF=0.0000
		Vel=52.0291   RPM=1279.8303   CDF=0.0000
		Vel=51.9993   RPM=1274.0042   CDF=0.0000
		Vel=51.9693   RPM=1268.1574   CDF=0.0000
		Vel=51.9393   RPM=1262.2902   CDF=0.0000
		Vel=51.9092   RPM=1256.4026   CDF=0.0000
		Vel=51.8789   RPM=1250.4948   CDF=0.0000
		Vel=51.8485   RPM=1244.5671   CDF=0.0000
		Vel=51.8180   RPM=1238.6196   CDF=0.0000
		Vel=51.7874   RPM=1232.6525   CDF=0.0000
		Vel=51.7567   RPM=1226.6660   CDF=0.0000
		Vel=51.7259   RPM=1220.6605   CDF=0.0000
		Vel=51.6950   RPM=1214.6360   CDF=0.0000
		Vel=51.6639   RPM=1208.5929   CDF=0.0000
		Vel=51.6327   RPM=1202.5312   CDF=0.0000
		Vel=51.6015   RPM=1196.4513   CDF=0.0000
		Vel=51.5701   RPM=1190.3532   CDF=0.0000
		Vel=51.5386   RPM=1184.2370   CDF=0.0000
		Vel=51.5070   RPM=1178.1029   CDF=0.0000
		Vel=51.4753   RPM=1171.9510   CDF=0.0000
		Vel=51.4434   RPM=1165.7813   CDF=0.0000
		Vel=51.4115   RPM=1159.5941   CDF=0.0000
		Vel=51.3795   RPM=1153.3894   CDF=0.0000
		Vel=51.3474   RPM=1147.1674   CDF=0.0000
		Vel=51.3151   RPM=1140.9281   CDF=0.0000
		Vel=51.2828   RPM=1134.6716   CDF=0.0000
		Vel=51.2503   RPM=1128.3980   CDF=0.0000
		Vel=51.2178   RPM=1122.1074   CDF=0.0000
		Vel=51.1851   RPM=1115.7998   CDF=0.0000
		Vel=51.1524   RPM=1109.4751   CDF=0.0000
		Vel=51.1195   RPM=1103.1334   CDF=0.0000
		Vel=51.0865   RPM=1096.7746   CDF=0.0000
		Vel=51.0535   RPM=1090.3989   CDF=0.0000
		Vel=51.0203   RPM=1084.0061   CDF=0.0000
		Vel=50.9871   RPM=1077.5962   CDF=0.0000
		Vel=50.9537   RPM=1071.1695   CDF=0.0000
		Vel=50.9203   RPM=1064.7257   CDF=0.0000
		Vel=50.8867   RPM=1058.2651   CDF=0.0000
		Vel=50.8531   RPM=1051.7875   CDF=0.0000
		Vel=50.8194   RPM=1045.2932   CDF=0.0000
		Vel=50.7856   RPM=1038.7821   CDF=0.0000
		Vel=50.7517   RPM=1032.2543   CDF=0.0000
		Vel=50.7177   RPM=1025.7101   CDF=0.0000
		Vel=50.6836   RPM=1019.1495   CDF=0.0000
		Vel=50.6494   RPM=1012.5729   CDF=0.0000
		Vel=50.6151   RPM=1005.9803   CDF=0.0000
		Vel=50.5808   RPM=999.3720   CDF=0.0000
		Vel=50.5463   RPM=992.7481   CDF=0.0000
		Vel=50.5118   RPM=986.1089   CDF=0.0000
		Vel=50.4771   RPM=979.4545   CDF=0.0000
		Vel=50.4424   RPM=972.7849   CDF=0.0000
		Vel=50.4075   RPM=966.1003   CDF=0.0000
		Vel=50.3726   RPM=959.4005   CDF=0.0000
		Vel=50.3376   RPM=952.6855   CDF=0.0000
		Vel=50.3026   RPM=945.9548   CDF=0.0000
		Vel=50.2674   RPM=939.2082   CDF=0.0000
		Vel=50.2322   RPM=932.4450   CDF=0.0000
		Vel=50.1969   RPM=925.6644   CDF=0.0000
		Vel=50.1616   RPM=918.8655   CDF=0.0000
		Vel=50.1262   RPM=912.0475   CDF=0.0000
		Vel=50.0907   RPM=905.2093   CDF=0.0000
		Vel=50.0552   RPM=898.3500   CDF=0.0000
		Vel=50.0197   RPM=891.4686   CDF=0.0000
		Vel=49.9841   RPM=884.5643   CDF=0.0000
		Vel=49.9484   RPM=877.6362   CDF=0.0000
		Vel=49.9128   RPM=870.6837   CDF=0.0000
		Vel=49.8771   RPM=863.7061   CDF=0.0000
		Vel=49.8413   RPM=856.7026   CDF=0.0000
		Vel=49.8055   RPM=849.6725   CDF=0.0000
		Vel=49.7697   RPM=842.6155   CDF=0.0000
		Vel=49.7339   RPM=835.5315   CDF=0.0000
		Vel=49.6980   RPM=828.4207   CDF=0.0000
		Vel=49.6621   RPM=821.2840   CDF=0.0000
		Vel=49.6261   RPM=814.1223   CDF=0.0000
		Vel=49.5901   RPM=806.9366   CDF=0.0000
		Vel=49.5540   RPM=799.7276   CDF=0.0000
		Vel=49.5178   RPM=792.4960   CDF=0.0000
		Vel=49.4816   RPM=785.2422   CDF=0.0000
		Vel=49.4454   RPM=777.9671   CDF=0.0000
		Vel=49.4091   RPM=770.6713   CDF=0.0000
		Vel=49.3727   RPM=763.3559   CDF=0.0000
		Vel=49.3363   RPM=756.0215   CDF=0.0000
		Vel=49.2998   RPM=748.6686   CDF=0.0000
		Vel=49.2633   RPM=741.3277   CDF=0.0000
		Vel=49.2267   RPM=734.1975   CDF=0.0000
		Vel=49.1897   RPM=727.4036   CDF=0.0000
		Vel=49.1525   RPM=721.1332   CDF=0.0000
		Vel=49.1152   RPM=715.3498   CDF=0.0000
		Vel=49.0778   RPM=709.9941   CDF=0.0000
		Vel=49.0404   RPM=705.0145   CDF=0.0000
		Vel=49.0029   RPM=700.3649   CDF=0.0000
		Vel=48.9654   RPM=696.0012   CDF=0.0000
		Vel=48.9279   RPM=691.8862   CDF=0.0000
		Vel=48.8904   RPM=687.9884   CDF=0.0000
		Vel=48.8528   RPM=684.2806   CDF=0.0000
		Vel=48.8153   RPM=680.7389   CDF=0.0000
		Vel=48.7777   RPM=677.3429   CDF=0.0000
		Vel=48.7402   RPM=674.0736   CDF=0.0000
		Vel=48.7026   RPM=670.9129   CDF=0.0000
		Vel=48.6651   RPM=667.8436   CDF=0.0000
		Vel=48.6277   RPM=664.8497   CDF=0.0000
		Vel=48.5903   RPM=661.9163   CDF=0.0000
		Vel=48.5531   RPM=659.0295   CDF=0.0000
		Vel=48.5159   RPM=656.1759   CDF=0.0000
		Vel=48.4788   RPM=653.3433   CDF=0.0000
		Vel=48.4417   RPM=650.5205   CDF=0.0000
		Vel=48.4048   RPM=647.6971   CDF=0.0000
		Vel=48.3680   RPM=644.8632   CDF=0.0000
		Vel=48.3313   RPM=642.0089   CDF=0.0000
		Vel=48.2948   RPM=639.1248   CDF=0.0000
		Vel=48.2583   RPM=636.2016   CDF=0.0000
		Vel=48.2220   RPM=633.2309   CDF=0.0000
		Vel=48.1859   RPM=630.2047   CDF=0.0000
		Vel=48.1498   RPM=627.1156   CDF=0.0000
		Vel=48.1139   RPM=623.9568   CDF=0.0000
		Vel=48.0782   RPM=620.7219   CDF=0.0000
		Vel=48.0426   RPM=617.4053   CDF=0.0000
		Vel=48.0072   RPM=614.0018   CDF=0.0000
		Vel=47.9718   RPM=610.5064   CDF=0.0000
		Vel=47.9367   RPM=606.9149   CDF=0.0000
		Vel=47.9016   RPM=603.2235   CDF=0.0000
		Vel=47.8668   RPM=599.4286   CDF=0.0000
		Vel=47.8320   RPM=595.5271   CDF=0.0000
		Vel=47.7974   RPM=591.5163   CDF=0.0000
		Vel=47.7629   RPM=587.3939   CDF=0.0000
		Vel=47.7286   RPM=583.1577   CDF=0.0000
		Vel=47.6944   RPM=578.8060   CDF=0.0000
		Vel=47.6604   RPM=574.3375   CDF=0.0000
		Vel=47.6264   RPM=569.7518   CDF=0.0000
		Vel=47.5926   RPM=565.0489   CDF=0.0000
		Vel=47.5590   RPM=560.2290   CDF=0.0000
		Vel=47.5254   RPM=555.2923   CDF=0.0000
		Vel=47.4920   RPM=550.3825   CDF=0.0000
		Vel=47.4587   RPM=545.8796   CDF=0.0000
		Vel=47.4255   RPM=541.7249   CDF=0.0000
		Vel=47.3925   RPM=537.8885   CDF=0.0000
		Vel=47.3595   RPM=534.3474   CDF=0.0000
		Vel=47.3267   RPM=531.0803   CDF=0.0000
		Vel=47.2940   RPM=528.0669   CDF=0.0000
		Vel=47.2614   RPM=525.2884   CDF=0.0000
		Vel=47.2288   RPM=522.4981   CDF=0.0000
		Vel=47.1964   RPM=519.2488   CDF=0.0000
		Vel=47.1641   RPM=515.5650   CDF=0.0000
		Vel=47.1319   RPM=511.4775   CDF=0.0000
		Vel=47.0997   RPM=507.0124   CDF=0.0000
		Vel=47.0677   RPM=502.1916   CDF=0.0000
		Vel=47.0358   RPM=497.0343   CDF=0.0000
		Vel=47.0039   RPM=491.5572   CDF=0.0000
		Vel=46.9722   RPM=485.7754   CDF=0.0000
		Vel=46.9405   RPM=479.7025   CDF=0.0000
		Vel=46.9089   RPM=473.3510   CDF=0.0000
		Vel=46.8774   RPM=466.7325   CDF=0.0000
		Vel=46.8459   RPM=459.8577   CDF=0.0000
		Vel=46.8145   RPM=452.7368   CDF=0.0000
		Vel=46.7832   RPM=445.3810   CDF=0.0000
		Vel=46.7520   RPM=437.8242   CDF=0.0000
		Vel=46.7208   RPM=430.0815   CDF=0.0000
		Vel=46.6897   RPM=422.1601   CDF=0.0000
		Vel=46.6586   RPM=414.0679   CDF=0.0000
		Vel=46.6275   RPM=405.8299   CDF=0.0000
		Vel=46.5965   RPM=397.4574   CDF=0.0000
		Vel=46.5656   RPM=388.9557   CDF=0.0000
		Vel=46.5346   RPM=380.3298   CDF=0.0000
		Vel=46.5037   RPM=371.5849   CDF=0.0000
		Vel=46.4728   RPM=362.7261   CDF=0.0000
		Vel=46.4420   RPM=353.7584   CDF=0.0000
		Vel=46.4111   RPM=344.6688   CDF=0.0000
		Vel=46.3803   RPM=335.4485   CDF=0.0000
		Vel=46.3495   RPM=326.1044   CDF=0.0000
		Vel=46.3187   RPM=316.6413   CDF=0.0000
		Vel=46.2879   RPM=307.0594   CDF=0.0000
		Vel=46.2570   RPM=297.3653   CDF=0.0000
		Vel=46.2262   RPM=286.7524   CDF=0.0000
		Vel=46.1954   RPM=276.2718   CDF=0.0000
		Vel=46.1645   RPM=265.9093   CDF=0.0000
		Vel=46.1336   RPM=255.6528   CDF=0.0000
		Vel=46.1027   RPM=245.4918   CDF=0.0000
		Vel=46.0718   RPM=235.4173   CDF=0.0000
		Vel=46.0408   RPM=225.4216   CDF=0.0000
		Vel=46.0098   RPM=215.4980   CDF=0.0000
		Vel=45.9788   RPM=205.6408   CDF=0.0000
		Vel=45.9477   RPM=195.8448   CDF=0.0000
		Vel=45.9166   RPM=186.1057   CDF=0.0000
		Vel=45.8855   RPM=176.4196   CDF=0.0000
		Vel=45.8543   RPM=166.7833   CDF=0.0000
		Vel=45.8230   RPM=157.1939   CDF=0.0000
		Vel=45.7917   RPM=147.6490   CDF=0.0000
		Vel=45.7603   RPM=138.1465   CDF=0.0000
		Vel=45.7289   RPM=128.6846   CDF=0.0000
		Vel=45.6974   RPM=119.2673   CDF=0.0000
		Vel=45.6658   RPM=110.1428   CDF=0.0000
		Vel=45.6337   RPM=101.4929   CDF=0.0000
		Vel=45.6015   RPM=93.2866   CDF=0.0000
		Vel=45.5693   RPM=85.4833   CDF=0.0000
		Vel=45.5370   RPM=78.0452   CDF=0.0000
		Vel=45.5047   RPM=70.9374   CDF=0.0000
		Vel=45.4723   RPM=64.1286   CDF=0.0000
		Vel=45.4399   RPM=57.5901   CDF=0.0000
		Vel=45.4074   RPM=51.2958   CDF=0.0000
		Vel=45.3748   RPM=45.2224   CDF=0.0000
		Vel=45.3422   RPM=39.3485   CDF=0.0000
		Vel=45.3095   RPM=33.6549   CDF=0.0000
		Vel=45.2767   RPM=28.1241   CDF=0.0000
		Vel=45.2439   RPM=22.7390   CDF=0.0000
		Vel=45.2111   RPM=17.4849   CDF=0.0000
		Vel=45.1781   RPM=12.3491   CDF=0.0000
		Vel=45.1451   RPM=7.3204   CDF=0.0000
		Vel=45.1120   RPM=2.3889   CDF=0.0000
		Vel=45.0789   RPM=-2.2036   CDF=0.0000
		Vel=45.0456   RPM=-6.3791   CDF=0.0000
		Vel=45.0123   RPM=-10.3264   CDF=0.0000
		Vel=44.9785   RPM=-13.8296   CDF=0.0000
		Vel=44.9445   RPM=-16.9241   CDF=0.0000
		Vel=44.9105   RPM=-19.6596   CDF=0.0000
		Vel=44.8764   RPM=-22.0790   CDF=0.0000
		Vel=44.8422   RPM=-24.2195   CDF=0.0000
		Vel=44.8079   RPM=-26.1130   CDF=0.0000
		Vel=44.7735   RPM=-27.7873   CDF=0.0000
		Vel=44.7390   RPM=-29.2664   CDF=0.0000
		Vel=44.7044   RPM=-30.5716   CDF=0.0000
		Vel=44.6697   RPM=-31.7214   CDF=0.0000
		Vel=44.6349   RPM=-32.7320   CDF=0.0000
		Vel=44.6000   RPM=-33.6180   CDF=0.0000
		Vel=44.5649   RPM=-34.3921   CDF=0.0000
		Vel=44.5298   RPM=-35.0658   CDF=0.0000
		Vel=44.4945   RPM=-35.6491   CDF=0.0000
		Vel=44.4591   RPM=-36.1512   CDF=0.0000
		Vel=44.4235   RPM=-36.5801   CDF=0.0000
		Vel=44.3879   RPM=-36.9430   CDF=0.0000
		Vel=44.3521   RPM=-37.2466   CDF=0.0000
		Vel=44.3162   RPM=-37.4966   CDF=0.0000
		Vel=44.2802   RPM=-37.6984   CDF=0.0000
		Vel=44.2440   RPM=-37.8566   CDF=0.0000
		Vel=44.2077   RPM=-37.9756   CDF=0.0000
		Vel=44.1712   RPM=-38.0593   CDF=0.0000
		Vel=44.1346   RPM=-38.1111   CDF=0.0000
		Vel=44.0979   RPM=-38.1342   CDF=0.0000
		Vel=44.0610   RPM=-38.1315   CDF=0.0000
		Vel=44.0240   RPM=-38.1055   CDF=0.0000
		Vel=43.9869   RPM=-38.0587   CDF=0.0000
		Vel=43.9496   RPM=-37.9930   CDF=0.0000
		Vel=43.9121   RPM=-37.9105   CDF=0.0000
		Vel=43.8745   RPM=-37.8129   CDF=0.0000
		Vel=43.8368   RPM=-37.7018   CDF=0.0000
		Vel=43.7989   RPM=-37.5786   CDF=0.0000
		Vel=43.7609   RPM=-37.4446   CDF=0.0000
		Vel=43.7227   RPM=-37.3010   CDF=0.0000
		Vel=43.6844   RPM=-37.1488   CDF=0.0000
		Vel=43.6459   RPM=-36.9891   CDF=0.0000
		Vel=43.6073   RPM=-36.8226   CDF=0.0000
		Vel=43.5686   RPM=-36.6503   CDF=0.0000
		Vel=43.5297   RPM=-36.4728   CDF=0.0000
		Vel=43.4907   RPM=-36.2907   CDF=0.0000
		Vel=43.4516   RPM=-36.1047   CDF=0.0000
		Vel=43.4123   RPM=-35.9153   CDF=0.0000
		Vel=43.3729   RPM=-35.7229   CDF=0.0000
		Vel=43.3334   RPM=-35.5281   CDF=0.0000
		Vel=43.2937   RPM=-35.3312   CDF=0.0000
		Vel=43.2539   RPM=-35.1326   CDF=0.0000
		Vel=43.2140   RPM=-34.9325   CDF=0.0000
		Vel=43.1740   RPM=-34.7314   CDF=0.0000
		Vel=43.1339   RPM=-34.5293   CDF=0.0000
		Vel=43.0936   RPM=-34.3267   CDF=0.0000
		Vel=43.0532   RPM=-34.1237   CDF=0.0000
		Vel=43.0127   RPM=-33.9204   CDF=0.0000
		Vel=42.9721   RPM=-33.7171   CDF=0.0000
		Vel=42.9314   RPM=-33.5139   CDF=0.0000
		Vel=42.8905   RPM=-33.3110   CDF=0.0000
		Vel=42.8496   RPM=-33.1084   CDF=0.0000
		Vel=42.8086   RPM=-32.9063   CDF=0.0000
		Vel=42.7674   RPM=-32.7048   CDF=0.0000
		Vel=42.7262   RPM=-32.5040   CDF=0.0000
		Vel=42.6848   RPM=-32.3040   CDF=0.0000
		Vel=42.6433   RPM=-32.1047   CDF=0.0000
		Vel=42.6018   RPM=-31.9064   CDF=0.0000
		Vel=42.5601   RPM=-31.7089   CDF=0.0000
		Vel=42.5184   RPM=-31.5125   CDF=0.0000
		Vel=42.4765   RPM=-31.3171   CDF=0.0000
		Vel=42.4346   RPM=-31.1228   CDF=0.0000
		Vel=42.3926   RPM=-30.9295   CDF=0.0000
		Vel=42.3505   RPM=-30.7374   CDF=0.0000
		Vel=42.3082   RPM=-30.5464   CDF=0.0000
		Vel=42.2659   RPM=-30.3566   CDF=0.0000
		Vel=42.2236   RPM=-30.1680   CDF=0.0000
		Vel=42.1811   RPM=-29.9806   CDF=0.0000
		Vel=42.1385   RPM=-29.7944   CDF=0.0000
		Vel=42.0959   RPM=-29.6094   CDF=0.0000
		Vel=42.0532   RPM=-29.4256   CDF=0.0000
		Vel=42.0104   RPM=-29.2430   CDF=0.0000
		Vel=41.9675   RPM=-29.0617   CDF=0.0000
		Vel=41.9246   RPM=-28.8816   CDF=0.0000
		Vel=41.8816   RPM=-28.7028   CDF=0.0000
		Vel=41.8385   RPM=-28.5252   CDF=0.0000
		Vel=41.7953   RPM=-28.3488   CDF=0.0000
		Vel=41.7521   RPM=-28.1736   CDF=0.0000
		Vel=41.7088   RPM=-27.9997   CDF=0.0000
		Vel=41.6655   RPM=-27.8270   CDF=0.0000
		Vel=41.6221   RPM=-27.6555   CDF=0.0000
		Vel=41.5787   RPM=-27.4852   CDF=0.0000
		Vel=41.5352   RPM=-27.3161   CDF=0.0000
		Vel=41.4916   RPM=-27.1483   CDF=0.0000
		Vel=41.4480   RPM=-26.9816   CDF=0.0000
		Vel=41.4044   RPM=-26.8160   CDF=0.0000
		Vel=41.3607   RPM=-26.6517   CDF=0.0000
		Vel=41.3170   RPM=-26.4885   CDF=0.0000
		Vel=41.2732   RPM=-26.3265   CDF=0.0000
		Vel=41.2294   RPM=-26.1657   CDF=0.0000
		Vel=41.1856   RPM=-26.0059   CDF=0.0000
		Vel=41.1417   RPM=-25.8473   CDF=0.0000
		Vel=41.0978   RPM=-25.6899   CDF=0.0000
		Vel=41.0539   RPM=-25.5335   CDF=0.0000
		Vel=41.0099   RPM=-25.3783   CDF=0.0000
		Vel=40.9659   RPM=-25.2241   CDF=0.0000
		Vel=40.9219   RPM=-25.0711   CDF=0.0000
		Vel=40.8779   RPM=-24.9191   CDF=0.0000
		Vel=40.8339   RPM=-24.7682   CDF=0.0000
		Vel=40.7898   RPM=-24.6183   CDF=0.0000
		Vel=40.7457   RPM=-24.4696   CDF=0.0000
		Vel=40.7017   RPM=-24.3218   CDF=0.0000
		Vel=40.6576   RPM=-24.1751   CDF=0.0000
		Vel=40.6135   RPM=-24.0294   CDF=0.0000
		Vel=40.5694   RPM=-23.8847   CDF=0.0000
		Vel=40.5254   RPM=-23.7411   CDF=0.0000
		Vel=40.4813   RPM=-23.5984   CDF=0.0000
		Vel=40.4372   RPM=-23.4567   CDF=0.0000
		Vel=40.3932   RPM=-23.3161   CDF=0.0000
		Vel=40.3491   RPM=-23.1763   CDF=0.0000
		Vel=40.3051   RPM=-23.0376   CDF=0.0000
		Vel=40.2611   RPM=-22.8998   CDF=0.0000
		Vel=40.2171   RPM=-22.7630   CDF=0.0000
		Vel=40.1731   RPM=-22.6271   CDF=0.0000
		Vel=40.1291   RPM=-22.4921   CDF=0.0000
		Vel=40.0851   RPM=-22.3581   CDF=0.0000
		Vel=40.0412   RPM=-22.2250   CDF=0.0000
		Vel=39.9973   RPM=-22.0928   CDF=0.0000
		Vel=39.9534   RPM=-21.9615   CDF=0.0000
		Vel=39.9095   RPM=-21.8310   CDF=0.0000
		Vel=39.8656   RPM=-21.7015   CDF=0.0000
		Vel=39.8218   RPM=-21.5729   CDF=0.0000
		Vel=39.7781   RPM=-21.4451   CDF=0.0000
		Vel=39.7343   RPM=-21.3182   CDF=0.0000
		Vel=39.6906   RPM=-21.1921   CDF=0.0000
		Vel=39.6470   RPM=-21.0669   CDF=0.0000
		Vel=39.6033   RPM=-20.9426   CDF=0.0000
		Vel=39.5598   RPM=-20.8191   CDF=0.0000
		Vel=39.5163   RPM=-20.6964   CDF=0.0000
		Vel=39.4728   RPM=-20.5745   CDF=0.0000
		Vel=39.4294   RPM=-20.4534   CDF=0.0000
		Vel=39.3860   RPM=-20.3332   CDF=0.0000
		Vel=39.3427   RPM=-20.2137   CDF=0.0000
		Vel=39.2995   RPM=-20.0951   CDF=0.0000
		Vel=39.2563   RPM=-19.9772   CDF=0.0000
		Vel=39.2132   RPM=-19.8601   CDF=0.0000
		Vel=39.1701   RPM=-19.7438   CDF=0.0000
		Vel=39.1271   RPM=-19.6283   CDF=0.0000
		Vel=39.0841   RPM=-19.5135   CDF=0.0000
		Vel=39.0413   RPM=-19.3995   CDF=0.0000
		Vel=38.9985   RPM=-19.2862   CDF=0.0000
		Vel=38.9557   RPM=-19.1737   CDF=0.0000
		Vel=38.9130   RPM=-19.0619   CDF=0.0000
		Vel=38.8704   RPM=-18.9509   CDF=0.0000
		Vel=38.8279   RPM=-18.8406   CDF=0.0000
		Vel=38.7854   RPM=-18.7310   CDF=0.0000
		Vel=38.7430   RPM=-18.6221   CDF=0.0000
		Vel=38.7007   RPM=-18.5139   CDF=0.0000
		Vel=38.6584   RPM=-18.4064   CDF=0.0000
		Vel=38.6162   RPM=-18.2996   CDF=0.0000
		Vel=38.5741   RPM=-18.1936   CDF=0.0000
		Vel=38.5320   RPM=-18.0882   CDF=0.0000
		Vel=38.4900   RPM=-17.9834   CDF=0.0000
		Vel=38.4481   RPM=-17.8794   CDF=0.0000
		Vel=38.4062   RPM=-17.7760   CDF=0.0000
		Vel=38.3644   RPM=-17.6733   CDF=0.0000
		Vel=38.3227   RPM=-17.5713   CDF=0.0000
		Vel=38.2810   RPM=-17.4699   CDF=0.0000
		Vel=38.2395   RPM=-17.3692   CDF=0.0000
		Vel=38.1980   RPM=-17.2691   CDF=0.0000
		Vel=38.1565   RPM=-17.1697   CDF=0.0000
		Vel=38.1151   RPM=-17.0708   CDF=0.0000
		Vel=38.0738   RPM=-16.9727   CDF=0.0000
		Vel=38.0326   RPM=-16.8751   CDF=0.0000
		Vel=37.9914   RPM=-16.7782   CDF=0.0000
		Vel=37.9503   RPM=-16.6819   CDF=0.0000
		Vel=37.9093   RPM=-16.5862   CDF=0.0000
		Vel=37.8683   RPM=-16.4911   CDF=0.0000
		Vel=37.8274   RPM=-16.3966   CDF=0.0000
		Vel=37.7866   RPM=-16.3027   CDF=0.0000
		Vel=37.7458   RPM=-16.2094   CDF=0.0000
		Vel=37.7051   RPM=-16.1166   CDF=0.0000
		Vel=37.6645   RPM=-16.0245   CDF=0.0000
		Vel=37.6239   RPM=-15.9330   CDF=0.0000
		Vel=37.5834   RPM=-15.8420   CDF=0.0000
		Vel=37.5429   RPM=-15.7516   CDF=0.0000
		Vel=37.5026   RPM=-15.6617   CDF=0.0000
		Vel=37.4622   RPM=-15.5725   CDF=0.0000
		Vel=37.4220   RPM=-15.4838   CDF=0.0000
		Vel=37.3818   RPM=-15.3956   CDF=0.0000
		Vel=37.3416   RPM=-15.3080   CDF=0.0000
		Vel=37.3015   RPM=-15.2209   CDF=0.0000
		Vel=37.2615   RPM=-15.1344   CDF=0.0000
		Vel=37.2215   RPM=-15.0484   CDF=0.0000
		Vel=37.1816   RPM=-14.9630   CDF=0.0000
		Vel=37.1417   RPM=-14.8781   CDF=0.0000
		Vel=37.1019   RPM=-14.7937   CDF=0.0000
		Vel=37.0622   RPM=-14.7098   CDF=0.0000
		Vel=37.0225   RPM=-14.6265   CDF=0.0000
		Vel=36.9828   RPM=-14.5436   CDF=0.0000
		Vel=36.9432   RPM=-14.4613   CDF=0.0000
		Vel=36.9036   RPM=-14.3795   CDF=0.0000
		Vel=36.8641   RPM=-14.2982   CDF=0.0000
		Vel=36.8246   RPM=-14.2174   CDF=0.0000
		Vel=36.7852   RPM=-14.1371   CDF=0.0000
		Vel=36.7458   RPM=-14.0573   CDF=0.0000
		Vel=36.7065   RPM=-13.9779   CDF=0.0000
		Vel=36.6672   RPM=-13.8991   CDF=0.0000
		Vel=36.6279   RPM=-13.8208   CDF=0.0000
		Vel=36.5887   RPM=-13.7429   CDF=0.0000
		Vel=36.5495   RPM=-13.6655   CDF=0.0000
		Vel=36.5103   RPM=-13.5886   CDF=0.0000
		Vel=36.4712   RPM=-13.5121   CDF=0.0000
		Vel=36.4321   RPM=-13.4361   CDF=0.0000
		Vel=36.3930   RPM=-13.3606   CDF=0.0000
		Vel=36.3540   RPM=-13.2855   CDF=0.0000
		Vel=36.3149   RPM=-13.2109   CDF=0.0000
		Vel=36.2760   RPM=-13.1367   CDF=0.0000
		Vel=36.2370   RPM=-13.0630   CDF=0.0000
		Vel=36.1980   RPM=-12.9898   CDF=0.0000
		Vel=36.1591   RPM=-12.9170   CDF=0.0000
		Vel=36.1202   RPM=-12.8446   CDF=0.0000
		Vel=36.0813   RPM=-12.7726   CDF=0.0000
		Vel=36.0424   RPM=-12.7011   CDF=0.0000
		Vel=36.0036   RPM=-12.6301   CDF=0.0000
		Vel=35.9647   RPM=-12.5594   CDF=0.0000
		Vel=35.9259   RPM=-12.4892   CDF=0.0000
		Vel=35.8871   RPM=-12.4194   CDF=0.0000
		Vel=35.8482   RPM=-12.3500   CDF=0.0000
		Vel=35.8094   RPM=-12.2811   CDF=0.0000
		Vel=35.7706   RPM=-12.2125   CDF=0.0000
		Vel=35.7318   RPM=-12.1444   CDF=0.0000
		Vel=35.6930   RPM=-12.0767   CDF=0.0000
		Vel=35.6541   RPM=-12.0093   CDF=0.0000
		Vel=35.6153   RPM=-11.9424   CDF=0.0000
		Vel=35.5765   RPM=-11.8759   CDF=0.0000
		Vel=35.5376   RPM=-11.8098   CDF=0.0000
		Vel=35.4988   RPM=-11.7441   CDF=0.0000
		Vel=35.4599   RPM=-11.6787   CDF=0.0000
		Vel=35.4211   RPM=-11.6138   CDF=0.0000
		Vel=35.3822   RPM=-11.5492   CDF=0.0000
		Vel=35.3433   RPM=-11.4851   CDF=0.0000
		Vel=35.3044   RPM=-11.4213   CDF=0.0000
		Vel=35.2654   RPM=-11.3579   CDF=0.0000
		Vel=35.2265   RPM=-11.2948   CDF=0.0000
		Vel=35.1875   RPM=-11.2322   CDF=0.0000
		Vel=35.1485   RPM=-11.1699   CDF=0.0000
		Vel=35.1095   RPM=-11.1080   CDF=0.0000
		Vel=35.0705   RPM=-11.0464   CDF=0.0000
		Vel=35.0314   RPM=-10.9852   CDF=0.0000
		Vel=34.9923   RPM=-10.9244   CDF=0.0000
		Vel=34.9532   RPM=-10.8639   CDF=0.0000
		Vel=34.9141   RPM=-10.8038   CDF=0.0000
		Vel=34.8749   RPM=-10.7440   CDF=0.0000
		Vel=34.8357   RPM=-10.6846   CDF=0.0000
		Vel=34.7965   RPM=-10.6256   CDF=0.0000
		Vel=34.7573   RPM=-10.5669   CDF=0.0000
		Vel=34.7180   RPM=-10.5085   CDF=0.0000
		Vel=34.6787   RPM=-10.4505   CDF=0.0000
		Vel=34.6394   RPM=-10.3928   CDF=0.0000
		Vel=34.6000   RPM=-10.3355   CDF=0.0000
		Vel=34.5607   RPM=-10.2784   CDF=0.0000
		Vel=34.5212   RPM=-10.2218   CDF=0.0000
		Vel=34.4818   RPM=-10.1654   CDF=0.0000
		Vel=34.4423   RPM=-10.1094   CDF=0.0000
		Vel=34.4028   RPM=-10.0537   CDF=0.0000
		Vel=34.3633   RPM=-9.9984   CDF=0.0000
		Vel=34.3237   RPM=-9.9433   CDF=0.0000
		Vel=34.2841   RPM=-9.8886   CDF=0.0000
		Vel=34.2444   RPM=-9.8342   CDF=0.0000
		Vel=34.2047   RPM=-9.7802   CDF=0.0000
		Vel=34.1650   RPM=-9.7264   CDF=0.0000
		Vel=34.1252   RPM=-9.6729   CDF=0.0000
		Vel=34.0854   RPM=-9.6198   CDF=0.0000
		Vel=34.0456   RPM=-9.5670   CDF=0.0000
		Vel=34.0057   RPM=-9.5144   CDF=0.0000
		Vel=33.9657   RPM=-9.4622   CDF=0.0000
		Vel=33.9257   RPM=-9.4103   CDF=0.0000
		Vel=33.8857   RPM=-9.3587   CDF=0.0000
		Vel=33.8456   RPM=-9.3074   CDF=0.0000
		Vel=33.8055   RPM=-9.2564   CDF=0.0000
		Vel=33.7653   RPM=-9.2056   CDF=0.0000
		Vel=33.7251   RPM=-9.1552   CDF=0.0000
		Vel=33.6848   RPM=-9.1051   CDF=0.0000
		Vel=33.6445   RPM=-9.0552   CDF=0.0000
		Vel=33.6041   RPM=-9.0056   CDF=0.0000
		Vel=33.5636   RPM=-8.9564   CDF=0.0000
		Vel=33.5231   RPM=-8.9074   CDF=0.0000
		Vel=33.4826   RPM=-8.8587   CDF=0.0000
		Vel=33.4420   RPM=-8.8102   CDF=0.0000
		Vel=33.4013   RPM=-8.7621   CDF=0.0000
		Vel=33.3606   RPM=-8.7142   CDF=0.0000
		Vel=33.3198   RPM=-8.6666   CDF=0.0000
		Vel=33.2789   RPM=-8.6193   CDF=0.0000
		Vel=33.2380   RPM=-8.5722   CDF=0.0000
		Vel=33.1970   RPM=-8.5254   CDF=0.0000
		Vel=33.1560   RPM=-8.4789   CDF=0.0000
		Vel=33.1149   RPM=-8.4327   CDF=0.0000
		Vel=33.0738   RPM=-8.3867   CDF=0.0000
		Vel=33.0326   RPM=-8.3410   CDF=0.0000
		Vel=32.9913   RPM=-8.2955   CDF=0.0000
		Vel=32.9500   RPM=-8.2503   CDF=0.0000
		Vel=32.9086   RPM=-8.2054   CDF=0.0000
		Vel=32.8672   RPM=-8.1607   CDF=0.0000
		Vel=32.8257   RPM=-8.1163   CDF=0.0000
		Vel=32.7841   RPM=-8.0721   CDF=0.0000
		Vel=32.7425   RPM=-8.0282   CDF=0.0000
		Vel=32.7008   RPM=-7.9845   CDF=0.0000
		Vel=32.6591   RPM=-7.9411   CDF=0.0000
		Vel=32.6173   RPM=-7.8979   CDF=0.0000
		Vel=32.5754   RPM=-7.8549   CDF=0.0000
		Vel=32.5335   RPM=-7.8123   CDF=0.0000
		Vel=32.4916   RPM=-7.7698   CDF=0.0000
		Vel=32.4496   RPM=-7.7276   CDF=0.0000
		Vel=32.4075   RPM=-7.6856   CDF=0.0000
		Vel=32.3654   RPM=-7.6439   CDF=0.0000
		Vel=32.3233   RPM=-7.6024   CDF=0.0000
		Vel=32.2811   RPM=-7.5612   CDF=0.0000
		Vel=32.2388   RPM=-7.5202   CDF=0.0000
		Vel=32.1965   RPM=-7.4794   CDF=0.0000
		Vel=32.1542   RPM=-7.4388   CDF=0.0000
		Vel=32.1118   RPM=-7.3985   CDF=0.0000
		Vel=32.0693   RPM=-7.3584   CDF=0.0000
		Vel=32.0269   RPM=-7.3185   CDF=0.0000
		Vel=31.9843   RPM=-7.2789   CDF=0.0000
		Vel=31.9418   RPM=-7.2394   CDF=0.0000
		Vel=31.8992   RPM=-7.2002   CDF=0.0000
		Vel=31.8565   RPM=-7.1613   CDF=0.0000
		Vel=31.8139   RPM=-7.1225   CDF=0.0000
		Vel=31.7711   RPM=-7.0840   CDF=0.0000
		Vel=31.7284   RPM=-7.0456   CDF=0.0000
		Vel=31.6856   RPM=-7.0075   CDF=0.0000
		Vel=31.6428   RPM=-6.9696   CDF=0.0000
		Vel=31.5999   RPM=-6.9320   CDF=0.0000
		Vel=31.5571   RPM=-6.8945   CDF=0.0000
		Vel=31.5141   RPM=-6.8572   CDF=0.0000
		Vel=31.4712   RPM=-6.8202   CDF=0.0000
		Vel=31.4282   RPM=-6.7834   CDF=0.0000
		Vel=31.3852   RPM=-6.7467   CDF=0.0000
		Vel=31.3422   RPM=-6.7103   CDF=0.0000
		Vel=31.2992   RPM=-6.6741   CDF=0.0000
		Vel=31.2561   RPM=-6.6381   CDF=0.0000
		Vel=31.2130   RPM=-6.6022   CDF=0.0000
		Vel=31.1699   RPM=-6.5666   CDF=0.0000
		Vel=31.1267   RPM=-6.5312   CDF=0.0000
		Vel=31.0836   RPM=-6.4960   CDF=0.0000
		Vel=31.0404   RPM=-6.4610   CDF=0.0000
		Vel=30.9972   RPM=-6.4261   CDF=0.0000
		Vel=30.9540   RPM=-6.3915   CDF=0.0000
		Vel=30.9108   RPM=-6.3571   CDF=0.0000
		Vel=30.8676   RPM=-6.3228   CDF=0.0000
		Vel=30.8243   RPM=-6.2888   CDF=0.0000
		Vel=30.7810   RPM=-6.2549   CDF=0.0000
		Vel=30.7378   RPM=-6.2212   CDF=0.0000
		Vel=30.6945   RPM=-6.1878   CDF=0.0000
		Vel=30.6512   RPM=-6.1545   CDF=0.0000
		Vel=30.6079   RPM=-6.1213   CDF=0.0000
		Vel=30.5646   RPM=-6.0884   CDF=0.0000
		Vel=30.5213   RPM=-6.0557   CDF=0.0000
		Vel=30.4780   RPM=-6.0231   CDF=0.0000
		Vel=30.4347   RPM=-5.9907   CDF=0.0000
		Vel=30.3914   RPM=-5.9585   CDF=0.0000
		Vel=30.3481   RPM=-5.9265   CDF=0.0000
		Vel=30.3048   RPM=-5.8947   CDF=0.0000
		Vel=30.2615   RPM=-5.8630   CDF=0.0000
		Vel=30.2182   RPM=-5.8315   CDF=0.0000
		Vel=30.1749   RPM=-5.8002   CDF=0.0000
		Vel=30.1317   RPM=-5.7690   CDF=0.0000
		Vel=30.0884   RPM=-5.7381   CDF=0.0000
		Vel=30.0452   RPM=-5.7073   CDF=0.0000
		Vel=30.0020   RPM=-5.6766   CDF=0.0000
		Vel=29.9588   RPM=-5.6462   CDF=0.0000
		Vel=29.9157   RPM=-5.6159   CDF=0.0000
		Vel=29.8725   RPM=-5.5858   CDF=0.0000
		Vel=29.8294   RPM=-5.5558   CDF=0.0000
		Vel=29.7863   RPM=-5.5260   CDF=0.0000
		Vel=29.7433   RPM=-5.4964   CDF=0.0000
		Vel=29.7002   RPM=-5.4669   CDF=0.0000
		Vel=29.6572   RPM=-5.4376   CDF=0.0000
		Vel=29.6143   RPM=-5.4085   CDF=0.0000
		Vel=29.5714   RPM=-5.3795   CDF=0.0000
		Vel=29.5285   RPM=-5.3507   CDF=0.0000
		Vel=29.4856   RPM=-5.3221   CDF=0.0000
		Vel=29.4428   RPM=-5.2936   CDF=0.0000
		Vel=29.4000   RPM=-5.2652   CDF=0.0000
		Vel=29.3573   RPM=-5.2370   CDF=0.0000
		Vel=29.3146   RPM=-5.2090   CDF=0.0000
		Vel=29.2720   RPM=-5.1811   CDF=0.0000
		Vel=29.2294   RPM=-5.1534   CDF=0.0000
		Vel=29.1869   RPM=-5.1259   CDF=0.0000
		Vel=29.1444   RPM=-5.0984   CDF=0.0000
		Vel=29.1019   RPM=-5.0712   CDF=0.0000
		Vel=29.0595   RPM=-5.0441   CDF=0.0000
		Vel=29.0171   RPM=-5.0171   CDF=0.0000
		Vel=28.9748   RPM=-4.9903   CDF=0.0000
		Vel=28.9326   RPM=-4.9636   CDF=0.0000
		Vel=28.8904   RPM=-4.9371   CDF=0.0000
		Vel=28.8482   RPM=-4.9107   CDF=0.0000
		Vel=28.8061   RPM=-4.8845   CDF=0.0000
		Vel=28.7640   RPM=-4.8584   CDF=0.0000
		Vel=28.7220   RPM=-4.8325   CDF=0.0000
		Vel=28.6801   RPM=-4.8067   CDF=0.0000
		Vel=28.6382   RPM=-4.7810   CDF=0.0000
		Vel=28.5963   RPM=-4.7555   CDF=0.0000
		Vel=28.5546   RPM=-4.7301   CDF=0.0000
		Vel=28.5128   RPM=-4.7049   CDF=0.0000
		Vel=28.4711   RPM=-4.6798   CDF=0.0000
		Vel=28.4295   RPM=-4.6548   CDF=0.0000
		Vel=28.3879   RPM=-4.6300   CDF=0.0000
		Vel=28.3464   RPM=-4.6053   CDF=0.0000
		Vel=28.3049   RPM=-4.5807   CDF=0.0000
		Vel=28.2635   RPM=-4.5563   CDF=0.0000
		Vel=28.2221   RPM=-4.5320   CDF=0.0000
		Vel=28.1808   RPM=-4.5078   CDF=0.0000
		Vel=28.1395   RPM=-4.4838   CDF=0.0000
		Vel=28.0983   RPM=-4.4599   CDF=0.0000
		Vel=28.0572   RPM=-4.4362   CDF=0.0000
		Vel=28.0161   RPM=-4.4125   CDF=0.0000
		Vel=27.9750   RPM=-4.3890   CDF=0.0000
		Vel=27.9340   RPM=-4.3657   CDF=0.0000
		Vel=27.8931   RPM=-4.3424   CDF=0.0000
		Vel=27.8522   RPM=-4.3193   CDF=0.0000
		Vel=27.8113   RPM=-4.2963   CDF=0.0000
		Vel=27.7706   RPM=-4.2734   CDF=0.0000
		Vel=27.7298   RPM=-4.2507   CDF=0.0000
		Vel=27.6891   RPM=-4.2281   CDF=0.0000
		Vel=27.6485   RPM=-4.2056   CDF=0.0000
		Vel=27.6079   RPM=-4.1832   CDF=0.0000
		Vel=27.5674   RPM=-4.1609   CDF=0.0000
		Vel=27.5269   RPM=-4.1388   CDF=0.0000
		Vel=27.4864   RPM=-4.1168   CDF=0.0000
		Vel=27.4460   RPM=-4.0949   CDF=0.0000
		Vel=27.4057   RPM=-4.0731   CDF=0.0000
		Vel=27.3654   RPM=-4.0515   CDF=0.0000
		Vel=27.3252   RPM=-4.0300   CDF=0.0000
		Vel=27.2850   RPM=-4.0085   CDF=0.0000
		Vel=27.2448   RPM=-3.9872   CDF=0.0000
		Vel=27.2047   RPM=-3.9660   CDF=0.0000
		Vel=27.1646   RPM=-3.9450   CDF=0.0000
		Vel=27.1246   RPM=-3.9240   CDF=0.0000
		Vel=27.0846   RPM=-3.9032   CDF=0.0000
		Vel=27.0447   RPM=-3.8825   CDF=0.0000
		Vel=27.0048   RPM=-3.8618   CDF=0.0000
		Vel=26.9649   RPM=-3.8413   CDF=0.0000
		Vel=26.9251   RPM=-3.8209   CDF=0.0000
		Vel=26.8853   RPM=-3.8007   CDF=0.0000
		Vel=26.8455   RPM=-3.7805   CDF=0.0000
		Vel=26.8058   RPM=-3.7604   CDF=0.0000
		Vel=26.7662   RPM=-3.7405   CDF=0.0000
		Vel=26.7265   RPM=-3.7206   CDF=0.0000
		Vel=26.6869   RPM=-3.7009   CDF=0.0000
		Vel=26.6473   RPM=-3.6812   CDF=0.0000
		Vel=26.6078   RPM=-3.6617   CDF=0.0000
		Vel=26.5683   RPM=-3.6423   CDF=0.0000
		Vel=26.5288   RPM=-3.6230   CDF=0.0000
		Vel=26.4894   RPM=-3.6038   CDF=0.0000
		Vel=26.4499   RPM=-3.5847   CDF=0.0000
		Vel=26.4105   RPM=-3.5657   CDF=0.0000
		Vel=26.3712   RPM=-3.5468   CDF=0.0000
		Vel=26.3318   RPM=-3.5280   CDF=0.0000
		Vel=26.2925   RPM=-3.5093   CDF=0.0000
		Vel=26.2532   RPM=-3.4907   CDF=0.0000
		Vel=26.2139   RPM=-3.4722   CDF=0.0000
		Vel=26.1746   RPM=-3.4538   CDF=0.0000
		Vel=26.1354   RPM=-3.4355   CDF=0.0000
		Vel=26.0961   RPM=-3.4173   CDF=0.0000
		Vel=26.0569   RPM=-3.3992   CDF=0.0000
		Vel=26.0177   RPM=-3.3812   CDF=0.0000
		Vel=25.9785   RPM=-3.3633   CDF=0.0000
		Vel=25.9394   RPM=-3.3455   CDF=0.0000
		Vel=25.9002   RPM=-3.0838   CDF=0.0000
		Vel=25.8611   RPM=0.9568   CDF=0.0000
		Vel=25.8219   RPM=5.4388   CDF=0.0000
		Vel=25.7828   RPM=9.8858   CDF=0.0000
		Vel=25.7436   RPM=14.3327   CDF=0.0000
		Vel=25.7045   RPM=18.7797   CDF=0.0000
		Vel=25.6654   RPM=23.2267   CDF=0.0000
		Vel=25.6263   RPM=27.6736   CDF=0.0000
		Vel=25.5872   RPM=32.1206   CDF=0.0000
		Vel=25.5481   RPM=36.5676   CDF=0.0000
		Vel=25.5089   RPM=41.0145   CDF=0.0000
		Vel=25.4698   RPM=45.4615   CDF=0.0000
		Vel=25.4307   RPM=49.9085   CDF=0.0000
		Vel=25.3916   RPM=54.3554   CDF=0.0000
		Vel=25.3524   RPM=58.8024   CDF=0.0000
		Vel=25.3133   RPM=63.2494   CDF=0.0000
		Vel=25.2742   RPM=67.6963   CDF=0.0000
		Vel=25.2350   RPM=72.1433   CDF=0.0000
		Vel=25.1958   RPM=76.5903   CDF=0.0000
		Vel=25.1567   RPM=81.0372   CDF=0.0000
		Vel=25.1175   RPM=85.4842   CDF=0.0000
		Vel=25.0783   RPM=89.9312   CDF=0.0000
		Vel=25.0391   RPM=94.3782   CDF=0.0000
		Vel=24.9999   RPM=98.8251   CDF=0.0000
		Vel=24.9606   RPM=103.2721   CDF=0.0000
		Vel=24.9214   RPM=107.7191   CDF=0.0000
		Vel=24.8821   RPM=112.1660   CDF=0.0000
		Vel=24.8428   RPM=116.6130   CDF=0.0000
		Vel=24.8035   RPM=121.0600   CDF=0.0000
		Vel=24.7642   RPM=125.5069   CDF=0.0000
		Vel=24.7249   RPM=129.9539   CDF=0.0000
		Vel=24.6855   RPM=134.4009   CDF=0.0000
		Vel=24.6461   RPM=138.8478   CDF=0.0000
		Vel=24.6067   RPM=143.2948   CDF=0.0000
		Vel=24.5673   RPM=147.7418   CDF=0.0000
		Vel=24.5279   RPM=152.1887   CDF=0.0000
		Vel=24.4885   RPM=156.6357   CDF=0.0000
		Vel=24.4490   RPM=161.0827   CDF=0.0000
		Vel=24.4095   RPM=165.5296   CDF=0.0000
		Vel=24.3700   RPM=169.9766   CDF=0.0000
		Vel=24.3305   RPM=174.4236   CDF=0.0000
		Vel=24.2909   RPM=178.8705   CDF=0.0000
		Vel=24.2513   RPM=183.3175   CDF=0.0000
		Vel=24.2117   RPM=187.7645   CDF=0.0000
		Vel=24.1721   RPM=192.2115   CDF=0.0000
		Vel=24.1324   RPM=196.6584   CDF=0.0000
		Vel=24.0928   RPM=201.1054   CDF=0.0000
		Vel=24.0531   RPM=205.5524   CDF=0.0000
		Vel=24.0133   RPM=209.9993   CDF=0.0000
		Vel=23.9736   RPM=214.4463   CDF=0.0000
		Vel=23.9338   RPM=218.8933   CDF=0.0000
		Vel=23.8940   RPM=223.3402   CDF=0.0000
		Vel=23.8541   RPM=227.7872   CDF=0.0000
		Vel=23.8142   RPM=232.2342   CDF=0.0000
		Vel=23.7743   RPM=236.6811   CDF=0.0000
		Vel=23.7344   RPM=241.1281   CDF=0.0000
		Vel=23.6944   RPM=245.5751   CDF=0.0000
		Vel=23.6544   RPM=250.0220   CDF=0.0000
		Vel=23.6143   RPM=254.4690   CDF=0.0000
		Vel=23.5742   RPM=258.9160   CDF=0.0000
		Vel=23.5341   RPM=263.3629   CDF=0.0000
		Vel=23.4939   RPM=267.8099   CDF=0.0000
		Vel=23.4537   RPM=272.2569   CDF=0.0000
		Vel=23.4135   RPM=276.7038   CDF=0.0000
		Vel=23.3732   RPM=281.1508   CDF=0.0000
		Vel=23.3329   RPM=285.5978   CDF=0.0000
		Vel=23.2925   RPM=290.0447   CDF=0.0000
		Vel=23.2521   RPM=294.4917   CDF=0.0000
		Vel=23.2117   RPM=298.9387   CDF=0.0000
		Vel=23.1712   RPM=303.3857   CDF=0.0000
		Vel=23.1307   RPM=307.8326   CDF=0.0000
		Vel=23.0901   RPM=312.2796   CDF=0.0000
		Vel=23.0495   RPM=316.7266   CDF=0.0000
		Vel=23.0088   RPM=321.1735   CDF=0.0000
		Vel=22.9681   RPM=325.6204   CDF=0.0000
		Vel=22.9274   RPM=330.0656   CDF=0.0000
		Vel=22.8866   RPM=334.5086   CDF=0.0000
		Vel=22.8458   RPM=338.9493   CDF=0.0000
		Vel=22.8049   RPM=343.3879   CDF=0.0000
		Vel=22.7640   RPM=347.8242   CDF=0.0000
		Vel=22.7230   RPM=352.2583   CDF=0.0000
		Vel=22.6820   RPM=356.6899   CDF=0.0000
		Vel=22.6410   RPM=361.1129   CDF=0.0000
		Vel=22.5999   RPM=365.5249   CDF=0.0000
		Vel=22.5588   RPM=369.9260   CDF=0.0000
		Vel=22.5176   RPM=374.3163   CDF=0.0000
		Vel=22.4764   RPM=378.6957   CDF=0.0000
		Vel=22.4351   RPM=383.0644   CDF=0.0000
		Vel=22.3938   RPM=387.4223   CDF=0.0000
		Vel=22.3525   RPM=391.7695   CDF=0.0000
		Vel=22.3111   RPM=396.1059   CDF=0.0000
		Vel=22.2697   RPM=400.4316   CDF=0.0000
		Vel=22.2283   RPM=404.7467   CDF=0.0000
		Vel=22.1868   RPM=409.0512   CDF=0.0000
		Vel=22.1453   RPM=413.3450   CDF=0.0000
		Vel=22.1038   RPM=417.6283   CDF=0.0000
		Vel=22.0622   RPM=421.9020   CDF=0.0000
		Vel=22.0205   RPM=426.1673   CDF=0.0000
		Vel=21.9789   RPM=430.4242   CDF=0.0000
		Vel=21.9372   RPM=434.6727   CDF=0.0000
		Vel=21.8955   RPM=438.9129   CDF=0.0000
		Vel=21.8537   RPM=443.1447   CDF=0.0000
		Vel=21.8120   RPM=447.3682   CDF=0.0000
		Vel=21.7702   RPM=451.5841   CDF=0.0000
		Vel=21.7283   RPM=455.7945   CDF=0.0000
		Vel=21.6865   RPM=459.9997   CDF=0.0000
		Vel=21.6446   RPM=464.1997   CDF=0.0000
		Vel=21.6027   RPM=468.3946   CDF=0.0000
		Vel=21.5607   RPM=472.5843   CDF=0.0000
		Vel=21.5188   RPM=476.7688   CDF=0.0000
		Vel=21.4768   RPM=480.9482   CDF=0.0000
		Vel=21.4347   RPM=485.1224   CDF=0.0000
		Vel=21.3927   RPM=489.2915   CDF=0.0000
		Vel=21.3506   RPM=493.4554   CDF=0.0000
		Vel=21.3086   RPM=497.6142   CDF=0.0000
		Vel=21.2665   RPM=501.7679   CDF=0.0000
		Vel=21.2243   RPM=505.9165   CDF=0.0000
		Vel=21.1822   RPM=510.0599   CDF=0.0000
		Vel=21.1401   RPM=514.1982   CDF=0.0000
		Vel=21.0979   RPM=518.3315   CDF=0.0000
		Vel=21.0557   RPM=522.4596   CDF=0.0000
		Vel=21.0135   RPM=526.5826   CDF=0.0000
		Vel=20.9713   RPM=530.7006   CDF=0.0000
		Vel=20.9290   RPM=534.8135   CDF=0.0000
		Vel=20.8868   RPM=538.9213   CDF=0.0000
		Vel=20.8445   RPM=543.0240   CDF=0.0000
		Vel=20.8023   RPM=547.1217   CDF=0.0000
		Vel=20.7600   RPM=551.2144   CDF=0.0000
		Vel=20.7177   RPM=555.3020   CDF=0.0000
		Vel=20.6754   RPM=559.3695   CDF=0.0000
		Vel=20.6331   RPM=559.6256   CDF=0.0000
		Vel=20.5908   RPM=558.9356   CDF=0.0000
		Vel=20.5485   RPM=558.2464   CDF=0.0000
		Vel=20.5061   RPM=557.5581   CDF=0.0000
		Vel=20.4638   RPM=546.5328   CDF=0.0000
		Vel=20.4215   RPM=533.9501   CDF=0.0000
		Vel=20.3691   RPM=522.5152   CDF=0.0000
		Vel=20.3232   RPM=512.1828   CDF=0.0000
		Vel=20.2830   RPM=505.8055   CDF=0.0000
		Vel=20.2481   RPM=506.1840   CDF=0.0000
		Vel=20.2237   RPM=509.7976   CDF=0.0000
		Vel=20.2073   RPM=514.2154   CDF=0.0000
		Vel=20.1951   RPM=518.8642   CDF=0.0000
		Vel=20.1856   RPM=523.6287   CDF=0.0000
		Vel=20.1771   RPM=528.4848   CDF=0.0000
		Vel=20.1663   RPM=533.4286   CDF=0.0000
		Vel=20.1515   RPM=538.4608   CDF=0.0000
		Vel=20.1328   RPM=543.5830   CDF=0.0000
		Vel=20.1106   RPM=548.7974   CDF=0.0000
		Vel=20.0858   RPM=554.1059   CDF=0.0000
		Vel=20.0594   RPM=559.5069   CDF=0.0000
		Vel=20.0331   RPM=564.9309   CDF=0.0000
		Vel=20.0090   RPM=570.2553   CDF=0.0000
		Vel=19.9879   RPM=575.3493   CDF=0.0000
		Vel=19.9695   RPM=580.0721   CDF=0.0000
		Vel=19.9533   RPM=584.2749   CDF=0.0000
		Vel=19.9381   RPM=587.7991   CDF=0.0000
		Vel=19.9226   RPM=590.4687   CDF=0.0000
		Vel=19.9054   RPM=592.0527   CDF=0.0000
		Vel=19.8860   RPM=592.5851   CDF=0.0000
		Vel=19.8645   RPM=593.1540   CDF=0.0000
		Vel=19.8414   RPM=593.7551   CDF=0.0000
		Vel=19.8177   RPM=594.3705   CDF=0.0000
		Vel=19.7941   RPM=594.9960   CDF=0.0000
		Vel=19.7713   RPM=595.6305   CDF=0.0000
		Vel=19.7495   RPM=596.2737   CDF=0.0000
		Vel=19.7286   RPM=596.9254   CDF=0.0000
		Vel=19.7079   RPM=597.5852   CDF=0.0000
		Vel=19.6869   RPM=598.2530   CDF=0.0000
		Vel=19.6652   RPM=598.9286   CDF=0.0000
		Vel=19.6425   RPM=599.6116   CDF=0.0000
		Vel=19.6189   RPM=600.3017   CDF=0.0000
		Vel=19.5946   RPM=600.9986   CDF=0.0000
		Vel=19.5700   RPM=601.7021   CDF=0.0000
		Vel=19.5454   RPM=602.4117   CDF=0.0000
		Vel=19.5212   RPM=603.1271   CDF=0.0000
		Vel=19.4973   RPM=603.8480   CDF=0.0000
		Vel=19.4738   RPM=604.5740   CDF=0.0000
		Vel=19.4505   RPM=605.3046   CDF=0.0000
		Vel=19.4271   RPM=606.0396   CDF=0.0000
		Vel=19.4035   RPM=606.7786   CDF=0.0000
		Vel=19.3796   RPM=607.5212   CDF=0.0000
		Vel=19.3554   RPM=608.2672   CDF=0.0000
		Vel=19.3309   RPM=609.0161   CDF=0.0000
		Vel=19.3064   RPM=609.4134   CDF=0.0000
		Vel=19.2819   RPM=607.9393   CDF=0.0000
		Vel=19.2575   RPM=605.8521   CDF=0.0000
		Vel=19.2292   RPM=603.6491   CDF=0.0000
		Vel=19.1983   RPM=601.4277   CDF=0.0000
		Vel=19.1654   RPM=599.2076   CDF=0.0000
		Vel=19.1307   RPM=596.9926   CDF=0.0000
		Vel=19.0946   RPM=594.7835   CDF=0.0000
		Vel=19.0572   RPM=592.5802   CDF=0.0000
		Vel=19.0189   RPM=590.3825   CDF=0.0000
		Vel=18.9796   RPM=588.1904   CDF=0.0000
		Vel=18.9396   RPM=586.0036   CDF=0.0000
		Vel=18.8990   RPM=583.8222   CDF=0.0000
		Vel=18.8578   RPM=581.6461   CDF=0.0000
		Vel=18.8162   RPM=579.4753   CDF=0.0000
		Vel=18.7741   RPM=577.3098   CDF=0.0000
		Vel=18.7318   RPM=575.1496   CDF=0.0000
		Vel=18.6892   RPM=572.9947   CDF=0.0000
		Vel=18.6463   RPM=570.8452   CDF=0.0000
		Vel=18.6032   RPM=568.7011   CDF=0.0000
		Vel=18.5600   RPM=566.5625   CDF=0.0000
		Vel=18.5165   RPM=564.4295   CDF=0.0000
		Vel=18.4730   RPM=562.3104   CDF=0.0000
		Vel=18.4293   RPM=560.2298   CDF=0.0000
		Vel=18.3854   RPM=558.1739   CDF=0.0000
		Vel=18.3415   RPM=556.1277   CDF=0.0000
		Vel=18.2975   RPM=554.0932   CDF=0.0000
		Vel=18.2534   RPM=552.2559   CDF=0.0000
		Vel=18.2092   RPM=550.6857   CDF=0.0000
		Vel=18.1649   RPM=549.3610   CDF=0.0000
		Vel=18.1205   RPM=548.2845   CDF=0.0000
		Vel=18.0760   RPM=547.4567   CDF=0.0000
		Vel=18.0315   RPM=546.8740   CDF=0.0000
		Vel=17.9868   RPM=546.5288   CDF=0.0000
		Vel=17.9421   RPM=546.4110   CDF=0.0000
		Vel=17.8973   RPM=546.5077   CDF=0.0000
		Vel=17.8524   RPM=546.8035   CDF=0.0000
		Vel=17.8075   RPM=547.2808   CDF=0.0000
		Vel=17.7625   RPM=547.9203   CDF=0.0000
		Vel=17.7174   RPM=548.7006   CDF=0.0000
		Vel=17.6723   RPM=549.5992   CDF=0.0000
		Vel=17.6272   RPM=550.5920   CDF=0.0000
		Vel=17.5820   RPM=551.6543   CDF=0.0000
		Vel=17.5368   RPM=552.7605   CDF=0.0000
		Vel=17.4916   RPM=553.8847   CDF=0.0000
		Vel=17.4463   RPM=555.0015   CDF=0.0000
		Vel=17.4011   RPM=556.0935   CDF=0.0000
		Vel=17.3558   RPM=557.1755   CDF=0.0000
		Vel=17.3106   RPM=558.2248   CDF=0.0000
		Vel=17.2654   RPM=559.2152   CDF=0.0000
		Vel=17.2202   RPM=560.1215   CDF=0.0000
		Vel=17.1750   RPM=560.9199   CDF=0.0000
		Vel=17.1298   RPM=561.5879   CDF=0.0000
		Vel=17.0847   RPM=562.1049   CDF=0.0000
		Vel=17.0396   RPM=562.4533   CDF=0.0000
		Vel=16.9945   RPM=562.6189   CDF=0.0000
		Vel=16.9494   RPM=562.5912   CDF=0.0000
		Vel=16.9044   RPM=562.3645   CDF=0.0000
		Vel=16.8594   RPM=561.9380   CDF=0.0000
		Vel=16.8145   RPM=561.3166   CDF=0.0000
		Vel=16.7696   RPM=560.5112   CDF=0.0000
		Vel=16.7247   RPM=559.5391   CDF=0.0000
		Vel=16.6799   RPM=558.4244   CDF=0.0000
		Vel=16.6351   RPM=557.1969   CDF=0.0000
		Vel=16.5904   RPM=555.8944   CDF=0.0000
		Vel=16.5456   RPM=554.5574   CDF=0.0000
		Vel=16.5010   RPM=553.2862   CDF=0.0000
		Vel=16.4563   RPM=552.1378   CDF=0.0000
		Vel=16.4117   RPM=551.1359   CDF=0.0000
		Vel=16.3670   RPM=550.3016   CDF=0.0000
		Vel=16.3224   RPM=549.6418   CDF=0.0000
		Vel=16.2777   RPM=549.1535   CDF=0.0000
		Vel=16.2331   RPM=548.8281   CDF=0.0000
		Vel=16.1885   RPM=548.6538   CDF=0.0000
		Vel=16.1439   RPM=548.6190   CDF=0.0000
		Vel=16.0993   RPM=548.7247   CDF=0.0000
		Vel=16.0547   RPM=548.9678   CDF=0.0000
		Vel=16.0101   RPM=549.3375   CDF=0.0000
		Vel=15.9656   RPM=549.8196   CDF=0.0000
		Vel=15.9211   RPM=550.3983   CDF=0.0000
		Vel=15.8766   RPM=551.0568   CDF=0.0000
		Vel=15.8322   RPM=551.7780   CDF=0.0000
		Vel=15.7878   RPM=552.5436   CDF=0.0000
		Vel=15.7434   RPM=553.3351   CDF=0.0000
		Vel=15.6992   RPM=554.1342   CDF=0.0000
		Vel=15.6549   RPM=554.9229   CDF=0.0000
		Vel=15.6108   RPM=555.6863   CDF=0.0000
		Vel=15.5666   RPM=556.4349   CDF=0.0000
		Vel=15.5226   RPM=557.1565   CDF=0.0000
		Vel=15.4786   RPM=557.8329   CDF=0.0000
		Vel=15.4347   RPM=558.4475   CDF=0.0000
		Vel=15.3909   RPM=558.9846   CDF=0.0000
		Vel=15.3471   RPM=559.4298   CDF=0.0000
		Vel=15.3034   RPM=559.7701   CDF=0.0000
		Vel=15.2598   RPM=559.9951   CDF=0.0000
		Vel=15.2163   RPM=560.0965   CDF=0.0000
		Vel=15.1729   RPM=560.0689   CDF=0.0000
		Vel=15.1296   RPM=559.9101   CDF=0.0000
		Vel=15.0864   RPM=559.6213   CDF=0.0000
		Vel=15.0433   RPM=559.2070   CDF=0.0000
		Vel=15.0003   RPM=558.6757   CDF=0.0000
		Vel=14.9574   RPM=558.0395   CDF=0.0000
		Vel=14.9147   RPM=557.3132   CDF=0.0000
		Vel=14.8720   RPM=556.5154   CDF=0.0000
		Vel=14.8294   RPM=555.6672   CDF=0.0000
		Vel=14.7870   RPM=554.7913   CDF=0.0000
		Vel=14.7446   RPM=553.9423   CDF=0.0000
		Vel=14.7023   RPM=553.1561   CDF=0.0000
		Vel=14.6601   RPM=552.4474   CDF=0.0000
		Vel=14.6181   RPM=551.8286   CDF=0.0000
		Vel=14.5761   RPM=551.3095   CDF=0.0000
		Vel=14.5341   RPM=550.8971   CDF=0.0000
		Vel=14.4923   RPM=550.5949   CDF=0.0000
		Vel=14.4506   RPM=550.4040   CDF=0.0000
		Vel=14.4089   RPM=550.3230   CDF=0.0000
		Vel=14.3673   RPM=550.3486   CDF=0.0000
		Vel=14.3258   RPM=550.4752   CDF=0.0000
		Vel=14.2844   RPM=550.6956   CDF=0.0000
		Vel=14.2430   RPM=551.0011   CDF=0.0000
		Vel=14.2018   RPM=551.3817   CDF=0.0000
		Vel=14.1606   RPM=551.8264   CDF=0.0000
		Vel=14.1195   RPM=552.3231   CDF=0.0000
		Vel=14.0785   RPM=552.8594   CDF=0.0000
		Vel=14.0376   RPM=553.4224   CDF=0.0000
		Vel=13.9968   RPM=553.9988   CDF=0.0000
		Vel=13.9561   RPM=554.5756   CDF=0.0000
		Vel=13.9155   RPM=555.1402   CDF=0.0000
		Vel=13.8749   RPM=555.6859   CDF=0.0000
		Vel=13.8345   RPM=556.2197   CDF=0.0000
		Vel=13.7942   RPM=556.7298   CDF=0.0000
		Vel=13.7539   RPM=557.2037   CDF=0.0000
		Vel=13.7138   RPM=557.6302   CDF=0.0000
		Vel=13.6737   RPM=557.9988   CDF=0.0000
		Vel=13.6337   RPM=558.2996   CDF=0.0000
		Vel=13.5939   RPM=558.5247   CDF=0.0000
		Vel=13.5541   RPM=558.6671   CDF=0.0000
		Vel=13.5144   RPM=558.7222   CDF=0.0000
		Vel=13.4748   RPM=558.6869   CDF=0.0000
		Vel=13.4354   RPM=558.5608   CDF=0.0000
		Vel=13.3960   RPM=558.3451   CDF=0.0000
		Vel=13.3567   RPM=558.0441   CDF=0.0000
		Vel=13.3174   RPM=557.6636   CDF=0.0000
		Vel=13.2783   RPM=557.2124   CDF=0.0000
		Vel=13.2393   RPM=556.7007   CDF=0.0000
		Vel=13.2003   RPM=556.1405   CDF=0.0000
		Vel=13.1614   RPM=555.5456   CDF=0.0000
		Vel=13.1226   RPM=554.9307   CDF=0.0000
		Vel=13.0838   RPM=554.3313   CDF=0.0000
		Vel=13.0452   RPM=553.7723   CDF=0.0000
		Vel=13.0065   RPM=553.2641   CDF=0.0000
		Vel=12.9680   RPM=552.8161   CDF=0.0000
		Vel=12.9295   RPM=552.4365   CDF=0.0000
		Vel=12.8910   RPM=552.1306   CDF=0.0000
		Vel=12.8526   RPM=551.9026   CDF=0.0000
		Vel=12.8142   RPM=551.7541   CDF=0.0000
		Vel=12.7758   RPM=551.6853   CDF=0.0000
		Vel=12.7375   RPM=551.6944   CDF=0.0000
		Vel=12.6992   RPM=551.7784   CDF=0.0000
		Vel=12.6610   RPM=551.9326   CDF=0.0000
		Vel=12.6227   RPM=552.1513   CDF=0.0000
		Vel=12.5845   RPM=552.4274   CDF=0.0000
		Vel=12.5463   RPM=552.7533   CDF=0.0000
		Vel=12.5082   RPM=553.1203   CDF=0.0000
		Vel=12.4700   RPM=553.5192   CDF=0.0000
		Vel=12.4319   RPM=553.9405   CDF=0.0000
		Vel=12.3938   RPM=554.3746   CDF=0.0000
		Vel=12.3557   RPM=554.8117   CDF=0.0000
		Vel=12.3176   RPM=555.2423   CDF=0.0000
		Vel=12.2795   RPM=555.6646   CDF=0.0000
		Vel=12.2415   RPM=556.0819   CDF=0.0000
		Vel=12.2034   RPM=556.4841   CDF=0.0000
		Vel=12.1653   RPM=556.8618   CDF=0.0000
		Vel=12.1273   RPM=557.2062   CDF=0.0000
		Vel=12.0892   RPM=557.5088   CDF=0.0000
		Vel=12.0511   RPM=557.7623   CDF=0.0000
		Vel=12.0130   RPM=557.9601   CDF=0.0000
		Vel=11.9749   RPM=558.0965   CDF=0.0000
		Vel=11.9368   RPM=558.1676   CDF=0.0000
		Vel=11.8986   RPM=558.1704   CDF=0.0000
		Vel=11.8604   RPM=558.1040   CDF=0.0000
		Vel=11.8222   RPM=557.9687   CDF=0.0000
		Vel=11.7840   RPM=557.7669   CDF=0.0000
		Vel=11.7457   RPM=557.5025   CDF=0.0000
		Vel=11.7074   RPM=557.1809   CDF=0.0000
		Vel=11.6691   RPM=556.8096   CDF=0.0000
		Vel=11.6306   RPM=556.3970   CDF=0.0000
		Vel=11.5922   RPM=555.9525   CDF=0.0000
		Vel=11.5536   RPM=555.4869   CDF=0.0000
		Vel=11.5150   RPM=555.0115   CDF=0.0000
		Vel=11.4763   RPM=554.5519   CDF=0.0000
		Vel=11.4376   RPM=554.1282   CDF=0.0000
		Vel=11.3988   RPM=553.7480   CDF=0.0000
		Vel=11.3599   RPM=553.4179   CDF=0.0000
		Vel=11.3209   RPM=553.1438   CDF=0.0000
		Vel=11.2819   RPM=552.9298   CDF=0.0000
		Vel=11.2428   RPM=552.7781   CDF=0.0000
		Vel=11.2036   RPM=552.6900   CDF=0.0000
		Vel=11.1643   RPM=552.6647   CDF=0.0000
		Vel=11.1249   RPM=552.7004   CDF=0.0000
		Vel=11.0855   RPM=552.7942   CDF=0.0000
		Vel=11.0460   RPM=552.9416   CDF=0.0000
		Vel=11.0064   RPM=553.1377   CDF=0.0000
		Vel=10.9667   RPM=553.3766   CDF=0.0000
		Vel=10.9270   RPM=553.6540   CDF=0.0000
		Vel=10.8871   RPM=554.0160   CDF=0.0000
		Vel=10.8471   RPM=554.5096   CDF=0.0000
		Vel=10.8070   RPM=555.1281   CDF=0.0000
		Vel=10.7668   RPM=555.8435   CDF=0.0000
		Vel=10.7265   RPM=556.6364   CDF=0.0000
		Vel=10.6862   RPM=557.4637   CDF=0.0000
		Vel=10.6458   RPM=558.2843   CDF=0.0000
		Vel=10.6053   RPM=559.0633   CDF=0.0000
		Vel=10.5648   RPM=559.7717   CDF=0.0000
		Vel=10.5243   RPM=560.3859   CDF=0.0000
		Vel=10.4836   RPM=560.8860   CDF=0.0000
		Vel=10.4429   RPM=561.2562   CDF=0.0000
		Vel=10.4021   RPM=561.4835   CDF=0.0000
		Vel=10.3613   RPM=561.5582   CDF=0.0000
		Vel=10.3204   RPM=561.4739   CDF=0.0000
		Vel=10.2794   RPM=561.2280   CDF=0.0000
		Vel=10.2383   RPM=560.8217   CDF=0.0000
		Vel=10.1972   RPM=560.2608   CDF=0.0000
		Vel=10.1560   RPM=559.5557   CDF=0.0000
		Vel=10.1149   RPM=558.7216   CDF=0.0000
		Vel=10.0739   RPM=557.7784   CDF=0.0000
		Vel=10.0332   RPM=556.7510   CDF=0.0000
		Vel=9.9930   RPM=555.6685   CDF=0.0000
		Vel=9.9532   RPM=554.5635   CDF=0.0000
		Vel=9.9138   RPM=553.5170   CDF=0.0000
		Vel=9.8746   RPM=552.5673   CDF=0.0000
		Vel=9.8355   RPM=551.7287   CDF=0.0000
		Vel=9.7963   RPM=551.0139   CDF=0.0000
		Vel=9.7569   RPM=550.4321   CDF=0.0000
		Vel=9.7170   RPM=549.9900   CDF=0.0000
		Vel=9.6769   RPM=549.6906   CDF=0.0000
		Vel=9.6363   RPM=549.5338   CDF=0.0000
		Vel=9.5955   RPM=549.5164   CDF=0.0000
		Vel=9.5544   RPM=549.6325   CDF=0.0000
		Vel=9.5132   RPM=549.8737   CDF=0.0000
		Vel=9.4718   RPM=550.2294   CDF=0.0000
		Vel=9.4303   RPM=550.6873   CDF=0.0000
		Vel=9.3889   RPM=551.2335   CDF=0.0000
		Vel=9.3476   RPM=551.8528   CDF=0.0000
		Vel=9.3063   RPM=552.5294   CDF=0.0000
		Vel=9.2650   RPM=553.2462   CDF=0.0000
		Vel=9.2236   RPM=553.9861   CDF=0.0000
		Vel=9.1822   RPM=554.7319   CDF=0.0000
		Vel=9.1407   RPM=555.4667   CDF=0.0000
		Vel=9.0990   RPM=556.1957   CDF=0.0000
		Vel=9.0572   RPM=556.9147   CDF=0.0000
		Vel=9.0152   RPM=557.6046   CDF=0.0000
		Vel=8.9731   RPM=558.2481   CDF=0.0000
		Vel=8.9308   RPM=558.8285   CDF=0.0000
		Vel=8.8885   RPM=559.3307   CDF=0.0000
		Vel=8.8461   RPM=559.7408   CDF=0.0000
		Vel=8.8037   RPM=560.0470   CDF=0.0000
		Vel=8.7613   RPM=560.2389   CDF=0.0000
		Vel=8.7188   RPM=560.3087   CDF=0.0000
		Vel=8.6764   RPM=560.2514   CDF=0.0000
		Vel=8.6339   RPM=560.0648   CDF=0.0000
		Vel=8.5913   RPM=559.7501   CDF=0.0000
		Vel=8.5488   RPM=559.3119   CDF=0.0000
		Vel=8.5061   RPM=558.7589   CDF=0.0000
		Vel=8.4634   RPM=558.1031   CDF=0.0000
		Vel=8.4206   RPM=557.3601   CDF=0.0000
		Vel=8.3777   RPM=556.5486   CDF=0.0000
		Vel=8.3347   RPM=555.6908   CDF=0.0000
		Vel=8.2918   RPM=554.8103   CDF=0.0000
		Vel=8.2487   RPM=553.9638   CDF=0.0000
		Vel=8.2057   RPM=553.1889   CDF=0.0000
		Vel=8.1626   RPM=552.4985   CDF=0.0000
		Vel=8.1194   RPM=551.9033   CDF=0.0000
		Vel=8.0762   RPM=551.4125   CDF=0.0000
		Vel=8.0330   RPM=551.0330   CDF=0.0000
		Vel=7.9897   RPM=550.7681   CDF=0.0000
		Vel=7.9463   RPM=550.6187   CDF=0.0000
		Vel=7.9029   RPM=550.5834   CDF=0.0000
		Vel=7.8594   RPM=550.6579   CDF=0.0000
		Vel=7.8159   RPM=550.8358   CDF=0.0000
		Vel=7.7723   RPM=551.1091   CDF=0.0000
		Vel=7.7286   RPM=551.4678   CDF=0.0000
		Vel=7.6849   RPM=551.9007   CDF=0.0000
		Vel=7.6412   RPM=552.3956   CDF=0.0000
		Vel=7.5975   RPM=552.9394   CDF=0.0000
		Vel=7.5537   RPM=553.5180   CDF=0.0000
		Vel=7.5099   RPM=554.1174   CDF=0.0000
		Vel=7.4661   RPM=554.7234   CDF=0.0000
		Vel=7.4223   RPM=555.3221   CDF=0.0000
		Vel=7.3784   RPM=555.9132   CDF=0.0000
		Vel=7.3346   RPM=556.4984   CDF=0.0000
		Vel=7.2907   RPM=557.0616   CDF=0.0000
		Vel=7.2469   RPM=557.5885   CDF=0.0000
		Vel=7.2030   RPM=558.0657   CDF=0.0000
		Vel=7.1592   RPM=558.4807   CDF=0.0000
		Vel=7.1154   RPM=558.8225   CDF=0.0000
		Vel=7.0717   RPM=559.0810   CDF=0.0000
		Vel=7.0279   RPM=559.2483   CDF=0.0000
		Vel=6.9842   RPM=559.3177   CDF=0.0000
		Vel=6.9404   RPM=559.2855   CDF=0.0000
		Vel=6.8967   RPM=559.1498   CDF=0.0000
		Vel=6.8529   RPM=558.9113   CDF=0.0000
		Vel=6.8092   RPM=558.5740   CDF=0.0000
		Vel=6.7655   RPM=558.1440   CDF=0.0000
		Vel=6.7219   RPM=557.6314   CDF=0.0000
		Vel=6.6782   RPM=557.0473   CDF=0.0000
		Vel=6.6347   RPM=556.4066   CDF=0.0000
		Vel=6.5911   RPM=555.7259   CDF=0.0000
		Vel=6.5476   RPM=555.0233   CDF=0.0000
		Vel=6.5042   RPM=554.3348   CDF=0.0000
		Vel=6.4608   RPM=553.6993   CDF=0.0000
		Vel=6.4174   RPM=553.1279   CDF=0.0000
		Vel=6.3740   RPM=552.6297   CDF=0.0000
		Vel=6.3307   RPM=552.2134   CDF=0.0000
		Vel=6.2874   RPM=551.8849   CDF=0.0000
		Vel=6.2441   RPM=551.6486   CDF=0.0000
		Vel=6.2008   RPM=551.5055   CDF=0.0000
		Vel=6.1576   RPM=551.4556   CDF=0.0000
		Vel=6.1145   RPM=551.4958   CDF=0.0000
		Vel=6.0713   RPM=551.6216   CDF=0.0000
		Vel=6.0283   RPM=551.8269   CDF=0.0000
		Vel=5.9852   RPM=552.1037   CDF=0.0000
		Vel=5.9423   RPM=552.4432   CDF=0.0000
		Vel=5.8993   RPM=552.8356   CDF=0.0000
		Vel=5.8564   RPM=553.2699   CDF=0.0000
		Vel=5.8136   RPM=553.7348   CDF=0.0000
		Vel=5.7709   RPM=554.2190   CDF=0.0000
		Vel=5.7282   RPM=554.7106   CDF=0.0000
		Vel=5.6855   RPM=555.1983   CDF=0.0000
		Vel=5.6430   RPM=555.6775   CDF=0.0000
		Vel=5.6005   RPM=556.1534   CDF=0.0000
		Vel=5.5581   RPM=556.6140   CDF=0.0000
		Vel=5.5158   RPM=557.0471   CDF=0.0000
		Vel=5.4735   RPM=557.4414   CDF=0.0000
		Vel=5.4314   RPM=557.7868   CDF=0.0000
		Vel=5.3893   RPM=558.0745   CDF=0.0000
		Vel=5.3473   RPM=558.2959   CDF=0.0000
		Vel=5.3054   RPM=558.4449   CDF=0.0000
		Vel=5.2636   RPM=558.5156   CDF=0.0000
		Vel=5.2218   RPM=558.5051   CDF=0.0000
		Vel=5.1802   RPM=558.4114   CDF=0.0000
		Vel=5.1386   RPM=558.2354   CDF=0.0000
		Vel=5.0972   RPM=557.9793   CDF=0.0000
		Vel=5.0558   RPM=557.6486   CDF=0.0000
		Vel=5.0145   RPM=557.2499   CDF=0.0000
		Vel=4.9733   RPM=556.7924   CDF=0.0000
		Vel=4.9322   RPM=556.2875   CDF=0.0000
		Vel=4.8912   RPM=555.7480   CDF=0.0000
		Vel=4.8503   RPM=555.1870   CDF=0.0000
		Vel=4.8094   RPM=554.6274   CDF=0.0000
		Vel=4.7687   RPM=554.1055   CDF=0.0000
		Vel=4.7280   RPM=553.6313   CDF=0.0000
		Vel=4.6874   RPM=553.2139   CDF=0.0000
		Vel=4.6468   RPM=552.8601   CDF=0.0000
		Vel=4.6063   RPM=552.5756   CDF=0.0000
		Vel=4.5659   RPM=552.3646   CDF=0.0000
		Vel=4.5256   RPM=552.2288   CDF=0.0000
		Vel=4.4853   RPM=552.1689   CDF=0.0000
		Vel=4.4451   RPM=552.1826   CDF=0.0000
		Vel=4.4050   RPM=552.2673   CDF=0.0000
		Vel=4.3649   RPM=552.4178   CDF=0.0000
		Vel=4.3249   RPM=552.6284   CDF=0.0000
		Vel=4.2850   RPM=552.8921   CDF=0.0000
		Vel=4.2451   RPM=553.2006   CDF=0.0000
		Vel=4.2053   RPM=553.5456   CDF=0.0000
		Vel=4.1656   RPM=553.9178   CDF=0.0000
		Vel=4.1260   RPM=554.3079   CDF=0.0000
		Vel=4.0864   RPM=554.7061   CDF=0.0000
		Vel=4.0469   RPM=555.1031   CDF=0.0000
		Vel=4.0074   RPM=555.4920   CDF=0.0000
		Vel=3.9681   RPM=555.8788   CDF=0.0000
		Vel=3.9288   RPM=556.2552   CDF=0.0000
		Vel=3.8896   RPM=556.6112   CDF=0.0000
		Vel=3.8505   RPM=556.9378   CDF=0.0000
		Vel=3.8114   RPM=557.2266   CDF=0.0000
		Vel=3.7724   RPM=557.4697   CDF=0.0000
		Vel=3.7335   RPM=557.6607   CDF=0.0000
		Vel=3.6947   RPM=557.7941   CDF=0.0000
		Vel=3.6560   RPM=557.8652   CDF=0.0000
		Vel=3.6173   RPM=557.8714   CDF=0.0000
		Vel=3.5787   RPM=557.8109   CDF=0.0000
		Vel=3.5402   RPM=557.6838   CDF=0.0000
		Vel=3.5017   RPM=557.4925   CDF=0.0000
		Vel=3.4634   RPM=557.2398   CDF=0.0000
		Vel=3.4251   RPM=556.9315   CDF=0.0000
		Vel=3.3869   RPM=556.5750   CDF=0.0000
		Vel=3.3487   RPM=556.1779   CDF=0.0000
		Vel=3.3106   RPM=555.7500   CDF=0.0000
		Vel=3.2726   RPM=555.3023   CDF=0.0000
		Vel=3.2346   RPM=554.8487   CDF=0.0000
		Vel=3.1967   RPM=554.4196   CDF=0.0000
		Vel=3.1589   RPM=554.0270   CDF=0.0000
		Vel=3.1211   RPM=553.6774   CDF=0.0000
		Vel=3.0833   RPM=553.3770   CDF=0.0000
		Vel=3.0456   RPM=553.1315   CDF=0.0000
		Vel=3.0079   RPM=552.9441   CDF=0.0000
		Vel=2.9702   RPM=552.8172   CDF=0.0000
		Vel=2.9326   RPM=552.7518   CDF=0.0000
		Vel=2.8950   RPM=552.7466   CDF=0.0000
		Vel=2.8575   RPM=552.7997   CDF=0.0000
		Vel=2.8199   RPM=552.9077   CDF=0.0000
		Vel=2.7824   RPM=553.0657   CDF=0.0000
		Vel=2.7450   RPM=553.2684   CDF=0.0000
		Vel=2.7075   RPM=553.5098   CDF=0.0000
		Vel=2.6701   RPM=553.7825   CDF=0.0000
		Vel=2.6327   RPM=554.0792   CDF=0.0000
		Vel=2.5953   RPM=554.3922   CDF=0.0000
		Vel=2.5579   RPM=554.7138   CDF=0.0000
		Vel=2.5206   RPM=555.0362   CDF=0.0000
		Vel=2.4833   RPM=555.3524   CDF=0.0000
		Vel=2.4460   RPM=555.6662   CDF=0.0000
		Vel=2.4087   RPM=555.9737   CDF=0.0000
		Vel=2.3714   RPM=556.2666   CDF=0.0000
		Vel=2.3342   RPM=556.5373   CDF=0.0000
		Vel=2.2970   RPM=556.7785   CDF=0.0000
		Vel=2.2597   RPM=556.9842   CDF=0.0000
		Vel=2.2225   RPM=557.1490   CDF=0.0000
		Vel=2.1853   RPM=557.2683   CDF=0.0000
		Vel=2.1482   RPM=557.3380   CDF=0.0000
		Vel=2.1111   RPM=557.3557   CDF=0.0000
		Vel=2.0741   RPM=557.3203   CDF=0.0000
		Vel=2.0371   RPM=557.2309   CDF=0.0000
		Vel=2.0002   RPM=557.0893   CDF=0.0000
		Vel=1.9634   RPM=556.8982   CDF=0.0000
		Vel=1.9266   RPM=556.6612       R1_R2_Diff=74.2065      CDF=0.0000 
		Vel=1.8900   RPM=556.1287       R1_R2_Diff=74.3236      CDF=0.0000 
		Vel=1.8534   RPM=554.8328       R1_R2_Diff=74.8954      CDF=0.0000 
		Vel=1.8166   RPM=553.1919       R1_R2_Diff=75.7654      CDF=0.0000 
		Vel=1.7796   RPM=551.5246       R1_R2_Diff=76.8145      CDF=0.0000 
		Vel=1.7426   RPM=549.9853       R1_R2_Diff=77.9671      CDF=0.0000 
		Vel=1.7058   RPM=548.6490       R1_R2_Diff=79.1809      CDF=0.0000 
		Vel=1.6691   RPM=547.5414       R1_R2_Diff=80.4375      CDF=0.0000 
		Vel=1.6328   RPM=546.6616       R1_R2_Diff=81.7338      CDF=0.0000 
		Vel=1.5968   RPM=545.9957       R1_R2_Diff=83.0752      CDF=0.0000 
		Vel=1.5612   RPM=545.5264       R1_R2_Diff=84.4708      CDF=0.0000 
		Vel=1.5259   RPM=545.2364       R1_R2_Diff=85.9302      CDF=0.0000 
		Vel=1.4910   RPM=545.1100       R1_R2_Diff=87.4621      CDF=0.0000 
		Vel=1.4564   RPM=545.1336       R1_R2_Diff=89.0737      CDF=0.0000 
		Vel=1.4223   RPM=545.2941       R1_R2_Diff=90.7710      CDF=0.0000 
		Vel=1.3885   RPM=545.5789       R1_R2_Diff=92.5584      CDF=0.0000 
		Vel=1.3552   RPM=545.9750       R1_R2_Diff=94.4395      CDF=0.0000 
		Vel=1.3222   RPM=546.4684       R1_R2_Diff=96.4176      CDF=0.0000 
		Vel=1.2896   RPM=547.0290       R1_R2_Diff=98.4952      CDF=0.0000 
		Vel=1.2574   RPM=547.5306       R1_R2_Diff=100.6700      CDF=0.0000 
		Vel=1.2256   RPM=547.9549       R1_R2_Diff=102.9350      CDF=0.0000 
		Vel=1.1942   RPM=548.3036       R1_R2_Diff=105.2867      CDF=0.0000 
		Vel=1.1632   RPM=548.5736       R1_R2_Diff=107.7254      CDF=0.0000 
		Vel=1.1327   RPM=548.7590       R1_R2_Diff=110.2538      CDF=0.0000 
		Vel=1.1025   RPM=548.8519       R1_R2_Diff=112.8764      CDF=0.0000 
		Vel=1.0729   RPM=548.8438       R1_R2_Diff=115.5985      CDF=0.0000 
		Vel=1.0436   RPM=548.7259       R1_R2_Diff=118.4263      CDF=0.0000 
		Vel=1.0148   RPM=548.4890       R1_R2_Diff=121.3661      CDF=0.0000 
		Vel=0.9864   RPM=548.1239       R1_R2_Diff=124.4247      CDF=0.0000 
		Vel=0.9585   RPM=547.6573       R1_R2_Diff=127.5737      CDF=0.0000 
		Vel=0.9310   RPM=548.4979       R1_R2_Diff=129.4186      CDF=0.0000 
		Vel=0.9039   RPM=549.0332       R1_R2_Diff=131.4425      CDF=0.0000 
		Vel=0.8776   RPM=549.0200       R1_R2_Diff=133.8813      CDF=0.0000 
		Vel=0.8516   RPM=548.5810       R1_R2_Diff=136.6568      CDF=0.0000 
		Vel=0.8260   RPM=547.8171       R1_R2_Diff=139.6994      CDF=0.0000 
		Vel=0.8008   RPM=546.7999       R1_R2_Diff=142.9537      CDF=0.0000 
		Vel=0.7759   RPM=545.5742       R1_R2_Diff=146.3770      CDF=0.0000 
		Vel=0.7513   RPM=544.1652       R1_R2_Diff=149.9360      CDF=0.0000 
		Vel=0.7271   RPM=542.5843       R1_R2_Diff=153.6031      CDF=0.0000 
		Vel=0.7032   RPM=540.8344       R1_R2_Diff=157.3535      CDF=0.0000 
		Vel=0.6796   RPM=538.9141       R1_R2_Diff=161.1622      CDF=0.0000 
		Vel=0.6563   RPM=536.8207       R1_R2_Diff=165.0016      CDF=0.0000 
		Vel=0.6334   RPM=534.5519       R1_R2_Diff=168.8393      CDF=0.0000 
		Vel=0.6108   RPM=532.1079       R1_R2_Diff=172.6356      CDF=0.0000 
		Vel=0.5886   RPM=529.4929       R1_R2_Diff=176.3410      CDF=0.0000 
		Vel=0.5667   RPM=526.7164       R1_R2_Diff=179.8939      CDF=0.0000 
		Vel=0.5451   RPM=523.7952       R1_R2_Diff=183.2172      CDF=0.0000 
		Vel=0.5239   RPM=520.7550       R1_R2_Diff=186.2155      CDF=0.0000 
		Vel=0.5031   RPM=517.6336       R1_R2_Diff=188.7723      CDF=0.0000 
		Vel=0.4826   RPM=514.4825       R1_R2_Diff=190.7471      CDF=0.0000 
		Vel=0.4626   RPM=511.3710       R1_R2_Diff=191.9740      CDF=0.0000 
		Vel=0.4429   RPM=508.3913       R1_R2_Diff=192.4941      CDF=0.0000 
		Vel=0.4237   RPM=505.6079       R1_R2_Diff=192.5160      CDF=0.0000 
		Vel=0.4049   RPM=503.0236       R1_R2_Diff=192.0446      CDF=0.0000 
		Vel=0.3864   RPM=500.6373       R1_R2_Diff=191.1082      CDF=0.0000 
		Vel=0.3684   RPM=498.4463       R1_R2_Diff=189.7336      CDF=0.0000 
		Vel=0.3508   RPM=496.4484       R1_R2_Diff=187.9441      CDF=0.0000 
		Vel=0.3337   RPM=494.6417       R1_R2_Diff=185.7596      CDF=0.0000 
		Vel=0.3170   RPM=493.0257       R1_R2_Diff=183.1964      CDF=0.0000 
		Vel=0.3008   RPM=491.6013       R1_R2_Diff=180.2673      CDF=0.0000 
		Vel=0.2852   RPM=490.3710       R1_R2_Diff=176.9817      CDF=0.0000 
		Vel=0.2701   RPM=489.3393       R1_R2_Diff=173.3457      CDF=0.0000 
		Vel=0.2557   RPM=488.5110       R1_R2_Diff=169.3638      CDF=0.0000 
		Vel=0.2419   RPM=487.8885       R1_R2_Diff=165.0423      CDF=0.0000 
		Vel=0.2289   RPM=487.4735       R1_R2_Diff=160.3871      CDF=0.0000 
		Vel=0.2168   RPM=487.2680       R1_R2_Diff=155.4037      CDF=0.0000 
		Vel=0.2056   RPM=487.2740       R1_R2_Diff=150.0972      CDF=0.0000 
		Vel=0.1954   RPM=487.4934       R1_R2_Diff=144.4726      CDF=0.0000 
		Vel=0.1864   RPM=487.9286       R1_R2_Diff=138.5346      CDF=0.0000 
		Vel=0.1787   RPM=488.5814       R1_R2_Diff=132.2877      CDF=0.0000 
		Vel=0.1725   RPM=489.4543       R1_R2_Diff=125.7364      CDF=0.0000 
		Vel=0.1677   RPM=490.5495       R1_R2_Diff=118.8850      CDF=0.0000 
		Vel=0.1646   RPM=491.8694       R1_R2_Diff=111.7378      CDF=0.0000 
		Vel=0.1631   RPM=493.4164       R1_R2_Diff=104.2989      CDF=0.0000 
		Vel=0.1632   RPM=495.1929       R1_R2_Diff=96.5723      CDF=0.0000 
		Vel=0.1649   RPM=497.2016       R1_R2_Diff=88.5622      CDF=0.0000 
		Vel=0.1682   RPM=499.4450       R1_R2_Diff=80.2724      CDF=0.0000 
		Vel=0.1728   RPM=501.9260       R1_R2_Diff=71.7070      CDF=0.0000 
		Vel=0.1786   RPM=504.6472       R1_R2_Diff=62.8697      CDF=0.0000 
		Vel=0.1855   RPM=507.6115       R1_R2_Diff=53.7643      CDF=0.0000 
		Vel=0.1933   RPM=510.8218       R1_R2_Diff=44.3947      CDF=0.0000 
		Vel=0.2018   RPM=514.2811       R1_R2_Diff=34.7646      CDF=0.0000 
		Vel=0.2110   RPM=517.9926       R1_R2_Diff=24.8777      CDF=0.0000 
		Vel=0.2206   RPM=521.9594       R1_R2_Diff=14.7376      CDF=0.0000 
		Vel=0.2306   RPM=526.1141       R1_R2_Diff=4.4306      CDF=0.0000 
		Vel=0.2410   RPM=530.3694       R1_R2_Diff=0.4958      CDF=0.0000 
		Vel=0.2515   RPM=534.7086       R1_R2_Diff=0.0417      CDF=0.0000 
		Vel=0.2631   RPM=539.1336       R1_R2_Diff=-0.0076      CDF=0.0000 
		Vel=0.2749   RPM=543.6459       R1_R2_Diff=-0.0105      CDF=0.0000 
		Vel=0.2869   RPM=548.2473       R1_R2_Diff=-0.0087      CDF=0.0000 
		Vel=0.2991   RPM=552.9396       R1_R2_Diff=-0.0068      CDF=0.0000 
		Vel=0.3113   RPM=557.7239       R1_R2_Diff=-0.0052      CDF=0.0000 
		Vel=0.3237   RPM=562.5598       R1_R2_Diff=-0.0041      CDF=0.0000 
		Vel=0.3360   RPM=567.3360       R1_R2_Diff=-0.0031      CDF=0.0000 
		Vel=0.3484   RPM=571.9262       R1_R2_Diff=-0.0024      CDF=0.0000 
		Vel=0.3608   RPM=576.1949       R1_R2_Diff=-0.0019      CDF=0.0000 
		Vel=0.3732   RPM=579.9996       R1_R2_Diff=-0.0015      CDF=0.0000 
		Vel=0.3855   RPM=583.1929       R1_R2_Diff=-0.0011      CDF=0.0000 
		Vel=0.3978   RPM=585.6231       R1_R2_Diff=-0.0009      CDF=0.0000 
		Vel=0.4100   RPM=587.1275       R1_R2_Diff=-0.0007      CDF=0.0000 
		Vel=0.4222   RPM=587.4956       R1_R2_Diff=-0.0005      CDF=0.0000 
		Vel=0.4343   RPM=586.8111       R1_R2_Diff=-0.0004      CDF=0.0000 
		Vel=0.4463   RPM=586.0922       R1_R2_Diff=-0.0003      CDF=0.0000 
		Vel=0.4582   RPM=585.3800       R1_R2_Diff=-0.0002      CDF=0.0000 
		Vel=0.4701   RPM=584.6745       R1_R2_Diff=-0.0002      CDF=0.0000 
		Vel=0.4819   RPM=583.9756       R1_R2_Diff=-0.0001      CDF=0.0000 
		Vel=0.4936   RPM=583.2834       R1_R2_Diff=-0.0001      CDF=0.0000 
		Vel=0.5053   RPM=582.5978       R1_R2_Diff=-0.0001      CDF=0.0000 
		Vel=0.5168   RPM=581.9189       R1_R2_Diff=-0.0001      CDF=0.0000 
		Vel=0.5282   RPM=581.2468       R1_R2_Diff=-0.0001      CDF=0.0000 
		Vel=0.5396   RPM=580.5813       R1_R2_Diff=-0.0000      CDF=0.0000 
		Vel=0.5508   RPM=579.9226       R1_R2_Diff=-0.0000      CDF=0.0000 
		Vel=0.5619   RPM=579.2707       R1_R2_Diff=-0.0000      CDF=0.0000 
		Vel=0.5729   RPM=578.6255       R1_R2_Diff=-0.0000      CDF=0.0000 
		Vel=0.5837   RPM=577.9871       R1_R2_Diff=-0.0000      CDF=0.0000 
		Vel=0.5945   RPM=577.3556       R1_R2_Diff=-0.0000      CDF=0.0000 
		Vel=0.6051   RPM=576.7309       R1_R2_Diff=-0.0000      CDF=0.0000 
		Vel=0.6155   RPM=576.1131       R1_R2_Diff=-0.0000      CDF=0.0000 
		Vel=0.6259   RPM=575.5022       R1_R2_Diff=-0.0000      CDF=0.0000 
		Vel=0.6361   RPM=574.8982       R1_R2_Diff=-0.0000      CDF=0.0000 
		Vel=0.6462   RPM=574.3011       R1_R2_Diff=-0.0000      CDF=0.0000 
		Vel=0.6561   RPM=573.7110       R1_R2_Diff=-0.0000      CDF=0.0000 
		Vel=0.6659   RPM=573.1278       R1_R2_Diff=-0.0000      CDF=0.0000 
		Vel=0.6756   RPM=572.5516       R1_R2_Diff=-0.0000      CDF=0.0000 
		Vel=0.6852   RPM=571.9824       R1_R2_Diff=-0.0000      CDF=0.0000 
		Vel=0.6946   RPM=571.4202       R1_R2_Diff=-0.0000      CDF=0.0000 
		Vel=0.7039   RPM=570.8651       R1_R2_Diff=-0.0000      CDF=0.0000 
		Vel=0.7131   RPM=570.3169       R1_R2_Diff=-0.0000      CDF=0.0000 
		Vel=0.7222   RPM=569.7758       R1_R2_Diff=-0.0000      CDF=0.0000 
		Vel=0.7311   RPM=569.2418       R1_R2_Diff=-0.0000      CDF=0.0000 
		Vel=0.7399   RPM=568.7148       R1_R2_Diff=-0.0000      CDF=0.0000 
		Vel=0.7486   RPM=568.1949       R1_R2_Diff=-0.0000      CDF=0.0000 
		Vel=0.7572   RPM=567.6821       R1_R2_Diff=-0.0000      CDF=0.0000 
		Vel=0.7657   RPM=567.1763       R1_R2_Diff=-0.0000      CDF=0.0000 
		Vel=0.7741   RPM=566.6777       R1_R2_Diff=-0.0000      CDF=0.0000 
		Vel=0.7823   RPM=566.1861       R1_R2_Diff=-0.0000      CDF=0.0000 
		Vel=0.7904   RPM=565.7016       R1_R2_Diff=-0.0000      CDF=0.0000 
		Vel=0.7985   RPM=565.2243       R1_R2_Diff=-0.0000      CDF=0.0000 
		Vel=0.8064   RPM=564.7540       R1_R2_Diff=-0.0000      CDF=0.0000 
		Vel=0.8142   RPM=564.2908       R1_R2_Diff=-0.0000      CDF=0.0000 
		Vel=0.8219   RPM=563.8348       R1_R2_Diff=-0.0000      CDF=0.0000 
		Vel=0.8295   RPM=563.3859       R1_R2_Diff=-0.0000      CDF=0.0000 
		Vel=0.8370   RPM=562.9440       R1_R2_Diff=-0.0000      CDF=0.0000 
		Vel=0.8444   RPM=562.5093       R1_R2_Diff=-0.0000      CDF=0.0000 
		Vel=0.8516   RPM=562.0817       R1_R2_Diff=-0.0000      CDF=0.0000 
		Vel=0.8588   RPM=561.6612       R1_R2_Diff=-0.0000      CDF=0.0000 
		Vel=0.8659   RPM=561.2478       R1_R2_Diff=-0.0000      CDF=0.0000 
		Vel=0.8729   RPM=560.8416       R1_R2_Diff=-0.0000      CDF=0.0000 
		Vel=0.8798   RPM=560.4424       R1_R2_Diff=-0.0000      CDF=0.0000 
		Vel=0.8866   RPM=560.0504       R1_R2_Diff=-0.0000      CDF=0.0000 
		Vel=0.8934   RPM=559.6654       R1_R2_Diff=-0.0000      CDF=0.0000 
		Vel=0.9002   RPM=559.2876       R1_R2_Diff=-0.0000      CDF=0.0000 
		Vel=0.9068   RPM=558.9169       R1_R2_Diff=-0.0000      CDF=0.0000 
		Vel=0.9134   RPM=558.5532       R1_R2_Diff=-0.0000      CDF=0.0000 
		Vel=0.9199   RPM=558.1967       R1_R2_Diff=-0.0000      CDF=0.0000 
		Vel=0.9264   RPM=557.8472       R1_R2_Diff=-0.0000      CDF=0.0000 
SIM_END		TempScenario(Volvo)	6.705s	59.7958m
TIME	8.182
SHUTDOWN	CarMaker quick shutdown initiated

