APPLICATION	Truck_Generic <insert.your.version.no> #93 (win64-14.0)
COMPILED	Rahul Vishwanatha@ipgnb10342 2025-03-14 14:30:25
 
		I/O Configuration: default
FIRST_INIT	(internal default used)	2025-03-14 14:30:31
TIME	0.000
SIM_END			0s	0m
IDLE	14:30:31
SIM_START	LKAS_C_0.3	2025-03-14 14:30:36
TIME	0.000
SIMULATE	LKAS_C_0.3

TIME	18.479
SIM_END		LKAS_C_0.3	18.476s	60.4945m
TIME	21.345
SIM_START	LKAS_C_0.3	2025-03-14 14:31:24
TIME	0.000
SIMULATE	LKAS_C_0.3

TIME	21.227
SIM_END		LKAS_C_0.3	21.224s	70.5285m
SIM_START	LKAS_C_0.3	2025-03-14 14:32:05
TIME	0.000
SIMULATE	LKAS_C_0.3

TIME	21.689
SIM_END		LKAS_C_0.3	21.686s	72.2156m
TIME	24.919
SHUTDOWN	CarMaker quick shutdown initiated

