APPLICATION	CarMaker 14.0 - Car_Generic #4 (win64-14.0)
COMPILED	jetbrains@b5882e3d7d42 2024-11-26 13:09:41
 
		I/O Configuration: default
FIRST_INIT	(internal default used)	2025-04-08 09:55:03
TIME	0.000
SIM_END			0s	0m
IDLE	09:55:04
SIM_START	unknown	2025-04-08 09:55:05
TIME	0.000
SIMULATE	unknown

TIME	11.766
SIM_END		unknown	11.763s	100.851m
TIME	17.246
SIM_START	unknown	2025-04-08 09:56:08
TIME	0.000
SIMULATE	unknown

TIME	5.065
SIM_END		unknown	5.062s	11.1761m
SIM_START	unknown	2025-04-08 09:56:34
TIME	0.000
SIMULATE	unknown

TIME	11.969
SIM_END		unknown	11.966s	104.792m
TIME	16.813
SIM_START	unknown	2025-04-08 09:57:30
TIME	0.000
SIMULATE	unknown

TIME	14.566
SIM_END		unknown	14.563s	160.75m
TIME	20.050
SIM_START	unknown	2025-04-08 09:58:33
TIME	0.000
SIMULATE	unknown

TIME	13.117
SIM_END		unknown	13.114s	128.249m
SIM_START	unknown	2025-04-08 09:58:56
TIME	0.000
SIMULATE	unknown

TIME	13.422
SIM_END		unknown	13.419s	134.819m
TIME	18.203
SIM_START	unknown	2025-04-08 09:59:52
TIME	0.000
SIMULATE	unknown

TIME	14.635
SIM_END		unknown	14.632s	162.379m
TIME	1375.040
SIM_START	unknown	2025-04-08 14:20:45
TIME	0.000
SIMULATE	unknown

TIME	11.274
SIM_END		unknown	11.271s	91.5561m
TIME	14.828
SIM_START	unknown	2025-04-08 14:21:27
TIME	0.000
SIMULATE	unknown

TIME	3.800
SIM_END		unknown	3.797s	4.41169m
TIME	411.558
SHUTDOWN	CarMaker quick shutdown initiated

