APPLICATION	TruckMaker 14.0 - Truck_Generic #2 (win64-14.0)
COMPILED	jetbrains@b5882e3d7d42 2024-11-26 13:07:28
 
		I/O Configuration: default
FIRST_INIT	(internal default used)	2025-03-12 19:53:03
TIME	0.000
SIM_END			0s	0m
IDLE	19:53:04
SIM_START	LKAS_C_0.3	2025-03-12 19:53:10
TIME	0.000
SIMULATE	LKAS_C_0.3

TIME	40.003
SIM_END		LKAS_C_0.3	40s	139.855m
SIM_START	LKAS_C_0.3	2025-03-12 19:53:55
TIME	0.000
SIMULATE	LKAS_C_0.3

TIME	15.533
ERROR		Vehicle leaves road at about x=57.9335, y=5.77136 TireNo=0
SIM_ABORT	LKAS_C_0.3	15.534s	49.7748m
SIM_START	LKAS_C_0.3	2025-03-12 19:54:20
TIME	0.000
SIMULATE	LKAS_C_0.3

TIME	8.410
SIM_END		LKAS_C_0.3	8.407s	23.5346m
SIM_START	LKAS_C_0.3	2025-03-12 19:54:37
TIME	0.000
SIMULATE	LKAS_C_0.3

TIME	22.093
ERROR		Vehicle leaves road at about x=82.6565, y=-8.75843 TireNo=1
SIM_ABORT	LKAS_C_0.3	22.094s	73.9253m
SIM_START	LKAS_C_0.3	2025-03-12 19:55:05
TIME	0.000
SIMULATE	LKAS_C_0.3

TIME	40.002
SIM_END		LKAS_C_0.3	40s	139.857m
TIME	59.799
SIM_START	LKAS_C_0.3	2025-03-12 19:59:04
TIME	0.000
SIMULATE	LKAS_C_0.3

TIME	8.946
ERROR		Vehicle leaves road at about x=34.0426, y=-7.72601 TireNo=1
SIM_ABORT	LKAS_C_0.3	8.947s	25.5224m
SIM_START	LKAS_C_0.3	2025-03-12 19:59:21
TIME	0.000
SIMULATE	LKAS_C_0.3

TIME	8.279
SIM_END		LKAS_C_0.3	8.277s	23.0551m
TIME	11.075
SIM_START	LKAS_C_0.3	2025-03-12 19:59:58
TIME	0.000
SIMULATE	LKAS_C_0.3

TIME	8.946
ERROR		Vehicle leaves road at about x=34.0426, y=-7.72601 TireNo=1
SIM_ABORT	LKAS_C_0.3	8.947s	25.5224m
TIME	14.803
SIM_START	LKAS_C_0.3	2025-03-12 20:01:07
TIME	0.000
SIMULATE	LKAS_C_0.3

TIME	8.946
ERROR		Vehicle leaves road at about x=34.0426, y=-7.72601 TireNo=1
SIM_ABORT	LKAS_C_0.3	8.947s	25.5224m
SIM_START	LKAS_C_0.3	2025-03-12 20:01:21
TIME	0.000
SIMULATE	LKAS_C_0.3

TIME	8.946
ERROR		Vehicle leaves road at about x=34.0426, y=-7.72601 TireNo=1
SIM_ABORT	LKAS_C_0.3	8.947s	25.5224m
TIME	12.192
SIM_START	LKAS_C_0.3	2025-03-12 20:02:03
TIME	0.000
SIMULATE	LKAS_C_0.3

TIME	8.946
ERROR		Vehicle leaves road at about x=34.0426, y=-7.72601 TireNo=1
SIM_ABORT	LKAS_C_0.3	8.947s	25.5224m
SIM_START	LKAS_C_0.3	2025-03-12 20:02:28
TIME	0.000
SIMULATE	LKAS_C_0.3

TIME	8.946
ERROR		Vehicle leaves road at about x=34.0426, y=-7.72601 TireNo=1
SIM_ABORT	LKAS_C_0.3	8.947s	25.5224m
SIM_START	LKAS_C_0.3	2025-03-12 20:02:42
TIME	0.000
SIMULATE	LKAS_C_0.3

TIME	8.946
ERROR		Vehicle leaves road at about x=34.0426, y=-7.72601 TireNo=1
SIM_ABORT	LKAS_C_0.3	8.947s	25.5224m
SIM_START	LKAS_C_0.3	2025-03-12 20:02:59
TIME	0.000
SIMULATE	LKAS_C_0.3

TIME	8.946
ERROR		Vehicle leaves road at about x=34.0426, y=-7.72601 TireNo=1
SIM_ABORT	LKAS_C_0.3	8.947s	25.5224m
SIM_START	LKAS_C_0.3	2025-03-12 20:03:18
TIME	0.000
SIMULATE	LKAS_C_0.3

TIME	8.946
ERROR		Vehicle leaves road at about x=34.0426, y=-7.72601 TireNo=1
SIM_ABORT	LKAS_C_0.3	8.947s	25.5224m
TIME	15.138
SIM_START	LKAS_C_0.3	2025-03-12 20:04:30
TIME	0.000
SIMULATE	LKAS_C_0.3

TIME	8.946
ERROR		Vehicle leaves road at about x=34.0426, y=-7.72601 TireNo=1
SIM_ABORT	LKAS_C_0.3	8.947s	25.5224m
TIME	20.810
SIM_START	LKAS_C_0.3	2025-03-12 20:06:38
TIME	0.000
SIMULATE	LKAS_C_0.3

TIME	8.946
ERROR		Vehicle leaves road at about x=34.0426, y=-7.72601 TireNo=1
SIM_ABORT	LKAS_C_0.3	8.947s	25.5224m
SIM_START	LKAS_C_0.3	2025-03-12 20:06:54
TIME	0.000
SIMULATE	LKAS_C_0.3

TIME	8.946
ERROR		Vehicle leaves road at about x=34.0426, y=-7.72601 TireNo=1
SIM_ABORT	LKAS_C_0.3	8.947s	25.5224m
SIM_START	LKAS_C_0.3	2025-03-12 20:07:11
TIME	0.000
SIMULATE	LKAS_C_0.3

TIME	8.946
ERROR		Vehicle leaves road at about x=34.0426, y=-7.72601 TireNo=1
SIM_ABORT	LKAS_C_0.3	8.947s	25.5224m
SIM_START	LKAS_C_0.3	2025-03-12 20:07:26
TIME	0.000
SIMULATE	LKAS_C_0.3

TIME	4.446
SIM_END		LKAS_C_0.3	4.443s	8.93562m
SIM_START	LKAS_C_0.3	2025-03-12 20:07:40
TIME	0.000
SIMULATE	LKAS_C_0.3

TIME	8.946
ERROR		Vehicle leaves road at about x=34.0426, y=-7.72601 TireNo=1
SIM_ABORT	LKAS_C_0.3	8.947s	25.5224m
SIM_START	LKAS_C_0.3	2025-03-12 20:08:01
TIME	0.000
SIMULATE	LKAS_C_0.3

TIME	8.946
ERROR		Vehicle leaves road at about x=34.0426, y=-7.72601 TireNo=1
SIM_ABORT	LKAS_C_0.3	8.947s	25.5224m
TIME	11.308
SIM_START	LKAS_C_0.3	2025-03-12 20:08:35
TIME	0.000
SIMULATE	LKAS_C_0.3

TIME	12.143
SIM_END		LKAS_C_0.3	12.14s	37.2759m
SHUTDOWN	CarMaker quick shutdown initiated

