APPLICATION	TruckMaker 14.0 - Truck_Generic #2 (win64-14.0)
COMPILED	jetbrains@b5882e3d7d42 2024-11-26 13:07:28
 
		I/O Configuration: default
FIRST_INIT	(internal default used)	2025-03-14 09:26:01
TIME	0.000
SIM_END			0s	0m
IDLE	09:26:02
SIM_START	LKAS_C_0.3	2025-03-14 09:26:04
TIME	0.237
ERROR		VehicleControl: Unknown kind 'LKAS', version 1
TIME	0.026
SIM_ABORT	LKAS_C_0.3	0s	0m
TIME	14.276
SIM_START	LKAS_C_0.3	2025-03-14 09:28:27
TIME	0.000
SIMULATE	LKAS_C_0.3

SIM_END		LKAS_C_0.3	1.149s	8.78079e-05m
SIM_START	LKAS_C_0.3	2025-03-14 09:28:44
TIME	0.000
SIMULATE	LKAS_C_0.3

TIME	21.720
SIM_END		LKAS_C_0.3	21.718s	402.191m
TIME	162.655
SHUTDOWN	CarMaker quick shutdown initiated

