APPLICATION	Truck_Generic <insert.your.version.no> #72 (win64-14.0)
COMPILED	Rahul Vishwanatha@ipgnb10342 2025-03-14 12:40:11
 
		I/O Configuration: default
FIRST_INIT	(internal default used)	2025-03-14 12:40:16
TIME	0.000
SIM_END			0s	0m
IDLE	12:40:16
SIM_START	LKAS_C_0.3	2025-03-14 12:40:20
TIME	0.000
SIMULATE	LKAS_C_0.3

TIME	30.826
SIM_END		LKAS_C_0.3	30.823s	106.061m
SIM_START	LKAS_C_0.3	2025-03-14 12:40:55
TIME	0.000
SIMULATE	LKAS_C_0.3

TIME	109.472
SIM_END		LKAS_C_0.3	109.47s	395.63m
TIME	119.617
SIM_START	LKAS_C_0.3	2025-03-14 12:44:27
TIME	0.000
SIMULATE	LKAS_C_0.3

TIME	26.589
SIM_END		LKAS_C_0.3	26.586s	90.4617m
TIME	32.576
SHUTDOWN	CarMaker quick shutdown initiated

