APPLICATION	Truck_Generic <insert.your.version.no> #119 (win64-14.0)
COMPILED	Rahul Vishwanatha@ipgnb10342 2025-03-17 10:07:55
 
		I/O Configuration: default
FIRST_INIT	(internal default used)	2025-03-25 13:39:34
TIME	0.000
SIM_END			0s	0m
IDLE	13:39:35
SIM_START	unknown	2025-03-25 13:39:39
TIME	0.381
ERROR		PowerTrain.TCU DCT: Please select a gearbox model with a dual clutch transmission.
TIME	0.076
SIM_ABORT	unknown	0s	0m
SIM_START	unknown	2025-03-25 13:39:56
TIME	1.771
ERROR		PowerTrain.TCU DCT: Please select a gearbox model with a dual clutch transmission.
TIME	0.004
SIM_ABORT	unknown	0s	0m
SIM_START	unknown	2025-03-25 13:40:15
TIME	1.894
ERROR		PowerTrain.TCU DCT: Please select a gearbox model with a dual clutch transmission.
TIME	0.004
SIM_ABORT	unknown	0s	0m
TIME	2.039
SIM_START	unknown	2025-03-25 13:40:35
TIME	2.039
ERROR		PowerTrain.Gearbox DCT: Wrong number of backward gears, got 2 but only one possible
TIME	0.035
SIM_ABORT	unknown	0s	0m
TIME	2.656
SIM_START	unknown	2025-03-25 13:41:01
TIME	2.656
ERROR		PowerTrain.TCU DCT: Shifting Limit (Gear 1) above engine max speed
ERROR		PowerTrain.TCU DCT: Shifting Limit (Gear 2) above engine max speed
ERROR		PowerTrain.TCU DCT: Shifting Limit (Gear 3) above engine max speed
ERROR		PowerTrain.TCU DCT: Shifting Limit (Gear 4) above engine max speed
ERROR		PowerTrain.TCU DCT: Shifting Limit (Gear 5) above engine max speed
ERROR		PowerTrain.TCU DCT: Shifting Limit (Gear 6) above engine max speed
ERROR		PowerTrain.TCU DCT: Shifting Limit (Gear 7) above engine max speed
ERROR		PowerTrain.TCU DCT: Shifting Limit (Gear 1) above engine max speed
ERROR		PowerTrain.TCU DCT: Shifting Limit (Gear 2) above engine max speed
ERROR		PowerTrain.TCU DCT: Shifting Limit (Gear 3) above engine max speed
ERROR		PowerTrain.TCU DCT: Shifting Limit (Gear 4) above engine max speed
ERROR		PowerTrain.TCU DCT: Shifting Limit (Gear 5) above engine max speed
ERROR		PowerTrain.TCU DCT: Shifting Limit (Gear 6) above engine max speed
ERROR		PowerTrain.TCU DCT: Shifting Limit (Gear 7) above engine max speed
TIME	0.002
SIM_ABORT	unknown	0s	0m
SIM_START	unknown	2025-03-25 13:41:19
TIME	1.822
ERROR		PowerTrain.TCU DCT: Shifting Limit (Gear 1) above engine max speed
ERROR		PowerTrain.TCU DCT: Shifting Limit (Gear 2) above engine max speed
ERROR		PowerTrain.TCU DCT: Shifting Limit (Gear 3) above engine max speed
ERROR		PowerTrain.TCU DCT: Shifting Limit (Gear 4) above engine max speed
ERROR		PowerTrain.TCU DCT: Shifting Limit (Gear 5) above engine max speed
ERROR		PowerTrain.TCU DCT: Shifting Limit (Gear 6) above engine max speed
ERROR		PowerTrain.TCU DCT: Shifting Limit (Gear 7) above engine max speed
ERROR		PowerTrain.TCU DCT: Shifting Limit (Gear 1) above engine max speed
ERROR		PowerTrain.TCU DCT: Shifting Limit (Gear 2) above engine max speed
ERROR		PowerTrain.TCU DCT: Shifting Limit (Gear 3) above engine max speed
ERROR		PowerTrain.TCU DCT: Shifting Limit (Gear 4) above engine max speed
ERROR		PowerTrain.TCU DCT: Shifting Limit (Gear 5) above engine max speed
ERROR		PowerTrain.TCU DCT: Shifting Limit (Gear 6) above engine max speed
ERROR		PowerTrain.TCU DCT: Shifting Limit (Gear 7) above engine max speed
TIME	0.003
SIM_ABORT	unknown	0s	0m
TIME	26.533
SHUTDOWN	CarMaker quick shutdown initiated

