APPLICATION	Truck_Generic <insert.your.version.no> #94 (win64-14.0)
COMPILED	Rahul Vishwanatha@ipgnb10342 2025-03-14 14:33:09
 
		I/O Configuration: default
FIRST_INIT	(internal default used)	2025-03-14 14:33:23
TIME	0.000
SIM_END			0s	0m
IDLE	14:33:23
SIM_START	LKAS_C_0.3	2025-03-14 14:33:32
TIME	0.000
SIMULATE	LKAS_C_0.3

TIME	13.161
SIM_END		LKAS_C_0.3	13.158s	40.923m
TIME	15.563
SIM_START	LKAS_C_0.3	2025-03-14 14:34:10
TIME	0.000
SIMULATE	LKAS_C_0.3

TIME	30.002
SIM_END		LKAS_C_0.3	30s	90.5841m
TIME	70.011
SIM_START	LKAS_C_0.3	2025-03-14 14:41:21
TIME	0.000
SIMULATE	LKAS_C_0.3

TIME	10.002
SIM_END		LKAS_C_0.3	10s	29.3943m
TIME	14.496
SIM_START	LKAS_C_0.3	2025-03-14 14:42:17
TIME	0.000
SIMULATE	LKAS_C_0.3

TIME	19.049
SIM_END		LKAS_C_0.3	19.046s	62.4948m
SIM_START	LKAS_C_0.3	2025-03-14 14:42:47
TIME	0.000
SIMULATE	LKAS_C_0.3

TIME	40.002
SIM_END		LKAS_C_0.3	40s	139.342m
SIM_START	LKAS_C_0.3	2025-03-14 14:43:47
TIME	0.000
SIMULATE	LKAS_C_0.3

TIME	51.863
SIM_END		LKAS_C_0.3	51.86s	183.01m
TIME	64.292
SHUTDOWN	CarMaker quick shutdown initiated

