APPLICATION	Truck_Generic <insert.your.version.no> #71 (win64-14.0)
COMPILED	Rahul Vishwanatha@ipgnb10342 2025-03-14 12:34:56
 
		I/O Configuration: default
FIRST_INIT	(internal default used)	2025-03-14 12:35:03
TIME	0.000
SIM_END			0s	0m
IDLE	12:35:03
SIM_START	LKAS_C_0.3	2025-03-14 12:35:07
TIME	0.000
SIMULATE	LKAS_C_0.3

TIME	19.813
SIM_END		LKAS_C_0.3	19.81s	65.5171m
SIM_START	LKAS_C_0.3	2025-03-14 12:35:30
TIME	0.000
SIMULATE	LKAS_C_0.3

TIME	38.262
SIM_END		LKAS_C_0.3	38.259s	133.444m
SIM_START	LKAS_C_0.3	2025-03-14 12:36:12
TIME	0.000
SIMULATE	LKAS_C_0.3

TIME	37.237
SIM_END		LKAS_C_0.3	37.234s	129.67m
SIM_START	LKAS_C_0.3	2025-03-14 12:36:53
TIME	0.000
SIMULATE	LKAS_C_0.3

TIME	45.039
SIM_END		LKAS_C_0.3	45.036s	158.396m
SIM_START	LKAS_C_0.3	2025-03-14 12:37:42
TIME	0.000
SIMULATE	LKAS_C_0.3

TIME	110.043
SIM_END		LKAS_C_0.3	110.041s	395.649m
TIME	113.600
SHUTDOWN	CarMaker quick shutdown initiated

