APPLICATION	TruckMaker 14.0 - Truck_Generic #2 (win64-14.0)
COMPILED	jetbrains@b5882e3d7d42 2024-11-26 13:07:28
 
		I/O Configuration: default
FIRST_INIT	(internal default used)	2025-03-13 12:10:12
TIME	0.000
SIM_END			0s	0m
IDLE	12:10:12
		DVA read: Unknown quantity 'Sensor.Road.Vhcl.VehSensor_0.Lane.OnRight.tMidLane'
SIM_START	LKAS_C_0.3	2025-03-13 12:10:25
TIME	0.000
SIMULATE	LKAS_C_0.3

TIME	49.136
SIM_END		LKAS_C_0.3	49.133s	173.477m
SIM_START	LKAS_C_0.3	2025-03-13 12:10:50
TIME	0.000
SIMULATE	LKAS_C_0.3

TIME	90.299
SIM_END		LKAS_C_0.3	90.296s	325.034m
SIM_START	LKAS_C_0.3	2025-03-13 12:11:23
TIME	0.000
SIMULATE	LKAS_C_0.3

TIME	109.473
SIM_END		LKAS_C_0.3	109.47s	395.631m
TIME	128.061
SIM_START	LKAS_C_0.3	2025-03-13 12:15:06
TIME	0.000
SIMULATE	LKAS_C_0.3

TIME	109.472
SIM_END		LKAS_C_0.3	109.47s	395.631m
TIME	112.412
SIM_START	LKAS_C_0.3	2025-03-13 12:16:13
TIME	0.000
SIMULATE	LKAS_C_0.3

TIME	64.000
SIM_END		LKAS_C_0.3	63.997s	228.204m
SHUTDOWN	CarMaker quick shutdown initiated

