APPLICATION	Truck_Generic <insert.your.version.no> #117 (win64-14.0)
COMPILED	Rahul Vishwanatha@ipgnb10342 2025-03-14 16:48:24
 
		I/O Configuration: default
FIRST_INIT	(internal default used)	2025-03-14 17:37:04
TIME	0.000
SIM_END			0s	0m
IDLE	17:37:04
SIM_START	LKAS_C_Using_sensor_data_maneuvers	2025-03-14 17:37:20
TIME	0.000
SIMULATE	LKAS_C_Using_sensor_data_maneuvers

SIM_END		LKAS_C_Using_sensor_data_maneuvers	0.458s	7.93648e-05m
TIME	2.683
SIM_START	LKAS_C_Using_sensor_data_maneuvers	2025-03-14 17:37:44
TIME	0.000
SIMULATE	LKAS_C_Using_sensor_data_maneuvers

TIME	40.003
SIM_END		LKAS_C_Using_sensor_data_maneuvers	40s	143.264m
SIM_START	LKAS_C_Using_sensor_data_maneuvers	2025-03-14 17:38:33
TIME	0.000
SIMULATE	LKAS_C_Using_sensor_data_maneuvers

TIME	40.002
SIM_END		LKAS_C_Using_sensor_data_maneuvers	40s	143.264m
TIME	42.096
SIM_START	LKAS_C_Using_sensor_data_maneuvers	2025-03-14 17:39:35
TIME	0.000
SIMULATE	LKAS_C_Using_sensor_data_maneuvers

TIME	45.002
SIM_END		LKAS_C_Using_sensor_data_maneuvers	45s	162.065m
SIM_START	LKAS_C_Using_sensor_data_maneuvers	2025-03-14 17:40:12
TIME	0.000
SIMULATE	LKAS_C_Using_sensor_data_maneuvers

TIME	45.002
SIM_END		LKAS_C_Using_sensor_data_maneuvers	45s	162.065m
SIM_START	LKAS_C_Using_sensor_data_maneuvers	2025-03-14 17:40:38
TIME	0.000
SIMULATE	LKAS_C_Using_sensor_data_maneuvers

TIME	45.002
SIM_END		LKAS_C_Using_sensor_data_maneuvers	45s	162.065m
TIME	49.494
SIM_START	LKAS_C_Using_sensor_data_maneuvers	2025-03-14 17:41:46
TIME	0.000
SIMULATE	LKAS_C_Using_sensor_data_maneuvers

TIME	26.336
SIM_END		LKAS_C_Using_sensor_data_maneuvers	26.333s	91.9241m
TIME	96.803
SIM_START	LKAS_C_Using_sensor_data_maneuvers	2025-03-14 17:53:45
TIME	0.000
SIMULATE	LKAS_C_Using_sensor_data_maneuvers

TIME	45.002
SIM_END		LKAS_C_Using_sensor_data_maneuvers	45s	162.065m
TIME	49.186
SIM_START	LKAS_C_Using_sensor_data_maneuvers	2025-03-14 17:54:51
TIME	49.186
ERROR		Man 0, Step 1, cmd line 1: syntax error
	(Sensor.ObjByLane.Vhcl.VehSensor_2.tPOI >) (<<) 
TIME	0.054
SIM_ABORT	LKAS_C_Using_sensor_data_maneuvers	0s	162.065m
TIME	2.110
SIM_START	LKAS_C_Using_sensor_data_maneuvers	2025-03-14 17:55:11
TIME	0.000
SIMULATE	LKAS_C_Using_sensor_data_maneuvers

TIME	29.894
SIM_END		LKAS_C_Using_sensor_data_maneuvers	29.891s	105.293m
SIM_START	LKAS_C_Using_sensor_data_maneuvers	2025-03-14 17:55:31
TIME	0.000
SIMULATE	LKAS_C_Using_sensor_data_maneuvers

TIME	12.002
SIM_END		LKAS_C_Using_sensor_data_maneuvers	11.999s	38.0555m
SIM_START	LKAS_C_Using_sensor_data_maneuvers	2025-03-14 17:55:46
TIME	0.000
SIMULATE	LKAS_C_Using_sensor_data_maneuvers

TIME	10.095
SIM_END		LKAS_C_Using_sensor_data_maneuvers	10.092s	30.8813m
TIME	14.041
SIM_START	LKAS_C_Using_sensor_data_maneuvers	2025-03-14 17:56:37
TIME	0.000
SIMULATE	LKAS_C_Using_sensor_data_maneuvers

TIME	20.437
SIM_END		LKAS_C_Using_sensor_data_maneuvers	20.434s	69.7588m
SIM_START	LKAS_C_Using_sensor_data_maneuvers	2025-03-14 17:57:00
TIME	0.000
SIMULATE	LKAS_C_Using_sensor_data_maneuvers

TIME	31.502
SIM_END		LKAS_C_Using_sensor_data_maneuvers	31.499s	111.358m
SIM_START	LKAS_C_Using_sensor_data_maneuvers	2025-03-14 17:57:34
TIME	0.000
SIMULATE	LKAS_C_Using_sensor_data_maneuvers

TIME	19.179
SIM_END		LKAS_C_Using_sensor_data_maneuvers	19.176s	64.7291m
SIM_START	LKAS_C_Using_sensor_data_maneuvers	2025-03-14 17:58:01
TIME	0.000
SIMULATE	LKAS_C_Using_sensor_data_maneuvers

TIME	45.003
SIM_END		LKAS_C_Using_sensor_data_maneuvers	45s	135.363m
SIM_START	LKAS_C_Using_sensor_data_maneuvers	2025-03-14 17:59:06
TIME	0.000
SIMULATE	LKAS_C_Using_sensor_data_maneuvers

TIME	45.002
SIM_END		LKAS_C_Using_sensor_data_maneuvers	45s	115.527m
TIME	48.215
SIM_START	LKAS_C_Using_sensor_data_maneuvers	2025-03-14 18:00:24
TIME	0.000
SIMULATE	LKAS_C_Using_sensor_data_maneuvers

TIME	45.003
SIM_END		LKAS_C_Using_sensor_data_maneuvers	45s	160.229m
TIME	82.794
SIM_START	LKAS_C_Using_sensor_data_maneuvers	2025-03-14 18:07:28
TIME	0.000
SIMULATE	LKAS_C_Using_sensor_data_maneuvers

TIME	20.075
SIM_END		LKAS_C_Using_sensor_data_maneuvers	20.072s	67.9519m
SIM_START	LKAS_C_Using_sensor_data_maneuvers	2025-03-14 18:07:51
TIME	0.000
SIMULATE	LKAS_C_Using_sensor_data_maneuvers

TIME	14.400
ERROR		ObjectByLane Sensor 0: ObjByLane Eval failed
SIM_ABORT	LKAS_C_Using_sensor_data_maneuvers	14.401s	46.9009m
TIME	34.407
SIM_START	LKAS_C_Using_sensor_data_maneuvers	2025-03-14 18:11:27
TIME	0.000
SIMULATE	LKAS_C_Using_sensor_data_maneuvers

TIME	27.855
SIM_END		LKAS_C_Using_sensor_data_maneuvers	27.852s	97.0566m
TIME	56.873
SIM_START	LKAS_C_Using_sensor_data_maneuvers	2025-03-14 18:16:46
TIME	0.000
SIMULATE	LKAS_C_Using_sensor_data_maneuvers

TIME	37.808
SIM_END		LKAS_C_Using_sensor_data_maneuvers	37.805s	133.951m
SIM_START	LKAS_C_Using_sensor_data_maneuvers	2025-03-14 18:17:27
TIME	0.000
SIMULATE	LKAS_C_Using_sensor_data_maneuvers

TIME	45.002
SIM_END		LKAS_C_Using_sensor_data_maneuvers	45s	115.527m
TIME	55.316
SIM_START	LKAS_C_Using_sensor_data_maneuvers	2025-03-14 18:19:56
TIME	0.000
SIMULATE	LKAS_C_Using_sensor_data_maneuvers

TIME	45.002
SIM_END		LKAS_C_Using_sensor_data_maneuvers	45s	115.527m
TIME	47.937
SIM_START	LKAS_C_Using_sensor_data_maneuvers	2025-03-14 18:21:11
TIME	0.000
SIMULATE	LKAS_C_Using_sensor_data_maneuvers

TIME	22.781
SIM_END		LKAS_C_Using_sensor_data_maneuvers	22.778s	78.5441m
SIM_START	LKAS_C_Using_sensor_data_maneuvers	2025-03-14 18:21:37
TIME	0.000
SIMULATE	LKAS_C_Using_sensor_data_maneuvers

TIME	33.360
SIM_END		LKAS_C_Using_sensor_data_maneuvers	33.357s	118.294m
SIM_START	LKAS_C_Using_sensor_data_maneuvers	2025-03-14 18:22:13
TIME	0.000
SIMULATE	LKAS_C_Using_sensor_data_maneuvers

TIME	45.002
SIM_END		LKAS_C_Using_sensor_data_maneuvers	45s	162.043m
TIME	55.511
SIM_START	LKAS_C_Using_sensor_data_maneuvers	2025-03-14 18:24:45
TIME	0.000
SIMULATE	LKAS_C_Using_sensor_data_maneuvers

TIME	39.879
SIM_END		LKAS_C_Using_sensor_data_maneuvers	39.876s	142.811m
TIME	45.826
SIM_START	LKAS_C_Using_sensor_data_maneuvers	2025-03-14 18:26:25
TIME	0.000
SIMULATE	LKAS_C_Using_sensor_data_maneuvers

TIME	11.800
ERROR		ObjectByLane Sensor 0: ObjByLane Eval failed
SIM_ABORT	LKAS_C_Using_sensor_data_maneuvers	11.801s	37.4323m
SIM_START	LKAS_C_Using_sensor_data_maneuvers	2025-03-14 18:26:45
TIME	0.000
SIMULATE	LKAS_C_Using_sensor_data_maneuvers

TIME	11.800
ERROR		ObjectByLane Sensor 0: ObjByLane Eval failed
SIM_ABORT	LKAS_C_Using_sensor_data_maneuvers	11.801s	37.4323m
TIME	14.440
SIM_START	LKAS_C_Using_sensor_data_maneuvers	2025-03-14 18:27:25
TIME	0.000
SIMULATE	LKAS_C_Using_sensor_data_maneuvers

TIME	15.670
SIM_END		LKAS_C_Using_sensor_data_maneuvers	15.667s	51.8406m
SIM_START	LKAS_C_Using_sensor_data_maneuvers	2025-03-14 18:27:44
TIME	0.000
SIMULATE	LKAS_C_Using_sensor_data_maneuvers

TIME	45.002
SIM_END		LKAS_C_Using_sensor_data_maneuvers	45s	162.117m
TIME	48.682
SIM_START	LKAS_C_Using_sensor_data_maneuvers	2025-03-14 18:29:07
TIME	0.000
SIMULATE	LKAS_C_Using_sensor_data_maneuvers

TIME	11.800
ERROR		ObjectByLane Sensor 0: ObjByLane Eval failed
SIM_ABORT	LKAS_C_Using_sensor_data_maneuvers	11.801s	37.4323m
TIME	16.099
SIM_START	LKAS_C_Using_sensor_data_maneuvers	2025-03-14 18:30:03
TIME	0.000
SIMULATE	LKAS_C_Using_sensor_data_maneuvers

TIME	45.003
SIM_END		LKAS_C_Using_sensor_data_maneuvers	45s	162.065m
SIM_START	LKAS_C_Using_sensor_data_maneuvers	2025-03-14 18:31:03
TIME	0.000
SIMULATE	LKAS_C_Using_sensor_data_maneuvers

TIME	11.800
ERROR		ObjectByLane Sensor 0: ObjByLane Eval failed
SIM_ABORT	LKAS_C_Using_sensor_data_maneuvers	11.801s	37.4323m
SHUTDOWN	CarMaker quick shutdown initiated

