APPLICATION	Truck_Generic <insert.your.version.no> #101 (win64-14.0)
COMPILED	Rahul Vishwanatha@ipgnb10342 2025-03-14 14:59:19
 
		I/O Configuration: default
FIRST_INIT	(internal default used)	2025-03-14 14:59:25
TIME	0.000
SIM_END			0s	0m
IDLE	14:59:26
SIM_START	LKAS_C_0.3	2025-03-14 14:59:36
TIME	0.000
SIMULATE	LKAS_C_0.3

TIME	11.655
SIM_END		LKAS_C_0.3	11.652s	35.3043m
TIME	30.893
SIM_START	LKAS_C_0.3	2025-03-14 15:03:01
TIME	0.000
SIMULATE	LKAS_C_0.3

TIME	29.447
SIM_END		LKAS_C_0.3	29.444s	395.646m
TIME	33.329
SIM_START	LKAS_C_0.3	2025-03-14 15:04:11
TIME	0.000
SIMULATE	LKAS_C_0.3

TIME	9.207
SIM_END		LKAS_C_0.3	9.204s	89.5875m
TIME	12.187
SHUTDOWN	CarMaker quick shutdown initiated

