APPLICATION	Truck_Generic <insert.your.version.no> #86 (win64-14.0)
COMPILED	Rahul Vishwanatha@ipgnb10342 2025-03-14 14:19:33
 
		I/O Configuration: default
FIRST_INIT	(internal default used)	2025-03-14 14:19:39
TIME	0.000
SIM_END			0s	0m
IDLE	14:19:39
SIM_START	LKAS_C_0.3	2025-03-14 14:19:44
TIME	0.000
SIMULATE	LKAS_C_0.3

TIME	43.453
SIM_END		LKAS_C_0.3	43.45s	143.511m
TIME	62.095
SIM_START	LKAS_C_0.3	2025-03-14 14:23:35
TIME	0.000
SIMULATE	LKAS_C_0.3

TIME	19.307
ERROR		Vehicle leaves road at about x=68.144, y=-8.45198 TireNo=1
SIM_ABORT	LKAS_C_0.3	19.308s	61.0189m
TIME	21.817
SHUTDOWN	CarMaker quick shutdown initiated

