APPLICATION	Truck_Generic <insert.your.version.no> #117 (win64-14.0)
COMPILED	Rahul Vishwanatha@ipgnb10342 2025-03-14 16:48:24
 
		I/O Configuration: default
FIRST_INIT	(internal default used)	2025-03-17 09:24:39
TIME	0.000
SIM_END			0s	0m
IDLE	09:24:39
SIM_START	LKAS_C_Using_sensor_data_maneuvers	2025-03-17 09:24:41
TIME	0.000
SIMULATE	LKAS_C_Using_sensor_data_maneuvers

TIME	22.814
SIM_END		LKAS_C_Using_sensor_data_maneuvers	22.811s	78.6743m
TIME	31.345
SIM_START	LKAS_C_Using_sensor_data_maneuvers	2025-03-17 09:26:30
TIME	0.000
SIMULATE	LKAS_C_Using_sensor_data_maneuvers

TIME	33.448
SIM_END		LKAS_C_Using_sensor_data_maneuvers	33.445s	118.631m
SIM_START	LKAS_C_Using_sensor_data_maneuvers	2025-03-17 09:27:06
TIME	0.000
SIMULATE	LKAS_C_Using_sensor_data_maneuvers

TIME	28.559
SIM_END		LKAS_C_Using_sensor_data_maneuvers	28.556s	100.261m
TIME	31.643
SIM_START	LKAS_C_Using_sensor_data_maneuvers	2025-03-17 09:28:07
TIME	0.000
SIMULATE	LKAS_C_Using_sensor_data_maneuvers

TIME	34.703
SIM_END		LKAS_C_Using_sensor_data_maneuvers	34.7s	123.36m
TIME	262.256
SHUTDOWN	CarMaker quick shutdown initiated

