APPLICATION	Truck_Generic <insert.your.version.no> #95 (win64-14.0)
COMPILED	Rahul Vishwanatha@ipgnb10342 2025-03-14 14:46:22
 
		I/O Configuration: default
FIRST_INIT	(internal default used)	2025-03-14 14:46:26
TIME	0.000
SIM_END			0s	0m
IDLE	14:46:27
SIM_START	LKAS_C_0.3	2025-03-14 14:46:32
TIME	0.000
SIMULATE	LKAS_C_0.3

TIME	12.451
ERROR		Vehicle leaves road at about x=47.1121, y=-8.00329 TireNo=1
SIM_ABORT	LKAS_C_0.3	12.452s	38.4242m
SIM_START	LKAS_C_0.3	2025-03-14 14:46:46
TIME	0.000
SIMULATE	LKAS_C_0.3

TIME	10.611
SIM_END		LKAS_C_0.3	10.608s	31.6346m
SIM_START	LKAS_C_0.3	2025-03-14 14:47:10
TIME	0.000
SIMULATE	LKAS_C_0.3

TIME	22.322
SIM_END		LKAS_C_0.3	22.319s	74.7557m
SIM_START	LKAS_C_0.3	2025-03-14 14:47:38
TIME	0.000
SIMULATE	LKAS_C_0.3

TIME	8.750
SIM_END		LKAS_C_0.3	8.747s	24.7823m
SIM_START	LKAS_C_0.3	2025-03-14 14:48:27
TIME	0.000
SIMULATE	LKAS_C_0.3

TIME	4.314
SIM_END		LKAS_C_0.3	4.312s	8.45148m
SHUTDOWN	CarMaker quick shutdown initiated

