APPLICATION	Truck_Generic <insert.your.version.no> #69 (win64-14.0)
COMPILED	Rahul Vishwanatha@ipgnb10342 2025-03-14 12:17:53
 
		I/O Configuration: default
FIRST_INIT	(internal default used)	2025-03-14 12:18:01
TIME	0.000
SIM_END			0s	0m
IDLE	12:18:02
SIM_START	LKAS_C_0.3	2025-03-14 12:18:04
TIME	0.000
SIMULATE	LKAS_C_0.3

TIME	7.934
ERROR		Vehicle leaves road at about x=29.1617, y=-7.62295 TireNo=1
SIM_ABORT	LKAS_C_0.3	7.935s	21.7766m
SIM_START	LKAS_C_0.3	2025-03-14 12:18:21
TIME	0.000
SIMULATE	LKAS_C_0.3

TIME	7.934
ERROR		Vehicle leaves road at about x=29.1617, y=-7.62295 TireNo=1
SIM_ABORT	LKAS_C_0.3	7.935s	21.7766m
SHUTDOWN	CarMaker quick shutdown initiated

