APPLICATION	Truck_Generic <insert.your.version.no> #20 (win64-14.0)
COMPILED	Rahul Vishwanatha@ipgnb10342 2025-03-13 12:39:00
 
		I/O Configuration: default
FIRST_INIT	(internal default used)	2025-03-13 12:39:11
TIME	0.000
SIM_END			0s	0m
IDLE	12:39:12
SIM_START	LKAS_C_0.3	2025-03-13 12:39:19
TIME	0.000
SIMULATE	LKAS_C_0.3

TIME	37.657
SIM_END		LKAS_C_0.3	37.654s	131.217m
SIM_START	LKAS_C_0.3	2025-03-13 12:39:59
TIME	0.000
SIMULATE	LKAS_C_0.3

TIME	56.322
ERROR		Vehicle leaves road at about x=207.399, y=2.59667 TireNo=0
SIM_ABORT	LKAS_C_0.3	56.323s	199.983m
SIM_START	LKAS_C_0.3	2025-03-13 12:41:01
TIME	0.000
SIMULATE	LKAS_C_0.3

TIME	23.104
ERROR		Vehicle leaves road at about x=85.2129, y=-8.81236 TireNo=1
SIM_ABORT	LKAS_C_0.3	23.105s	77.7273m
TIME	28.169
SIM_START	LKAS_C_0.3	2025-03-13 12:42:16
TIME	0.099
SIM_END		LKAS_C_0.3	0s	0m
SHUTDOWN	CarMaker quick shutdown initiated

