APPLICATION	Truck_Generic <insert.your.version.no> #154 (win64-14.0)
COMPILED	Rahul Vishwanatha@ipgnb10342 2025-04-03 17:42:28
 
		I/O Configuration: default
FIRST_INIT	(internal default used)	2025-04-03 17:53:25
TIME	0.000
SIM_END			0s	0m
IDLE	17:53:25
SIM_START	LKAS_C_Using_sensor_data_maneuvers	2025-04-03 17:53:28
TIME	0.000
SIMULATE	LKAS_C_Using_sensor_data_maneuvers

TIME	100.681
SIM_END		LKAS_C_Using_sensor_data_maneuvers	100.679s	371.635m
SIM_START	LKAS_C_Using_sensor_data_maneuvers	2025-04-03 17:54:09
TIME	0.000
SIMULATE	LKAS_C_Using_sensor_data_maneuvers

TIME	13.176
SIM_END		LKAS_C_Using_sensor_data_maneuvers	13.173s	42.6835m
SIM_START	LKAS_C_Using_sensor_data_maneuvers	2025-04-03 17:54:16
TIME	0.000
SIMULATE	LKAS_C_Using_sensor_data_maneuvers

TIME	101.343
SIM_END		LKAS_C_Using_sensor_data_maneuvers	101.341s	374.259m
TIME	327.744
SHUTDOWN	CarMaker quick shutdown initiated

