APPLICATION	Truck_Generic <insert.your.version.no> #67 (win64-14.0)
COMPILED	Rahul Vishwanatha@ipgnb10342 2025-03-14 12:05:14
 
		I/O Configuration: default
FIRST_INIT	(internal default used)	2025-03-14 12:05:25
TIME	0.000
SIM_END			0s	0m
IDLE	12:05:26
SIM_START	LKAS_C_0.3	2025-03-14 12:05:28
TIME	0.000
SIMULATE	LKAS_C_0.3

TIME	109.474
SIM_END		LKAS_C_0.3	109.472s	395.639m
TIME	137.461
SIM_START	LKAS_C_0.3	2025-03-14 12:11:59
TIME	0.000
SIMULATE	LKAS_C_0.3

TIME	109.475
SIM_END		LKAS_C_0.3	109.472s	395.639m
TIME	124.563
SIM_START	LKAS_C_0.3	2025-03-14 12:16:20
TIME	0.000
SIMULATE	LKAS_C_0.3

TIME	35.931
SHUTDOWN	CarMaker quick shutdown initiated

SIM_END		LKAS_C_0.3	35.932s	124.874m
