APPLICATION	Truck_Generic <insert.your.version.no> #105 (win64-14.0)
COMPILED	Rahul Vishwanatha@ipgnb10342 2025-03-14 15:20:00
 
		I/O Configuration: default
FIRST_INIT	(internal default used)	2025-03-14 15:20:21
TIME	0.000
SIM_END			0s	0m
IDLE	15:20:21
TIME	2.249
SIM_START	LKAS_C_0.3	2025-03-14 15:20:44
TIME	0.000
SIMULATE	LKAS_C_0.3

TIME	22.392
SIM_END		LKAS_C_0.3	22.389s	281.892m
TIME	40.629
SIM_START	LKAS_C_0.3	2025-03-14 15:24:10
TIME	0.000
SIMULATE	LKAS_C_0.3

TIME	29.404
SIM_END		LKAS_C_0.3	29.402s	395.644m
SIM_START	LKAS_C_0.3	2025-03-14 15:24:46
TIME	0.000
SIMULATE	LKAS_C_0.3

TIME	16.916
SIM_END		LKAS_C_0.3	16.913s	197.687m
TIME	26.428
SHUTDOWN	CarMaker quick shutdown initiated

