APPLICATION	Truck_Generic <insert.your.version.no> #78 (win64-14.0)
COMPILED	Rahul Vishwanatha@ipgnb10342 2025-03-14 13:05:35
 
		I/O Configuration: default
FIRST_INIT	(internal default used)	2025-03-14 13:05:52
TIME	0.000
SIM_END			0s	0m
IDLE	13:05:52
SIM_START	LKAS_C_0.3	2025-03-14 13:05:58
TIME	0.000
SIMULATE	LKAS_C_0.3

TIME	13.505
SIM_END		LKAS_C_0.3	13.502s	42.2885m
TIME	22.988
SIM_START	LKAS_C_0.3	2025-03-14 13:07:48
TIME	0.000
SIMULATE	LKAS_C_0.3

TIME	26.298
SIM_END		LKAS_C_0.3	26.295s	89.1182m
TIME	41.252
SHUTDOWN	CarMaker quick shutdown initiated

