APPLICATION	Truck_Generic <insert.your.version.no> #111 (win64-14.0)
COMPILED	Rahul Vishwanatha@ipgnb10342 2025-03-14 15:40:51
 
		I/O Configuration: default
FIRST_INIT	(internal default used)	2025-03-14 15:40:54
TIME	0.000
SIM_END			0s	0m
IDLE	15:40:55
SIM_START	LKAS_C_0.3	2025-03-14 15:41:00
TIME	0.000
SIMULATE	LKAS_C_0.3

TIME	29.404
SIM_END		LKAS_C_0.3	29.402s	395.644m
SIM_START	LKAS_C_0.3	2025-03-14 15:41:39
TIME	30.301
ERROR		Vehicle: Can't read file 'Data/Vehicle/.tmp_IPGNB10342_Rahul Vishwanatha.1': No such file or directory
TIME	0.004
SIM_ABORT	LKAS_C_0.3	0s	395.644m
SIM_START	LKAS_C_0.3	2025-03-14 15:41:40
TIME	0.000
SIMULATE	LKAS_C_0.3

TIME	29.405
SIM_END		LKAS_C_0.3	29.402s	395.644m
TIME	34.096
SHUTDOWN	CarMaker quick shutdown initiated

