APPLICATION	Truck_Generic <insert.your.version.no> #2 (win64-14.0)
COMPILED	Rahul Vishwanatha@ipgnb10342 2025-03-12 13:13:45
 
		I/O Configuration: default
FIRST_INIT	(internal default used)	2025-03-12 14:18:51
TIME	0.000
SIM_END			0s	0m
IDLE	14:18:51
SIM_START	LKAS_C_0.3	2025-03-12 14:18:55
TIME	0.000
SIMULATE	LKAS_C_0.3

TIME	29.479
SIM_END		LKAS_C_0.3	29.476s	101.104m
SIM_START	LKAS_C_0.3	2025-03-12 14:19:13
TIME	0.000
SIMULATE	LKAS_C_0.3

TIME	40.002
SIM_END		LKAS_C_0.3	40s	139.853m
TIME	199.311
SIM_START	LKAS_C_0.3	2025-03-12 14:46:08
TIME	0.000
SIMULATE	LKAS_C_0.3

TIME	40.002
SIM_END		LKAS_C_0.3	40s	139.868m
