APPLICATION	Truck_Generic <insert.your.version.no> #2 (win64-14.0)
COMPILED	Rahul Vishwanatha@ipgnb10342 2025-03-12 13:13:45
 
		I/O Configuration: default
FIRST_INIT	(internal default used)	2025-03-12 19:37:11
TIME	0.000
SIM_END			0s	0m
IDLE	19:37:11
SIM_START	LKAS_C_0.3	2025-03-12 19:37:14
TIME	0.000
SIMULATE	LKAS_C_0.3

TIME	40.002
SIM_END		LKAS_C_0.3	40s	139.853m
TIME	126.067
SIM_START	LKAS_C_0.3	2025-03-12 19:52:17
TIME	0.000
SIMULATE	LKAS_C_0.3

TIME	15.263
SIM_END		LKAS_C_0.3	15.26s	48.7623m
SIM_START	LKAS_C_0.3	2025-03-12 19:52:35
TIME	0.000
SIMULATE	LKAS_C_0.3

TIME	25.612
SHUTDOWN	CarMaker quick shutdown initiated

SIM_END		LKAS_C_0.3	25.613s	86.8808m
