APPLICATION	TruckMaker 14.0 - Truck_Generic #2 (win64-14.0)
COMPILED	jetbrains@b5882e3d7d42 2024-11-26 13:07:28
 
		I/O Configuration: default
FIRST_INIT	(internal default used)	2025-03-12 13:10:58
TIME	0.000
SIM_END			0s	0m
IDLE	13:10:59
SIM_START	LKAS_C_0.3	2025-03-12 13:11:03
TIME	0.000
SIMULATE	LKAS_C_0.3

TIME	40.002
SIM_END		LKAS_C_0.3	40s	139.881m
SIM_START	LKAS_C_0.3	2025-03-12 13:11:27
TIME	0.000
SIMULATE	LKAS_C_0.3

TIME	10.002
SIM_END		LKAS_C_0.3	10s	29.4062m
SIM_START	LKAS_C_0.3	2025-03-12 13:11:39
TIME	0.000
SIMULATE	LKAS_C_0.3

TIME	38.876
SIM_END		LKAS_C_0.3	38.873s	135.732m
SHUTDOWN	CarMaker quick shutdown initiated

