APPLICATION	TruckMaker 14.0 - Truck_Generic #2 (win64-14.0)
COMPILED	jetbrains@b5882e3d7d42 2024-11-26 13:07:28
 
		I/O Configuration: default
FIRST_INIT	(internal default used)	2025-03-13 12:16:46
TIME	0.000
SIM_END			0s	0m
IDLE	12:16:46
SIM_START	LKAS_C_0.3	2025-03-13 12:16:51
TIME	0.000
SIMULATE	LKAS_C_0.3

TIME	66.834
ERROR		Vehicle leaves road at about x=246.564, y=-12.2412 TireNo=1
SIM_ABORT	LKAS_C_0.3	66.835s	238.655m
TIME	71.446
SIM_START	LKAS_C_0.3	2025-03-13 12:18:37
TIME	0.000
SIMULATE	LKAS_C_0.3

TIME	21.377
ERROR		Vehicle leaves road at about x=78.894, y=-8.67899 TireNo=1
SIM_ABORT	LKAS_C_0.3	21.378s	71.0906m
TIME	27.730
SIM_START	LKAS_C_0.3	2025-03-13 12:20:03
TIME	0.000
SIMULATE	LKAS_C_0.3

TIME	9.678
ERROR		Vehicle leaves road at about x=33.7288, y=6.28773 TireNo=0
SIM_ABORT	LKAS_C_0.3	9.679s	28.2496m
SIM_START	LKAS_C_0.3	2025-03-13 12:20:24
TIME	0.000
SIMULATE	LKAS_C_0.3

TIME	10.209
SIM_END		LKAS_C_0.3	10.206s	30.1703m
TIME	14.935
SHUTDOWN	CarMaker quick shutdown initiated

