APPLICATION	Truck_Generic <insert.your.version.no> #70 (win64-14.0)
COMPILED	Rahul Vishwanatha@ipgnb10342 2025-03-14 12:18:45
 
		I/O Configuration: default
FIRST_INIT	(internal default used)	2025-03-14 12:18:54
TIME	0.000
SIM_END			0s	0m
IDLE	12:18:54
SIM_START	LKAS_C_0.3	2025-03-14 12:18:56
TIME	0.000
SIMULATE	LKAS_C_0.3

TIME	13.939
ERROR		Vehicle leaves road at about x=52.3999, y=-8.11631 TireNo=1
SIM_ABORT	LKAS_C_0.3	13.94s	43.9039m
TIME	16.361
SIM_START	LKAS_C_0.3	2025-03-14 12:19:35
TIME	0.000
SIMULATE	LKAS_C_0.3

TIME	13.939
ERROR		Vehicle leaves road at about x=52.3999, y=-8.11631 TireNo=1
SIM_ABORT	LKAS_C_0.3	13.94s	43.9039m
SIM_START	LKAS_C_0.3	2025-03-14 12:20:07
TIME	0.000
SIMULATE	LKAS_C_0.3

TIME	13.939
ERROR		Vehicle leaves road at about x=52.3999, y=-8.11631 TireNo=1
SIM_ABORT	LKAS_C_0.3	13.94s	43.9039m
TIME	18.109
SIM_START	LKAS_C_0.3	2025-03-14 12:21:03
TIME	0.000
SIMULATE	LKAS_C_0.3

TIME	11.182
SIM_END		LKAS_C_0.3	11.179s	33.7367m
SIM_START	LKAS_C_0.3	2025-03-14 12:21:19
TIME	0.000
SIMULATE	LKAS_C_0.3

TIME	45.686
SIM_END		LKAS_C_0.3	45.683s	160.778m
SIM_START	LKAS_C_0.3	2025-03-14 12:22:07
TIME	0.000
SIMULATE	LKAS_C_0.3

TIME	87.300
SIM_END		LKAS_C_0.3	87.297s	313.996m
SIM_START	LKAS_C_0.3	2025-03-14 12:23:38
TIME	0.000
SIMULATE	LKAS_C_0.3

TIME	17.579
SIM_END		LKAS_C_0.3	17.576s	57.2918m
TIME	21.010
SIM_START	LKAS_C_0.3	2025-03-14 12:24:31
TIME	0.000
SIMULATE	LKAS_C_0.3

TIME	109.498
SIM_END		LKAS_C_0.3	109.495s	395.726m
TIME	148.182
SIM_START	LKAS_C_0.3	2025-03-14 12:32:48
TIME	0.000
SIMULATE	LKAS_C_0.3

TIME	109.498
SIM_END		LKAS_C_0.3	109.495s	395.726m
SHUTDOWN	CarMaker quick shutdown initiated

