

SYSTEM_START	-	IPGNB10342	IPGNB10342	2025-03-04 12:12:27


SYSTEM_INFO	TruckMaker 14.0 - Truck_Generic #2	jetbrains@b5882e3d7d42 2024-11-26 13:07:28	(14.0 jetbrains@b5882e3d7d42 2024-11-26 12:48:15)
SIM	1741070547	IPGNB10342			0	0	0
SIM	1741070550	IPGNB10342	Rahul_Vishwanatha	unknown	1	0	0
SIM	1741070570	IPGNB10342	Rahul_Vishwanatha	unknown	1	0	0


SYSTEM_START	-	IPGNB10342	IPGNB10342	2025-03-04 12:13:06


SYSTEM_INFO	TruckMaker 14.0 - Truck_Generic #2	jetbrains@b5882e3d7d42 2024-11-26 13:07:28	(14.0 jetbrains@b5882e3d7d42 2024-11-26 12:48:15)
SIM	1741070586	IPGNB10342			0	0	0
SIM	1741070589	IPGNB10342	Rahul_Vishwanatha	unknown	1	0	0
SIM	1741070615	IPGNB10342	Rahul_Vishwanatha	unknown	1	0	0
SIM	1741070635	IPGNB10342	Rahul_Vishwanatha	unknown	1	0	0
SIM	1741070637	IPGNB10342	Rahul_Vishwanatha	unknown	1	0	0
SIM	1741070645	IPGNB10342	Rahul_Vishwanatha	unknown	1	0	0
SIM	1741070656	IPGNB10342	Rahul_Vishwanatha	unknown	1	0	0
SIM	1741070659	IPGNB10342	Rahul_Vishwanatha	unknown	1	0	0


SYSTEM_START	-	IPGNB10342	IPGNB10342	2025-03-04 12:15:19


SYSTEM_INFO	TruckMaker 14.0 - Truck_Generic #2	jetbrains@b5882e3d7d42 2024-11-26 13:07:28	(14.0 jetbrains@b5882e3d7d42 2024-11-26 12:48:15)
SIM	1741070719	IPGNB10342			0	0	0
SIM	1741070720	IPGNB10342	Rahul_Vishwanatha	samp	1	0	0
SIM	1741070747	IPGNB10342	Rahul_Vishwanatha	samp	1	0	0
SIM	1741070763	IPGNB10342	Rahul_Vishwanatha	samp	1	0	0
SIM	1741070781	IPGNB10342	Rahul_Vishwanatha	samp	0	2.217	1.46561
SIM	1741071025	IPGNB10342	Rahul_Vishwanatha	samp	0	12.673	30.088
SIM	1741072458	IPGNB10342	Rahul_Vishwanatha	ModelCheck	0	2.977	0
SIM	1741073562	IPGNB10342	Rahul_Vishwanatha	samp	0	23.157	54.0328
SIM	1741073657	IPGNB10342	Rahul_Vishwanatha	samp	0	91.437	207.576
SIM	1741075034	IPGNB10342	Rahul_Vishwanatha	samp	0	91.437	207.576


SYSTEM_START	-	IPGNB10342	IPGNB10342	2025-03-04 14:09:45


SYSTEM_INFO	TruckMaker 14.0 - Truck_Generic #2	jetbrains@b5882e3d7d42 2024-11-26 13:07:28	(14.0 jetbrains@b5882e3d7d42 2024-11-26 12:48:15)
SIM	1741077585	IPGNB10342			0	0	0
SIM	1741077822	IPGNB10342	Rahul_Vishwanatha	samp	0	8.795	20.4395
SIM	1741078681	IPGNB10342	Rahul_Vishwanatha	samp	0	45.977	105.349
SIM	1741078729	IPGNB10342	Rahul_Vishwanatha	samp	0	91.437	207.576
SIM	1741078826	IPGNB10342	Rahul_Vishwanatha	samp	0	91.437	207.576
SIM	1741079385	IPGNB10342	Rahul_Vishwanatha	samp	1	0	207.576
SIM	1741079613	IPGNB10342	Rahul_Vishwanatha	samp	0	91.437	207.576
SIM	1741079659	IPGNB10342	Rahul_Vishwanatha	samp	0	91.437	207.576
SIM	1741079819	IPGNB10342	Rahul_Vishwanatha	samp	0	91.349	207.579
SIM	1741079832	IPGNB10342	Rahul_Vishwanatha	samp	0	91.458	207.581
SIM	1741079846	IPGNB10342	Rahul_Vishwanatha	samp	0	52.585	120.166
SIM	1741080003	IPGNB10342	Rahul_Vishwanatha	samp	0	53.747	122.855
SIM	1741080468	IPGNB10342	Rahul_Vishwanatha	Project_IAD	0	0.002	3.99822e-10
SIM	1741080514	IPGNB10342	Rahul_Vishwanatha	Project_IAD	0	0.002	7.27735e-10
SIM	1741080566	IPGNB10342	Rahul_Vishwanatha	Project_IAD	0	0	0
SIM	1741080614	IPGNB10342	Rahul_Vishwanatha	Project_IAD	0	0.002	1.06685e-08
SIM	1741080626	IPGNB10342	Rahul_Vishwanatha	Project_IAD	0	0.002	1.06685e-08
SIM	1741080632	IPGNB10342	Rahul_Vishwanatha	Project_IAD	0	0.002	1.06685e-08
SIM	1741080680	IPGNB10342	Rahul_Vishwanatha	Project_IAD	0	0.002	1.06685e-08
SIM	1741080693	IPGNB10342	Rahul_Vishwanatha	Project_IAD	0	0.002	1.06685e-08
SIM	1741080730	IPGNB10342	Rahul_Vishwanatha	Project_IAD	0	0.002	1.06685e-08
SIM	1741080891	IPGNB10342	Rahul_Vishwanatha	unknown	0	90	161.262
SIM	1741081226	IPGNB10342	Rahul_Vishwanatha	samp	0	91.458	207.581
SIM	1741086211	IPGNB10342	Rahul_Vishwanatha	samp	1	0	207.581
SIM	1741089224	IPGNB10342	Rahul_Vishwanatha	samp	1	0	0
SIM	1741089263	IPGNB10342	Rahul_Vishwanatha	samp	0	9.236	21.5635
SIM	1741089274	IPGNB10342	Rahul_Vishwanatha	samp	0	11.111	26.2691
SIM	1741089305	IPGNB10342	Rahul_Vishwanatha	samp	0	60.846	138.743
SIM	1741089343	IPGNB10342	Rahul_Vishwanatha	samp	0	31.651	73.0807
SIM	1741089362	IPGNB10342	Rahul_Vishwanatha	samp	0	91.458	207.581
SIM	1741089480	IPGNB10342	Rahul_Vishwanatha	samp	0	53.609	122.469
SIM	1741089551	IPGNB10342	Rahul_Vishwanatha	samp	0	47.999	109.854
SIM	1741089782	IPGNB10342	Rahul_Vishwanatha	samp	0	13.898	33.0186
SIM	1741089965	IPGNB10342	Rahul_Vishwanatha	samp	0	91.458	207.581
SIM	1741089995	IPGNB10342	Rahul_Vishwanatha	samp	0	55.009	125.617
SIM	1741090010	IPGNB10342	Rahul_Vishwanatha	samp	0	13.37	31.7624
SIM	1741090031	IPGNB10342	Rahul_Vishwanatha	samp	0	21.273	49.7962
SIM	1741090053	IPGNB10342	Rahul_Vishwanatha	samp	0	91.458	207.581
SIM	1741090746	IPGNB10342	Rahul_Vishwanatha	samp	0	30.137	69.7375
SIM	1741090755	IPGNB10342	Rahul_Vishwanatha	samp	0	65.953	150.227
SIM	1741090771	IPGNB10342	Rahul_Vishwanatha	samp	0	91.458	207.581
SIM	1741093388	IPGNB10342	Rahul_Vishwanatha	Project_IAD	0	0.002	1.06685e-08
SIM	1741093399	IPGNB10342	Rahul_Vishwanatha	Project_IAD	0	0.002	1.06685e-08


SYSTEM_START	-	IPGNB10342	IPGNB10342	2025-03-04 19:47:46


SYSTEM_INFO	TruckMaker 14.0 - Truck_Generic #2	jetbrains@b5882e3d7d42 2024-11-26 13:07:28	(14.0 jetbrains@b5882e3d7d42 2024-11-26 12:48:15)
SIM	1741097866	IPGNB10342			0	0	0
SIM	1741097868	IPGNB10342	Rahul_Vishwanatha	Project_IAD2	0	3.943	5.72622
SIM	1741097876	IPGNB10342	Rahul_Vishwanatha	Project_IAD2	0	2.729	2.2606
SIM	1741097889	IPGNB10342	Rahul_Vishwanatha	Project_IAD2	0	39.325	93.4575
SIM	1741097955	IPGNB10342	Rahul_Vishwanatha	Project_IAD2	0	7.43	38.6893


SYSTEM_START	-	IPGNB10342	IPGNB10342	2025-03-05 12:01:12


SYSTEM_INFO	TruckMaker 14.0 - Truck_Generic #2	jetbrains@b5882e3d7d42 2024-11-26 13:07:28	(14.0 jetbrains@b5882e3d7d42 2024-11-26 12:48:15)
SIM	1741156273	IPGNB10342			0	0	0
SIM	1741156275	IPGNB10342	Rahul_Vishwanatha	samp	1	0	0
SIM	1741156291	IPGNB10342	Rahul_Vishwanatha	samp	1	0	0
SIM	1741156341	IPGNB10342	Rahul_Vishwanatha	samp	1	0	0
SIM	1741156366	IPGNB10342	Rahul_Vishwanatha	samp	0	154.42	52.8162
SIM	1741156430	IPGNB10342	Rahul_Vishwanatha	samp	0	35.649	48.1209
SIM	1741156819	IPGNB10342	Rahul_Vishwanatha	samp	0	22.793	41.6991
SIM	1741156893	IPGNB10342	Rahul_Vishwanatha	samp	0	34.658	48.0726
SIM	1741157051	IPGNB10342	Rahul_Vishwanatha	samp	0	33.355	47.9118
SIM	1741157173	IPGNB10342	Rahul_Vishwanatha	samp	0	63.637	48.2657
SIM	1741157417	IPGNB10342	Rahul_Vishwanatha	samp	0	321.852	49.3859
SIM	1741157574	IPGNB10342	Rahul_Vishwanatha	samp	0	14.268	31.2255
SIM	1741163833	IPGNB10342	Rahul_Vishwanatha	samp	1	0	31.2255
SIM	1741163842	IPGNB10342	Rahul_Vishwanatha	samp	0	95	48.4017
SIM	1741163881	IPGNB10342	Rahul_Vishwanatha	samp	0	95	48.4017
SIM	1741163917	IPGNB10342	Rahul_Vishwanatha	samp	0	18.253	35.71
SIM	1741163998	IPGNB10342	Rahul_Vishwanatha	samp	0	95	48.4017
SIM	1741164035	IPGNB10342	Rahul_Vishwanatha	samp	0	24.911	43.8827
SIM	1741164049	IPGNB10342	Rahul_Vishwanatha	samp	0	15.828	34.7542
SIM	1741164068	IPGNB10342	Rahul_Vishwanatha	samp	0	3.902	5.29553
SIM	1741164074	IPGNB10342	Rahul_Vishwanatha	samp	0	7.921	15.7963
SIM	1741164819	IPGNB10342	Rahul_Vishwanatha	samp	0	11.605	24.1233
SIM	1741164824	IPGNB10342	Rahul_Vishwanatha	samp	1	0	24.1233
SIM	1741164927	IPGNB10342	Rahul_Vishwanatha	samp	1	0	0
SIM	1741165074	IPGNB10342	Rahul_Vishwanatha	samp	1	0	0
SIM	1741165107	IPGNB10342	Rahul_Vishwanatha	samp	1	0	0
SIM	1741165179	IPGNB10342	Rahul_Vishwanatha	samp	1	0	0
SIM	1741165303	IPGNB10342	Rahul_Vishwanatha	samp	1	0	0
SIM	1741165313	IPGNB10342	Rahul_Vishwanatha	samp	1	0	0
SIM	1741165349	IPGNB10342	Rahul_Vishwanatha	samp	1	0	0
SIM	1741165367	IPGNB10342	Rahul_Vishwanatha	samp	1	0	0
SIM	1741165497	IPGNB10342	Rahul_Vishwanatha	samp	1	0	0
SIM	1741165510	IPGNB10342	Rahul_Vishwanatha	samp	1	0	0
SIM	1741165525	IPGNB10342	Rahul_Vishwanatha	samp	1	0	0
SIM	1741165538	IPGNB10342	Rahul_Vishwanatha	samp	0	12.552	26.6846
SIM	1741165561	IPGNB10342	Rahul_Vishwanatha	samp	0	16.635	35.4637
SIM	1741165568	IPGNB10342	Rahul_Vishwanatha	samp	0	4.972	8.30071
SIM	1741165664	IPGNB10342	Rahul_Vishwanatha	samp	0	95	51.3561
SIM	1741165751	IPGNB10342	Rahul_Vishwanatha	samp	0	5.595	10.171
SIM	1741173878	IPGNB10342	Rahul_Vishwanatha	samp2	1	0	10.171
SIM	1741173968	IPGNB10342	Rahul_Vishwanatha	samp2	0	22.017	40.4993
SIM	1741174092	IPGNB10342	Rahul_Vishwanatha	samp2	0	4.957	8.25609


SYSTEM_START	-	IPGNB10342	IPGNB10342	2025-03-05 17:02:43


SYSTEM_INFO	TruckMaker 14.0 - Truck_Generic #2	jetbrains@b5882e3d7d42 2024-11-26 13:07:28	(14.0 jetbrains@b5882e3d7d42 2024-11-26 12:48:15)
SIM	1741174363	IPGNB10342			0	0	0
SIM	1741174364	IPGNB10342	Rahul_Vishwanatha	samp2	3	0	0
SIM	1741174394	IPGNB10342	Rahul_Vishwanatha	samp2	0	13.137	15.7157
SIM	1741174423	IPGNB10342	Rahul_Vishwanatha	samp2	1	4.579	1.41819
SIM	1741174450	IPGNB10342	Rahul_Vishwanatha	samp2	1	4.579	1.41819
SIM	1741174505	IPGNB10342	Rahul_Vishwanatha	samp2	0	757.332	31.614
SIM	1741174763	IPGNB10342	Rahul_Vishwanatha	samp2	0	67.705	1.84199
SIM	1741174792	IPGNB10342	Rahul_Vishwanatha	samp2	0	243.851	31.6117
SIM	1741174879	IPGNB10342	Rahul_Vishwanatha	samp2	0	100.662	1.9919
SIM	1741174921	IPGNB10342	Rahul_Vishwanatha	samp2	0	88.767	70.3491
SIM	1741174957	IPGNB10342	Rahul_Vishwanatha	samp2	0	193.393	677.503
SIM	1741175049	IPGNB10342	Rahul_Vishwanatha	samp2	0	316.576	174.514
SIM	1741175159	IPGNB10342	Rahul_Vishwanatha	samp2	0	185.299	668.678
SIM	1741175228	IPGNB10342	Rahul_Vishwanatha	samp2	0	399.713	1361.95
SIM	1741175375	IPGNB10342	Rahul_Vishwanatha	samp2	0	234.184	686.03
SIM	1741175737	IPGNB10342	Rahul_Vishwanatha	samp2	0	507.185	67.8129


SYSTEM_START	-	IPGNB10342	IPGNB10342	2025-03-06 11:27:47


SYSTEM_INFO	TruckMaker 14.0 - Truck_Generic #2	jetbrains@b5882e3d7d42 2024-11-26 13:07:28	(14.0 jetbrains@b5882e3d7d42 2024-11-26 12:48:15)
SIM	1741240667	IPGNB10342			0	0	0
SIM	1741240669	IPGNB10342	Rahul_Vishwanatha	TempScenario(Volvo)	4	337.54	404.842
SIM	1741240790	IPGNB10342	Rahul_Vishwanatha	TempScenario(Volvo)	0	90.762	0.190694
SIM	1741240822	IPGNB10342	Rahul_Vishwanatha	TempScenario(Volvo)	0	358.87	599.402
SIM	1741240949	IPGNB10342	Rahul_Vishwanatha	TempScenario(Volvo)	0	981.066	1114.74
SIM	1741241552	IPGNB10342	Rahul_Vishwanatha	TempScenario(Volvo)	0	413.824	827.24
SIM	1741242043	IPGNB10342	Rahul_Vishwanatha	TempScenario(Volvo)	0	162.833	468.777
SIM	1741242221	IPGNB10342	Rahul_Vishwanatha	TempScenario(Volvo)	0	360.477	254.919
SIM	1741242443	IPGNB10342	Rahul_Vishwanatha	TempScenario(Volvo)	0	292.392	215.588
SIM	1741242544	IPGNB10342	Rahul_Vishwanatha	TempScenario(Volvo)	0	254.489	437.485
SIM	1741242644	IPGNB10342	Rahul_Vishwanatha	TempScenario(Volvo)	0	255.361	262.185
SIM	1741242742	IPGNB10342	Rahul_Vishwanatha	TempScenario(Volvo)	0	286.481	654.781
SIM	1741242859	IPGNB10342	Rahul_Vishwanatha	TempScenario(Volvo)	0	397.955	165.63
SIM	1741242972	IPGNB10342	Rahul_Vishwanatha	TempScenario(Volvo)	0	251.326	218.79
SIM	1741243032	IPGNB10342	Rahul_Vishwanatha	TempScenario(Volvo)	0	128.553	258.657
SIM	1741243074	IPGNB10342	Rahul_Vishwanatha	TempScenario(Volvo)	0	246.672	311.707
SIM	1741243165	IPGNB10342	Rahul_Vishwanatha	TempScenario(Volvo)	0	86.86	186.649
SIM	1741243185	IPGNB10342	Rahul_Vishwanatha	TempScenario(Volvo)	0	111.285	410.115
SIM	1741243213	IPGNB10342	Rahul_Vishwanatha	TempScenario(Volvo)	0	89.716	214.515
SIM	1741243244	IPGNB10342	Rahul_Vishwanatha	TempScenario(Volvo)	0	110.958	410.521
SIM	1741243275	IPGNB10342	Rahul_Vishwanatha	TempScenario(Volvo)	0	149.459	283.728
SIM	1741243315	IPGNB10342	Rahul_Vishwanatha	TempScenario(Volvo)	0	109.886	352.142
SIM	1741243349	IPGNB10342	Rahul_Vishwanatha	TempScenario(Volvo)	0	266.081	443.991
SIM	1741243444	IPGNB10342	Rahul_Vishwanatha	TempScenario(Volvo)	1	0	443.991
SIM	1741243450	IPGNB10342	Rahul_Vishwanatha	TempScenario(Volvo)	0	303.777	481.011
SIM	1741243514	IPGNB10342	Rahul_Vishwanatha	TempScenario(Volvo)	0	113.294	411.07
SIM	1741243549	IPGNB10342	Rahul_Vishwanatha	TempScenario(Volvo)	0	123.755	246.035
SIM	1741243582	IPGNB10342	Rahul_Vishwanatha	TempScenario(Volvo)	0	110.494	368.67
SIM	1741243615	IPGNB10342	Rahul_Vishwanatha	TempScenario(Volvo)	0	113.294	411.07
SIM	1741243739	IPGNB10342	Rahul_Vishwanatha	TempScenario(Volvo)	0	113.294	411.07
SIM	1741243830	IPGNB10342	Rahul_Vishwanatha	TempScenario(Volvo)	0	113.294	411.07
SIM	1741243932	IPGNB10342	Rahul_Vishwanatha	TempScenario(Volvo)	0	195.825	343.281
SIM	1741243974	IPGNB10342	Rahul_Vishwanatha	TempScenario(Volvo)	0	301.835	658.887
SIM	1741244056	IPGNB10342	Rahul_Vishwanatha	TempScenario(Volvo)	0	868.806	588.343
SIM	1741244232	IPGNB10342	Rahul_Vishwanatha	TempScenario(Volvo)	0	24.31	60.4176
SIM	1741244254	IPGNB10342	Rahul_Vishwanatha	TempScenario(Volvo)	0	24.51	410.848
SIM	1741244267	IPGNB10342	Rahul_Vishwanatha	TempScenario(Volvo)	0	24.51	410.848
SIM	1741244299	IPGNB10342	Rahul_Vishwanatha	TempScenario(Volvo)	0	24.016	410.841
SIM	1741244414	IPGNB10342	Rahul_Vishwanatha	TempScenario(Volvo)	0	24.51	410.848
SIM	1741244549	IPGNB10342	Rahul_Vishwanatha	TempScenario(Volvo)	0	24.51	410.848
SIM	1741244599	IPGNB10342	Rahul_Vishwanatha	TempScenario(Volvo)	0	24.51	410.848
SIM	1741244655	IPGNB10342	Rahul_Vishwanatha	TempScenario(Volvo)	0	28.503	417.879
SIM	1741244687	IPGNB10342	Rahul_Vishwanatha	TempScenario(Volvo)	3	255.967	1531.62
SIM	1741244984	IPGNB10342	Rahul_Vishwanatha	TempScenario(Volvo)	0	171.444	820.494
SIM	1741245157	IPGNB10342	Rahul_Vishwanatha	TempScenario(Volvo)	0	66.83	436.362
SIM	1741245227	IPGNB10342	Rahul_Vishwanatha	TempScenario(Volvo)	0	37.231	247.271
SIM	1741245275	IPGNB10342	Rahul_Vishwanatha	TempScenario(Volvo)	0	44.427	422.477
SIM	1741245335	IPGNB10342	Rahul_Vishwanatha	TempScenario(Volvo)	0	67.523	413.048
SIM	1741245405	IPGNB10342	Rahul_Vishwanatha	TempScenario(Volvo)	0	44.427	422.477
SIM	1741245728	IPGNB10342	Rahul_Vishwanatha	TempScenario(Volvo)	0	44.427	422.477
SIM	1741250390	IPGNB10342	Rahul_Vishwanatha	TempScenario(Volvo)	0	61.675	362.057
SIM	1741250465	IPGNB10342	Rahul_Vishwanatha	TempScenario(Volvo)	0	41.11	286.505
SIM	1741250517	IPGNB10342	Rahul_Vishwanatha	TempScenario(Volvo)	0	51.087	343.102
SIM	1741250570	IPGNB10342	Rahul_Vishwanatha	TempScenario(Volvo)	0	44.427	422.477


SYSTEM_START	-	IPGNB10342	IPGNB10342	2025-03-06 14:24:55


SYSTEM_INFO	TruckMaker 14.0 - Truck_Generic #2	jetbrains@b5882e3d7d42 2024-11-26 13:07:28	(14.0 jetbrains@b5882e3d7d42 2024-11-26 12:48:15)
SIM	1741251295	IPGNB10342			0	0	0
SIM	1741251328	IPGNB10342	Rahul_Vishwanatha	samp2	0	0	0
SIM	1741251344	IPGNB10342	Rahul_Vishwanatha	samp2	0	96.943	60.5005
SIM	1741251446	IPGNB10342	Rahul_Vishwanatha	samp2	0	68.503	143.37
SIM	1741251519	IPGNB10342	Rahul_Vishwanatha	samp2	0	84.614	42.8726
SIM	1741251612	IPGNB10342	Rahul_Vishwanatha	samp2	1	0	42.8726
SIM	1741251613	IPGNB10342	Rahul_Vishwanatha	samp2	0	54.317	255.947
SIM	1741251673	IPGNB10342	Rahul_Vishwanatha	samp2	0	65.965	3.29378
SIM	1741251746	IPGNB10342	Rahul_Vishwanatha	samp2	0	149.527	3.09758
SIM	1741251905	IPGNB10342	Rahul_Vishwanatha	samp2	0	84.284	674.608
SIM	1741252097	IPGNB10342	Rahul_Vishwanatha	samp2	0	6.926	6.14925
SIM	1741252213	IPGNB10342	Rahul_Vishwanatha	samp2	0	97.748	40.802
SIM	1741252316	IPGNB10342	Rahul_Vishwanatha	samp2	0	33.101	37.5747
SIM	1741252357	IPGNB10342	Rahul_Vishwanatha	samp2	0	78.888	678.926
SIM	1741253169	IPGNB10342	Rahul_Vishwanatha	samp2	1	118.157	740.145
SIM	1741253298	IPGNB10342	Rahul_Vishwanatha	samp2	0	43.929	56.1935
SIM	1741253353	IPGNB10342	Rahul_Vishwanatha	samp2	0	73.278	558.792
SIM	1741253447	IPGNB10342	Rahul_Vishwanatha	samp2	0	112.876	470.485
SIM	1741253679	IPGNB10342	Rahul_Vishwanatha	samp2	0	212.312	0.980595
SIM	1741253904	IPGNB10342	Rahul_Vishwanatha	samp2	0	178.164	634.134
SIM	1741255492	IPGNB10342	Rahul_Vishwanatha	samp2	0	31.81	1.35566
SIM	1741255509	IPGNB10342	Rahul_Vishwanatha	samp2	0	211.158	674.554
SIM	1741255594	IPGNB10342	Rahul_Vishwanatha	samp2	0	320.089	1145.19
SIM	1741255749	IPGNB10342	Rahul_Vishwanatha	samp2	0	165.596	410.09
SIM	1741255839	IPGNB10342	Rahul_Vishwanatha	samp2	0	34.979	1.81818
SIM	1741255857	IPGNB10342	Rahul_Vishwanatha	samp2	0	205.753	612.252
SIM	1741255937	IPGNB10342	Rahul_Vishwanatha	samp2	0	195.051	620.014
SIM	1741256001	IPGNB10342	Rahul_Vishwanatha	samp2	0	72.572	6.57407
SIM	1741256027	IPGNB10342	Rahul_Vishwanatha	samp2	0	86.28	41.7454
SIM	1741256050	IPGNB10342	Rahul_Vishwanatha	samp2	1	4.579	1.41819
SIM	1741256061	IPGNB10342	Rahul_Vishwanatha	samp2	0	178.863	60.2736
SIM	1741256101	IPGNB10342	Rahul_Vishwanatha	samp2	0	68.599	678.806
SIM	1741256164	IPGNB10342	Rahul_Vishwanatha	samp2	1	79.176	649.991
SIM	1741256200	IPGNB10342	Rahul_Vishwanatha	samp2	1	75.728	643.722
SIM	1741256282	IPGNB10342	Rahul_Vishwanatha	samp2	1	5.384	1.26588
SIM	1741256295	IPGNB10342	Rahul_Vishwanatha	samp2	1	5.384	1.26588
SIM	1741256309	IPGNB10342	Rahul_Vishwanatha	samp2	0	56.874	485.099
SIM	1741256371	IPGNB10342	Rahul_Vishwanatha	samp2	1	5.384	1.26588
SIM	1741256386	IPGNB10342	Rahul_Vishwanatha	samp2	0	61.29	548.778
SIM	1741256460	IPGNB10342	Rahul_Vishwanatha	samp2	1	5.384	1.26589
SIM	1741256479	IPGNB10342	Rahul_Vishwanatha	samp2	0	60.53	559.053
SIM	1741257408	IPGNB10342	Rahul_Vishwanatha	samp2	0	62.711	513.313
SIM	1741257535	IPGNB10342	Rahul_Vishwanatha	samp2	0	22.792	85.6848
SIM	1741257798	IPGNB10342	Rahul_Vishwanatha	TempScenario(Volvo)	0	34.372	250.145
SIM	1741257906	IPGNB10342	Rahul_Vishwanatha	TempScenario(Volvo)	0	27.929	238.663
SIM	1741257937	IPGNB10342	Rahul_Vishwanatha	TempScenario(Volvo)	0	56.79	325.802
SIM	1741257997	IPGNB10342	Rahul_Vishwanatha	TempScenario(Volvo)	0	35.014	250.683
SIM	1741258036	IPGNB10342	Rahul_Vishwanatha	TempScenario(Volvo)	0	51.299	315.529
SIM	1741258091	IPGNB10342	Rahul_Vishwanatha	TempScenario(Volvo)	0	28.822	241.393
SIM	1741258123	IPGNB10342	Rahul_Vishwanatha	TempScenario(Volvo)	0	72.57	384.301
SIM	1741258200	IPGNB10342	Rahul_Vishwanatha	TempScenario(Volvo)	0	82.858	416.633
SIM	1741258286	IPGNB10342	Rahul_Vishwanatha	TempScenario(Volvo)	0	35.158	250.993
SIM	1741258365	IPGNB10342	Rahul_Vishwanatha	TempScenario(Volvo)	0	27.408	235.064
SIM	1741258397	IPGNB10342	Rahul_Vishwanatha	TempScenario(Volvo)	0	52.888	319.996
SIM	1741258454	IPGNB10342	Rahul_Vishwanatha	TempScenario(Volvo)	0	11.585	108.801
SIM	1741258473	IPGNB10342	Rahul_Vishwanatha	TempScenario(Volvo)	0	11.259	104.32
SIM	1741258560	IPGNB10342	Rahul_Vishwanatha	TempScenario(Volvo)	0	34.467	250.236
SIM	1741258619	IPGNB10342	Rahul_Vishwanatha	TempScenario(Volvo)	0	41.203	283.574
SIM	1741258662	IPGNB10342	Rahul_Vishwanatha	TempScenario(Volvo)	2	163.311	816.27
SIM	1741258806	IPGNB10342	Rahul_Vishwanatha	TempScenario(Volvo)	0	79.038	201.364


SYSTEM_START	-	IPGNB10342	IPGNB10342	2025-03-06 16:30:48


SYSTEM_INFO	TruckMaker 14.0 - Truck_Generic #2	jetbrains@b5882e3d7d42 2024-11-26 13:07:28	(14.0 jetbrains@b5882e3d7d42 2024-11-26 12:48:15)
SIM	1741258848	IPGNB10342			0	0	0
SIM	1741258864	IPGNB10342	Rahul_Vishwanatha	TempScenario(Volvo)	0	39.429	198.827
SIM	1741258904	IPGNB10342	Rahul_Vishwanatha	TempScenario(Volvo)	2	163.311	816.27
SIM	1741258989	IPGNB10342	Rahul_Vishwanatha	TempScenario(Volvo)	0	109.492	541.083
SIM	1741259171	IPGNB10342	Rahul_Vishwanatha	TempScenario(Volvo)	0	39.477	285.97
SIM	1741259214	IPGNB10342	Rahul_Vishwanatha	TempScenario(Volvo)	0	9.315	77.3439
SIM	1741259236	IPGNB10342	Rahul_Vishwanatha	TempScenario(Volvo)	0	11.416	106.481
SIM	1741259262	IPGNB10342	Rahul_Vishwanatha	TempScenario(Volvo)	2	333.421	0.720396
SIM	1741259376	IPGNB10342	Rahul_Vishwanatha	TempScenario(Volvo)	0	722.254	1.16739
SIM	1741259464	IPGNB10342	Rahul_Vishwanatha	TempScenario(Volvo)	0	21.21	59.8593


SYSTEM_START	-	IPGNB10342	IPGNB10342	2025-03-06 16:41:27


SYSTEM_INFO	TruckMaker 14.0 - Truck_Generic #2	jetbrains@b5882e3d7d42 2024-11-26 13:07:28	(14.0 jetbrains@b5882e3d7d42 2024-11-26 12:48:15)
SIM	1741259488	IPGNB10342			0	0	0
SIM	1741259501	IPGNB10342	Rahul_Vishwanatha	TempScenario(Volvo)	0	20.468	59.8587
SIM	1741259573	IPGNB10342	Rahul_Vishwanatha	TempScenario(Volvo)	0	24.532	220.143
SIM	1741259638	IPGNB10342	Rahul_Vishwanatha	TempScenario(Volvo)	0	14.364	125.759
SIM	1741259729	IPGNB10342	Rahul_Vishwanatha	TempScenario(Volvo)	0	8.738	61.8254
SIM	1741259838	IPGNB10342	Rahul_Vishwanatha	TempScenario(Volvo)	0	10.53	73.7476
SIM	1741259853	IPGNB10342	Rahul_Vishwanatha	TempScenario(Volvo)	0	7.328	59.853
SIM	1741259898	IPGNB10342	Rahul_Vishwanatha	TempScenario(Volvo)	0	8.038	60.0335
SIM	1741259946	IPGNB10342	Rahul_Vishwanatha	TempScenario(Volvo)	0	7.318	59.8528
SIM	1741259970	IPGNB10342	Rahul_Vishwanatha	TempScenario(Volvo)	0	12.205	93.0618
SIM	1741260039	IPGNB10342	Rahul_Vishwanatha	TempScenario(Volvo)	0	14.287	124.531
SIM	1741260089	IPGNB10342	Rahul_Vishwanatha	TempScenario(Volvo)	0	9.624	66.81
SIM	1741260132	IPGNB10342	Rahul_Vishwanatha	TempScenario(Volvo)	0	19.728	194.283
SIM	1741260251	IPGNB10342	Rahul_Vishwanatha	TempScenario(Volvo)	1	0	194.283
SIM	1741260256	IPGNB10342	Rahul_Vishwanatha	TempScenario(Volvo)	1	0	0
SIM	1741260271	IPGNB10342	Rahul_Vishwanatha	TempScenario(Volvo)	0	9.233	64.2707
SIM	1741260402	IPGNB10342	Rahul_Vishwanatha	TempScenario(Volvo)	0	13.367	110.34
SIM	1741260606	IPGNB10342	Rahul_Vishwanatha	TempScenario(Volvo)	0	7.714	59.8615
SIM	1741260694	IPGNB10342	Rahul_Vishwanatha	TempScenario(Volvo)	0	8.448	60.8322
SIM	1741260815	IPGNB10342	Rahul_Vishwanatha	TempScenario(Volvo)	1	0	60.8322
SIM	1741260833	IPGNB10342	Rahul_Vishwanatha	TempScenario(Volvo)	0	8.111	60.1233
SIM	1741260867	IPGNB10342	Rahul_Vishwanatha	TempScenario(Volvo)	0	8.078	60.0791


SYSTEM_START	-	IPGNB10342	IPGNB10342	2025-03-06 19:06:12


SYSTEM_INFO	TruckMaker 14.0 - Truck_Generic #2	jetbrains@b5882e3d7d42 2024-11-26 13:07:28	(14.0 jetbrains@b5882e3d7d42 2024-11-26 12:48:15)
SIM	1741268172	IPGNB10342			0	0	0
SIM	1741268173	IPGNB10342	Rahul_Vishwanatha	TempScenario(Volvo)	0	7.864	59.8982
SIM	1741268610	IPGNB10342	Rahul_Vishwanatha	TempScenario(Volvo)	0	30.965	227.522
SIM	1741268773	IPGNB10342	Rahul_Vishwanatha	TempScenario(Volvo)	0	18.638	184.583
SIM	1741268962	IPGNB10342	Rahul_Vishwanatha	TempScenario(Volvo)	1	0	0
SIM	1741268992	IPGNB10342	Rahul_Vishwanatha	TempScenario(Volvo)	0	20.681	199.887
SIM	1741269708	IPGNB10342	Rahul_Vishwanatha	TempScenario(Volvo)	0	67.918	379.65
SIM	1741269866	IPGNB10342	Rahul_Vishwanatha	TempScenario(Volvo)	0	24.982	207.599
SIM	1741269892	IPGNB10342	Rahul_Vishwanatha	TempScenario(Volvo)	0	1.366	5.97973
SIM	1741270011	IPGNB10342	Rahul_Vishwanatha	TempScenario(Volvo)	0	93.636	471.558
SIM	1741270267	IPGNB10342	Rahul_Vishwanatha	TempScenario(Volvo)	0	7.919	59.8633


SYSTEM_START	-	IPGNB10342	IPGNB10342	2025-03-06 19:41:19


SYSTEM_INFO	TruckMaker 14.0 - Truck_Generic #2	jetbrains@b5882e3d7d42 2024-11-26 13:07:28	(14.0 jetbrains@b5882e3d7d42 2024-11-26 12:48:15)
SIM	1741270279	IPGNB10342			0	0	0
SIM	1741270284	IPGNB10342	Rahul_Vishwanatha	TempScenario(Volvo)	0	6.705	59.7958


SYSTEM_START	-	IPGNB10342	IPGNB10342	2025-03-06 19:41:47


SYSTEM_INFO	TruckMaker 14.0 - Truck_Generic #2	jetbrains@b5882e3d7d42 2024-11-26 13:07:28	(14.0 jetbrains@b5882e3d7d42 2024-11-26 12:48:15)
SIM	1741270307	IPGNB10342			0	0	0
SIM	1741270311	IPGNB10342	Rahul_Vishwanatha	TempScenario(Volvo)	0	7.538	59.8558
SIM	1741270430	IPGNB10342	Rahul_Vishwanatha	TempScenario(Volvo)	0	7.277	59.8521
SIM	1741270729	IPGNB10342	Rahul_Vishwanatha	TempScenario(Volvo)	1	0	59.8521
SIM	1741270806	IPGNB10342	Rahul_Vishwanatha	TempScenario(Volvo)	0	7.945	59.9451
SIM	1741271143	IPGNB10342	Rahul_Vishwanatha	TempScenario(Volvo)	1	0	59.9451
SIM	1741271346	IPGNB10342	Rahul_Vishwanatha	TempScenario(Volvo)	1	0	0
SIM	1741271457	IPGNB10342	Rahul_Vishwanatha	TempScenario(Volvo)	1	0	0
SIM	1741271606	IPGNB10342	Rahul_Vishwanatha	TempScenario(Volvo)	1	0	0
SIM	1741271747	IPGNB10342	Rahul_Vishwanatha	TempScenario(Volvo)	0	11.244	80.8748


SYSTEM_START	-	IPGNB10342	IPGNB10342	2025-03-07 09:29:19


SYSTEM_INFO	TruckMaker 14.0 - Truck_Generic #2	jetbrains@b5882e3d7d42 2024-11-26 13:07:28	(14.0 jetbrains@b5882e3d7d42 2024-11-26 12:48:15)
SIM	1741319960	IPGNB10342			0	0	0
SIM	1741319960	IPGNB10342	Rahul_Vishwanatha	samp2	0	11.228	36.7048
SIM	1741319984	IPGNB10342	Rahul_Vishwanatha	TempScenario(Volvo)	0	8.427	60.7682
SIM	1741320722	IPGNB10342	Rahul_Vishwanatha	TempScenario(Volvo)	0	22.028	202.048
SIM	1741320750	IPGNB10342	Rahul_Vishwanatha	TempScenario(Volvo)	0	13.173	151.39
SIM	1741320815	IPGNB10342	Rahul_Vishwanatha	TempScenario(Volvo)	0	10.596	58.6866
SIM	1741320872	IPGNB10342	Rahul_Vishwanatha	TempScenario(Volvo)	0	7.28	58.6819
SIM	1741320913	IPGNB10342	Rahul_Vishwanatha	TempScenario(Volvo)	0	11.321	58.6974


SYSTEM_START	-	IPGNB10342	IPGNB10342	2025-03-07 09:45:45


SYSTEM_INFO	TruckMaker 14.0 - Truck_Generic #2	jetbrains@b5882e3d7d42 2024-11-26 13:07:28	(14.0 jetbrains@b5882e3d7d42 2024-11-26 12:48:15)
SIM	1741320945	IPGNB10342			0	0	0
SIM	1741320948	IPGNB10342	Rahul_Vishwanatha	TempScenario(Volvo)	0	7.038	58.6761
SIM	1741320984	IPGNB10342	Rahul_Vishwanatha	TempScenario(Volvo)	0	7.227	58.664
SIM	1741321248	IPGNB10342	Rahul_Vishwanatha	TempScenario(Volvo)	0	18.703	129.749
SIM	1741321340	IPGNB10342	Rahul_Vishwanatha	TempScenario(Volvo)	0	23.152	147.879
SIM	1741321502	IPGNB10342	Rahul_Vishwanatha	TempScenario(Volvo)	0	40.201	261.711
SIM	1741322985	IPGNB10342	Rahul_Vishwanatha	TempScenario(Volvo)	0	5.828	22.1679
SIM	1741323016	IPGNB10342	Rahul_Vishwanatha	TempScenario(Volvo)	0	8.155	7.96393
SIM	1741323035	IPGNB10342	Rahul_Vishwanatha	TempScenario(Volvo)	0	17.976	61.7911
SIM	1741323063	IPGNB10342	Rahul_Vishwanatha	TempScenario(Volvo)	0	30.159	92.958
SIM	1741323102	IPGNB10342	Rahul_Vishwanatha	TempScenario(Volvo)	0	43.494	218.781
SIM	1741324155	IPGNB10342	Rahul_Vishwanatha	TempScenario(Volvo)	0	59.042	372.728
SIM	1741324227	IPGNB10342	Rahul_Vishwanatha	TempScenario(Volvo)	0	89.743	514.776
SIM	1741324298	IPGNB10342	Rahul_Vishwanatha	TempScenario(Volvo)	0	72.288	571.969
SIM	1741324350	IPGNB10342	Rahul_Vishwanatha	TempScenario(Volvo)	0	72.996	580.357
SIM	1741324430	IPGNB10342	Rahul_Vishwanatha	TempScenario(Volvo)	0	336.103	699.709
SIM	1741324590	IPGNB10342	Rahul_Vishwanatha	TempScenario(Volvo)	0	366.24	388.077
SIM	1741324763	IPGNB10342	Rahul_Vishwanatha	TempScenario(Volvo)	0	1626.71	428.432
SIM	1741324859	IPGNB10342	Rahul_Vishwanatha	TempScenario(Volvo)	0	1329.6	725.736
SIM	1741324898	IPGNB10342	Rahul_Vishwanatha	TempScenario(Volvo)	0	325.218	68.4366
SIM	1741324914	IPGNB10342	Rahul_Vishwanatha	TempScenario(Volvo)	0	1275.84	718.974
SIM	1741324982	IPGNB10342	Rahul_Vishwanatha	TempScenario(Volvo)	0	781.119	570.898
SIM	1741325094	IPGNB10342	Rahul_Vishwanatha	TempScenario(Volvo)	0	76.36	428.836
SIM	1741325143	IPGNB10342	Rahul_Vishwanatha	TempScenario(Volvo)	0	28.754	168.069
SIM	1741325161	IPGNB10342	Rahul_Vishwanatha	TempScenario(Volvo)	0	159.721	335.785
SIM	1741325257	IPGNB10342	Rahul_Vishwanatha	TempScenario(Volvo)	0	0	0


SYSTEM_START	-	IPGNB10342	IPGNB10342	2025-03-07 10:57:39


SYSTEM_INFO	TruckMaker 14.0 - Truck_Generic #2	jetbrains@b5882e3d7d42 2024-11-26 13:07:28	(14.0 jetbrains@b5882e3d7d42 2024-11-26 12:48:15)
SIM	1741325259	IPGNB10342			0	0	0
SIM	1741325270	IPGNB10342	Rahul_Vishwanatha	TempScenario(Volvo)	0	210.239	399.237
SIM	1741325371	IPGNB10342	Rahul_Vishwanatha	TempScenario(Volvo)	0	97.895	459.548
SIM	1741325417	IPGNB10342	Rahul_Vishwanatha	TempScenario(Volvo)	0	279.995	391.775
SIM	1741325564	IPGNB10342	Rahul_Vishwanatha	TempScenario(Volvo)	0	548.231	416.615
SIM	1741325702	IPGNB10342	Rahul_Vishwanatha	TempScenario(Volvo)	0	295.893	414.712
SIM	1741325793	IPGNB10342	Rahul_Vishwanatha	TempScenario(Volvo)	0	317.17	431.253
SIM	1741325880	IPGNB10342	Rahul_Vishwanatha	TempScenario(Volvo)	0	143.095	300.863
SIM	1741325919	IPGNB10342	Rahul_Vishwanatha	TempScenario(Volvo)	0	339.645	437.134
SIM	1741325996	IPGNB10342	Rahul_Vishwanatha	TempScenario(Volvo)	0	351.427	435.106
SIM	1741326126	IPGNB10342	Rahul_Vishwanatha	TempScenario(Volvo)	0	534.438	579.869
SIM	1741326278	IPGNB10342	Rahul_Vishwanatha	TempScenario(Volvo)	0	235.513	471.042
SIM	1741326387	IPGNB10342	Rahul_Vishwanatha	TempScenario(Volvo)	0	139.134	418.34
SIM	1741326449	IPGNB10342	Rahul_Vishwanatha	TempScenario(Volvo)	0	164.542	434.89
SIM	1741326551	IPGNB10342	Rahul_Vishwanatha	TempScenario(Volvo)	0	433.835	424.046
SIM	1741326657	IPGNB10342	Rahul_Vishwanatha	samp2	1	77.941	654.545
SIM	1741326689	IPGNB10342	Rahul_Vishwanatha	TempScenario(Volvo)	0	44.319	273.453


SYSTEM_START	-	IPGNB10342	IPGNB10342	2025-03-07 11:21:44


SYSTEM_INFO	TruckMaker 14.0 - Truck_Generic #2	jetbrains@b5882e3d7d42 2024-11-26 13:07:28	(14.0 jetbrains@b5882e3d7d42 2024-11-26 12:48:15)
SIM	1741326704	IPGNB10342			0	0	0
SIM	1741326709	IPGNB10342	Rahul_Vishwanatha	TempScenario(Volvo)	0	10.192	58.6698
SIM	1741326740	IPGNB10342	Rahul_Vishwanatha	TempScenario(Volvo)	0	39.011	313.888
SIM	1741326785	IPGNB10342	Rahul_Vishwanatha	TempScenario(Volvo)	0	51.701	278.465
SIM	1741326848	IPGNB10342	Rahul_Vishwanatha	TempScenario(Volvo)	0	43.429	238.15
SIM	1741326907	IPGNB10342	Rahul_Vishwanatha	TempScenario(Volvo)	4	215.586	369.969
SIM	1741326968	IPGNB10342	Rahul_Vishwanatha	TempScenario(Volvo)	0	532.41	220.101
SIM	1741326999	IPGNB10342	Rahul_Vishwanatha	TempScenario(Volvo)	0	213.376	208.783
SIM	1741327023	IPGNB10342	Rahul_Vishwanatha	TempScenario(Volvo)	0	1605.65	239.836
SIM	1741327109	IPGNB10342	Rahul_Vishwanatha	TempScenario(Volvo)	0	956.345	277.49
SIM	1741327136	IPGNB10342	Rahul_Vishwanatha	TempScenario(Volvo)	0	1270.04	611.765
SIM	1741327171	IPGNB10342	Rahul_Vishwanatha	TempScenario(Volvo)	0	709.208	423.55
SIM	1741327194	IPGNB10342	Rahul_Vishwanatha	TempScenario(Volvo)	0	72.572	145.376


SYSTEM_START	-	IPGNB10342	IPGNB10342	2025-03-07 11:31:09


SYSTEM_INFO	TruckMaker 14.0 - Truck_Generic #2	jetbrains@b5882e3d7d42 2024-11-26 13:07:28	(14.0 jetbrains@b5882e3d7d42 2024-11-26 12:48:15)
SIM	1741327269	IPGNB10342			0	0	0
SIM	1741327273	IPGNB10342	Rahul_Vishwanatha	TempScenario(Volvo)	0	11.998	116.253
SIM	1741327337	IPGNB10342	Rahul_Vishwanatha	TempScenario(Volvo)	0	340.249	248.533
SIM	1741327529	IPGNB10342	Rahul_Vishwanatha	TempScenario(Volvo)	0	337.019	198.637
SIM	1741327649	IPGNB10342	Rahul_Vishwanatha	TempScenario(Volvo)	0	14.224	116.972


SYSTEM_START	-	IPGNB10342	IPGNB10342	2025-03-07 11:37:38


SYSTEM_INFO	TruckMaker 14.0 - Truck_Generic #2	jetbrains@b5882e3d7d42 2024-11-26 13:07:28	(14.0 jetbrains@b5882e3d7d42 2024-11-26 12:48:15)
SIM	1741327658	IPGNB10342			0	0	0
SIM	1741327661	IPGNB10342	Rahul_Vishwanatha	TempScenario(Volvo)	0	30.751	124.884
SIM	1741327684	IPGNB10342	Rahul_Vishwanatha	TempScenario(Volvo)	0	290.374	234.95
SIM	1741328089	IPGNB10342	Rahul_Vishwanatha	TempScenario(Volvo)	0	30.233	44.3028
SIM	1741328103	IPGNB10342	Rahul_Vishwanatha	TempScenario(Volvo)	0	49.325	46.9321
SIM	1741328123	IPGNB10342	Rahul_Vishwanatha	TempScenario(Volvo)	0	33.352	39.9449
SIM	1741328137	IPGNB10342	Rahul_Vishwanatha	TempScenario(Volvo)	0	34.454	39.9456
SIM	1741328159	IPGNB10342	Rahul_Vishwanatha	TempScenario(Volvo)	0	35.435	223.544
SIM	1741328174	IPGNB10342	Rahul_Vishwanatha	TempScenario(Volvo)	0	154.76	382.11
SIM	1741328229	IPGNB10342	Rahul_Vishwanatha	TempScenario(Volvo)	0	83.556	368.91
SIM	1741328298	IPGNB10342	Rahul_Vishwanatha	TempScenario(Volvo)	0	192.624	372.883
SIM	1741328449	IPGNB10342	Rahul_Vishwanatha	TempScenario(Volvo)	0	290.141	466.523
SIM	1741328593	IPGNB10342	Rahul_Vishwanatha	TempScenario(Volvo)	0	258.89	396.387
SIM	1741329272	IPGNB10342	Rahul_Vishwanatha	TempScenario(Volvo)	0	80.178	318.872
SIM	1741329302	IPGNB10342	Rahul_Vishwanatha	TempScenario(Volvo)	0	121.311	36.0035


SYSTEM_START	-	IPGNB10342	IPGNB10342	2025-03-07 12:05:45


SYSTEM_INFO	TruckMaker 14.0 - Truck_Generic #2	jetbrains@b5882e3d7d42 2024-11-26 13:07:28	(14.0 jetbrains@b5882e3d7d42 2024-11-26 12:48:15)
SIM	1741329345	IPGNB10342			0	0	0
SIM	1741329353	IPGNB10342	Rahul_Vishwanatha	TempScenario(Volvo)	0	5.238	5.46832
SIM	1741329365	IPGNB10342	Rahul_Vishwanatha	TempScenario(Volvo)	0	36.866	10.341


SYSTEM_START	-	IPGNB10342	IPGNB10342	2025-03-07 12:06:42


SYSTEM_INFO	TruckMaker 14.0 - Truck_Generic #2	jetbrains@b5882e3d7d42 2024-11-26 13:07:28	(14.0 jetbrains@b5882e3d7d42 2024-11-26 12:48:15)
SIM	1741329402	IPGNB10342			0	0	0
SIM	1741329407	IPGNB10342	Rahul_Vishwanatha	TempScenario(Volvo)	0	35.726	12.704
SIM	1741329430	IPGNB10342	Rahul_Vishwanatha	TempScenario(Volvo)	0	149.442	49.3036
SIM	1741329483	IPGNB10342	Rahul_Vishwanatha	TempScenario(Volvo)	2	176.254	49.3093
SIM	1741329648	IPGNB10342	Rahul_Vishwanatha	TempScenario(Volvo)	0	58.202	18.7198
SIM	1741329857	IPGNB10342	Rahul_Vishwanatha	TempScenario(Volvo)	0	291.308	57.6301
SIM	1741330153	IPGNB10342	Rahul_Vishwanatha	TempScenario(Volvo)	0	244.466	61.4258
SIM	1741330492	IPGNB10342	Rahul_Vishwanatha	TempScenario(Volvo)	1	127.511	23.1634
SIM	1741334595	IPGNB10342	Rahul_Vishwanatha	TempScenario(Volvo)	0	1.189	3.9015
SIM	1741334759	IPGNB10342	Rahul_Vishwanatha	TempScenario(Volvo)	0	18.333	12.5528
SIM	1741334810	IPGNB10342	Rahul_Vishwanatha	TempScenario(Volvo)	0	14.068	66.9407
SIM	1741334839	IPGNB10342	Rahul_Vishwanatha	TempScenario(Volvo)	0	46.156	44.2023
SIM	1741334915	IPGNB10342	Rahul_Vishwanatha	TempScenario(Volvo)	0	17.076	43.5347
SIM	1741334943	IPGNB10342	Rahul_Vishwanatha	TempScenario(Volvo)	0	70.48	333.832
SIM	1741335023	IPGNB10342	Rahul_Vishwanatha	TempScenario(Volvo)	0	290.469	433.492
SIM	1741337355	IPGNB10342	Rahul_Vishwanatha	TempScenario(Volvo)	0	65.344	349.77
SIM	1741337426	IPGNB10342	Rahul_Vishwanatha	TempScenario(Volvo)	0	11.931	73.5801
SIM	1741337441	IPGNB10342	Rahul_Vishwanatha	TempScenario(Volvo)	0	52.145	346.281
SIM	1741337499	IPGNB10342	Rahul_Vishwanatha	TempScenario(Volvo)	0	1.8	9.0925
SIM	1741339897	IPGNB10342	Rahul_Vishwanatha	TempScenario(Volvo)	0	23.147	82.3128
SIM	1741339923	IPGNB10342	Rahul_Vishwanatha	TempScenario(Volvo)	0	17.356	82.4553
SIM	1741340136	IPGNB10342	Rahul_Vishwanatha	TempScenario(Volvo)	0	63.656	659.299
SIM	1741340175	IPGNB10342	Rahul_Vishwanatha	TempScenario(Volvo)	0	44.713	401.375
SIM	1741340208	IPGNB10342	Rahul_Vishwanatha	TempScenario(Volvo)	0	20.316	68.111
SIM	1741340280	IPGNB10342	Rahul_Vishwanatha	TempScenario(Volvo)	0	33.778	204.768
SIM	1741340300	IPGNB10342	Rahul_Vishwanatha	TempScenario(Volvo)	0	28.995	196.054
SIM	1741340321	IPGNB10342	Rahul_Vishwanatha	TempScenario(Volvo)	0	76.845	355.619
SIM	1741340363	IPGNB10342	Rahul_Vishwanatha	TempScenario(Volvo)	0	44.743	254.494


SYSTEM_START	-	IPGNB10342	IPGNB10342	2025-03-07 15:09:48


SYSTEM_INFO	TruckMaker 14.0 - Truck_Generic #2	jetbrains@b5882e3d7d42 2024-11-26 13:07:28	(14.0 jetbrains@b5882e3d7d42 2024-11-26 12:48:15)
SIM	1741340388	IPGNB10342			0	0	0
SIM	1741340394	IPGNB10342	Rahul_Vishwanatha	TempScenario(Volvo)	0	36.868	221.403
SIM	1741340434	IPGNB10342	Rahul_Vishwanatha	TempScenario(Volvo)	0	38.22	222.516
SIM	1741340617	IPGNB10342	Rahul_Vishwanatha	TempScenario(Volvo)	0	23.087	186.871
SIM	1741340661	IPGNB10342	Rahul_Vishwanatha	TempScenario(Volvo)	0	67.666	398.293
SIM	1741340825	IPGNB10342	Rahul_Vishwanatha	unknown	0	116.143	57.8261
SIM	1741341004	IPGNB10342	Rahul_Vishwanatha	unknown	0	85.91	57.8151
SIM	1741341097	IPGNB10342	Rahul_Vishwanatha	unknown	0	101.863	57.8239
SIM	1741341306	IPGNB10342	Rahul_Vishwanatha	unknown	0	44.976	6.5097
SIM	1741341401	IPGNB10342	Rahul_Vishwanatha	unknown	0	190.743	68.6549
SIM	1741341836	IPGNB10342	Rahul_Vishwanatha	unknown	0	1.518	0.624451
SIM	1741341871	IPGNB10342	Rahul_Vishwanatha	unknown	0	20.21	38.7187
SIM	1741342051	IPGNB10342	Rahul_Vishwanatha	unknown	0	12.87	32.3442
SIM	1741342091	IPGNB10342	Rahul_Vishwanatha	unknown	0	103.738	110.157
SIM	1741342294	IPGNB10342	Rahul_Vishwanatha	unknown	1	5.524	1.31947
SIM	1741342507	IPGNB10342	Rahul_Vishwanatha	unknown	0	60.227	75.6617
SIM	1741342583	IPGNB10342	Rahul_Vishwanatha	unknown	0	0	0
SIM	1741342594	IPGNB10342	Rahul_Vishwanatha	unknown	0	79.27	75.715
SIM	1741342687	IPGNB10342	Rahul_Vishwanatha	unknown	0	66.708	90.5471
SIM	1741342759	IPGNB10342	Rahul_Vishwanatha	unknown	0	46.225	77.7763
SIM	1741342785	IPGNB10342	Rahul_Vishwanatha	unknown	0	46.518	358.243
SIM	1741342870	IPGNB10342	Rahul_Vishwanatha	unknown	0	13.076	68.4328


SYSTEM_START	-	IPGNB10342	IPGNB10342	2025-03-07 15:51:28


SYSTEM_INFO	TruckMaker 14.0 - Truck_Generic #2	jetbrains@b5882e3d7d42 2024-11-26 13:07:28	(14.0 jetbrains@b5882e3d7d42 2024-11-26 12:48:15)
SIM	1741342888	IPGNB10342			0	0	0
SIM	1741342892	IPGNB10342	Rahul_Vishwanatha	unknown	0	69.8	658.549
SIM	1741343036	IPGNB10342	Rahul_Vishwanatha	unknown	0	100.286	864.222
SIM	1741343141	IPGNB10342	Rahul_Vishwanatha	unknown	0	71.811	658.576
SIM	1741343263	IPGNB10342	Rahul_Vishwanatha	unknown	0	0	0
SIM	1741343293	IPGNB10342	Rahul_Vishwanatha	unknown	1	4.698	7.27176
SIM	1741343312	IPGNB10342	Rahul_Vishwanatha	unknown	1	4.698	7.27176
SIM	1741343324	IPGNB10342	Rahul_Vishwanatha	unknown	1	4.698	7.27176
SIM	1741343482	IPGNB10342	Rahul_Vishwanatha	unknown	0	345.327	53.0129
SIM	1741343573	IPGNB10342	Rahul_Vishwanatha	unknown	0	170.709	38.9555
SIM	1741343613	IPGNB10342	Rahul_Vishwanatha	unknown	0	207.906	55.3386


SYSTEM_START	-	IPGNB10342	IPGNB10342	2025-03-07 16:04:21


SYSTEM_INFO	TruckMaker 14.0 - Truck_Generic #2	jetbrains@b5882e3d7d42 2024-11-26 13:07:28	(14.0 jetbrains@b5882e3d7d42 2024-11-26 12:48:15)
SIM	1741343661	IPGNB10342			0	0	0
SIM	1741343666	IPGNB10342	Rahul_Vishwanatha	unknown	0	652.651	55.3403
SIM	1741343802	IPGNB10342	Rahul_Vishwanatha	unknown	0	221.223	106.411
SIM	1741343853	IPGNB10342	Rahul_Vishwanatha	unknown	0	144.658	48.8467
SIM	1741343887	IPGNB10342	Rahul_Vishwanatha	unknown	2	286.543	67.1466
SIM	1741343954	IPGNB10342	Rahul_Vishwanatha	unknown	2	92.103	39.3344
SIM	1741343993	IPGNB10342	Rahul_Vishwanatha	unknown	0	207.933	49.9048
SIM	1741344043	IPGNB10342	Rahul_Vishwanatha	unknown	0	143.015	55.3031
SIM	1741344077	IPGNB10342	Rahul_Vishwanatha	unknown	0	133.479	40.632
SIM	1741344109	IPGNB10342	Rahul_Vishwanatha	unknown	0	69.918	48.7767
SIM	1741344128	IPGNB10342	Rahul_Vishwanatha	unknown	0	119.328	124.912
SIM	1741344158	IPGNB10342	Rahul_Vishwanatha	unknown	0	116.929	128.457
SIM	1741344202	IPGNB10342	Rahul_Vishwanatha	unknown	0	133.376	1140.65
SIM	1741344233	IPGNB10342	Rahul_Vishwanatha	unknown	0	146.657	1342.43
SIM	1741344268	IPGNB10342	Rahul_Vishwanatha	unknown	0	106.413	2.67015e-06
SIM	1741344295	IPGNB10342	Rahul_Vishwanatha	unknown	0	50.696	422.629
SIM	1741344310	IPGNB10342	Rahul_Vishwanatha	unknown	0	108.167	753.791
SIM	1741345188	IPGNB10342	Rahul_Vishwanatha	TempScenario(Volvo)	0	44.883	217.691
SIM	1741345212	IPGNB10342	Rahul_Vishwanatha	TempScenario(Volvo)	0	33.795	206.527
SIM	1741345249	IPGNB10342	Rahul_Vishwanatha	TempScenario(Volvo)	0	7.587	58.6684
SIM	1741345263	IPGNB10342	Rahul_Vishwanatha	TempScenario(Volvo)	0	7.305	19.1823
SIM	1741345284	IPGNB10342	Rahul_Vishwanatha	TempScenario(Volvo)	0	28.754	196
SIM	1741345360	IPGNB10342	Rahul_Vishwanatha	TempScenario(Volvo)	0	12.791	40.1232
SIM	1741345381	IPGNB10342	Rahul_Vishwanatha	TempScenario(Volvo)	0	18.611	37.045
SIM	1741345410	IPGNB10342	Rahul_Vishwanatha	TempScenario(Volvo)	0	0	0
SIM	1741345416	IPGNB10342	Rahul_Vishwanatha	TempScenario(Volvo)	0	6.461	27.0873
SIM	1741345426	IPGNB10342	Rahul_Vishwanatha	TempScenario(Volvo)	0	54.45	397.681
SIM	1741345492	IPGNB10342	Rahul_Vishwanatha	TempScenario(Volvo)	0	73.726	556.662
SIM	1741345552	IPGNB10342	Rahul_Vishwanatha	TempScenario(Volvo)	0	100.064	579.779
SIM	1741345583	IPGNB10342	Rahul_Vishwanatha	TempScenario(Volvo)	0	415.954	403.752
SIM	1741345607	IPGNB10342	Rahul_Vishwanatha	TempScenario(Volvo)	0	995.939	524.903
SIM	1741345632	IPGNB10342	Rahul_Vishwanatha	TempScenario(Volvo)	0	776.236	929.808
SIM	1741345665	IPGNB10342	Rahul_Vishwanatha	TempScenario(Volvo)	0	811.959	948.454


SYSTEM_START	-	IPGNB10342	IPGNB10342	2025-03-07 16:38:05


SYSTEM_INFO	TruckMaker 14.0 - Truck_Generic #2	jetbrains@b5882e3d7d42 2024-11-26 13:07:28	(14.0 jetbrains@b5882e3d7d42 2024-11-26 12:48:15)
SIM	1741345685	IPGNB10342			0	0	0
SIM	1741345694	IPGNB10342	Rahul_Vishwanatha	TempScenario(Volvo)	0	665.268	859.191
SIM	1741345875	IPGNB10342	Rahul_Vishwanatha	TempScenario(Volvo)	0	806.092	634.334


SYSTEM_START	-	IPGNB10342	IPGNB10342	2025-03-07 16:41:37


SYSTEM_INFO	TruckMaker 14.0 - Truck_Generic #2	jetbrains@b5882e3d7d42 2024-11-26 13:07:28	(14.0 jetbrains@b5882e3d7d42 2024-11-26 12:48:15)
SIM	1741345897	IPGNB10342			0	0	0
SIM	1741345905	IPGNB10342	Rahul_Vishwanatha	TempScenario(Volvo)	0	765.682	750.311
SIM	1741345930	IPGNB10342	Rahul_Vishwanatha	TempScenario(Volvo)	1	82.516	768.004
SIM	1741345939	IPGNB10342	Rahul_Vishwanatha	TempScenario(Volvo)	1	82.516	768.004
SIM	1741346054	IPGNB10342	Rahul_Vishwanatha	TempScenario(Volvo)	0	55.729	453.416
SIM	1741346112	IPGNB10342	Rahul_Vishwanatha	TempScenario(Volvo)	0	7.469	30.498


SYSTEM_START	-	IPGNB10342	IPGNB10342	2025-03-07 16:45:22


SYSTEM_INFO	TruckMaker 14.0 - Truck_Generic #2	jetbrains@b5882e3d7d42 2024-11-26 13:07:28	(14.0 jetbrains@b5882e3d7d42 2024-11-26 12:48:15)
SIM	1741346122	IPGNB10342			0	0	0
SIM	1741346128	IPGNB10342	Rahul_Vishwanatha	TempScenario(Volvo)	0	54.416	377.487


SYSTEM_START	-	IPGNB10342	IPGNB10342	2025-03-07 16:47:21


SYSTEM_INFO	TruckMaker 14.0 - Truck_Generic #2	jetbrains@b5882e3d7d42 2024-11-26 13:07:28	(14.0 jetbrains@b5882e3d7d42 2024-11-26 12:48:15)
SIM	1741346241	IPGNB10342			0	0	0
SIM	1741346244	IPGNB10342	Rahul_Vishwanatha	TempScenario(Volvo)	0	220.209	769.341


SYSTEM_START	-	IPGNB10342	IPGNB10342	2025-03-07 16:51:09


SYSTEM_INFO	TruckMaker 14.0 - Truck_Generic #2	jetbrains@b5882e3d7d42 2024-11-26 13:07:28	(14.0 jetbrains@b5882e3d7d42 2024-11-26 12:48:15)
SIM	1741346469	IPGNB10342			0	0	0
SIM	1741346540	IPGNB10342	Rahul_Vishwanatha	TempScenario(Volvo)	0	52.979	366.398
SIM	1741346612	IPGNB10342	Rahul_Vishwanatha	TempScenario(Volvo)	0	58.625	417.159
SIM	1741346655	IPGNB10342	Rahul_Vishwanatha	TempScenario(Volvo)	0	68.533	476.348
SIM	1741346719	IPGNB10342	Rahul_Vishwanatha	TempScenario(Volvo)	0	70.282	502.607
SIM	1741346776	IPGNB10342	Rahul_Vishwanatha	TempScenario(Volvo)	0	14.986	57.49


SYSTEM_START	-	IPGNB10342	IPGNB10342	2025-03-07 16:56:28


SYSTEM_INFO	TruckMaker 14.0 - Truck_Generic #2	jetbrains@b5882e3d7d42 2024-11-26 13:07:28	(14.0 jetbrains@b5882e3d7d42 2024-11-26 12:48:15)
SIM	1741346789	IPGNB10342			0	0	0
SIM	1741346795	IPGNB10342	Rahul_Vishwanatha	TempScenario(Volvo)	0	80.055	682.801


SYSTEM_START	-	IPGNB10342	IPGNB10342	2025-03-07 17:01:05


SYSTEM_INFO	TruckMaker 14.0 - Truck_Generic #2	jetbrains@b5882e3d7d42 2024-11-26 13:07:28	(14.0 jetbrains@b5882e3d7d42 2024-11-26 12:48:15)
SIM	1741347065	IPGNB10342			0	0	0
SIM	1741347107	IPGNB10342	Rahul_Vishwanatha	TempScenario(Volvo)	0	80.055	682.801
SIM	1741347214	IPGNB10342	Rahul_Vishwanatha	TempScenario(Volvo)	0	72	401.354
SIM	1741347264	IPGNB10342	Rahul_Vishwanatha	TempScenario(Volvo)	0	62.235	544.593
SIM	1741347321	IPGNB10342	Rahul_Vishwanatha	TempScenario(Volvo)	0	24.409	128.731
SIM	1741347342	IPGNB10342	Rahul_Vishwanatha	TempScenario(Volvo)	0	65.193	576.727
SIM	1741347387	IPGNB10342	Rahul_Vishwanatha	TempScenario(Volvo)	0	84.75	430.609
SIM	1741347438	IPGNB10342	Rahul_Vishwanatha	TempScenario(Volvo)	0	70.907	682.507
SIM	1741347501	IPGNB10342	Rahul_Vishwanatha	TempScenario(Volvo)	0	70.907	682.507
SIM	1741347544	IPGNB10342	Rahul_Vishwanatha	TempScenario(Volvo)	0	75.085	682.075
SIM	1741348071	IPGNB10342	Rahul_Vishwanatha	TempScenario(Volvo)	0	75.085	682.075
SIM	1741348636	IPGNB10342	Rahul_Vishwanatha	TempScenario(Volvo)	0	75.085	682.075


SYSTEM_START	-	IPGNB10342	IPGNB10342	2025-03-07 19:51:02


SYSTEM_INFO	TruckMaker 14.0 - Truck_Generic #2	jetbrains@b5882e3d7d42 2024-11-26 13:07:28	(14.0 jetbrains@b5882e3d7d42 2024-11-26 12:48:15)
SIM	1741357262	IPGNB10342			0	0	0
SIM	1741357264	IPGNB10342	Rahul_Vishwanatha	TempScenario(Volvo)	0	3.088	9.83294
SIM	1741357286	IPGNB10342	Rahul_Vishwanatha	TempScenario(Volvo)	0	75.085	682.075


SYSTEM_START	-	IPGNB10342	IPGNB10342	2025-03-10 11:35:23


SYSTEM_INFO	TruckMaker 14.0 - Truck_Generic #2	jetbrains@b5882e3d7d42 2024-11-26 13:07:28	(14.0 jetbrains@b5882e3d7d42 2024-11-26 12:48:15)
SIM	1741586723	IPGNB10342			0	0	0
SIM	1741586725	IPGNB10342	Rahul_Vishwanatha	unknown	0	1336.27	3.44096e-06
SIM	1741586762	IPGNB10342	Rahul_Vishwanatha	unknown	0	417.414	3.30329e-06
SIM	1741586794	IPGNB10342	Rahul_Vishwanatha	unknown	0	28.328	3.24519e-06
SIM	1741586820	IPGNB10342	Rahul_Vishwanatha	unknown	0	4.685	3.72615e-06
SIM	1741589977	IPGNB10342	Rahul_Vishwanatha	TempScenario(Volvo)_-_Copy	0	84.185	652.447
SIM	1741589993	IPGNB10342	Rahul_Vishwanatha	TempScenario(Volvo)_-_Copy	0	176.084	720.802
SIM	1741590102	IPGNB10342	Rahul_Vishwanatha	TempScenario(Volvo)_-_Copy	0	562.174	725.981
SIM	1741590119	IPGNB10342	Rahul_Vishwanatha	TempScenario(Volvo)_-_Copy	0	171.23	725.98
SIM	1741590151	IPGNB10342	Rahul_Vishwanatha	TempScenario(Volvo)_-_Copy	0	272.306	720.803
SIM	1741590182	IPGNB10342	Rahul_Vishwanatha	TempScenario(Volvo)_-_Copy	0	86.185	690.271


SYSTEM_START	-	IPGNB10342	IPGNB10342	2025-03-10 12:33:18


SYSTEM_INFO	TruckMaker 14.0 - Truck_Generic #2	jetbrains@b5882e3d7d42 2024-11-26 13:07:28	(14.0 jetbrains@b5882e3d7d42 2024-11-26 12:48:15)
SIM	1741590198	IPGNB10342			0	0	0
SIM	1741590203	IPGNB10342	Rahul_Vishwanatha	TempScenario(Volvo)_-_Copy	0	86.185	690.271
SIM	1741590237	IPGNB10342	Rahul_Vishwanatha	TempScenario(Volvo)_-_Copy	0	86.185	690.271
SIM	1741590312	IPGNB10342	Rahul_Vishwanatha	TempScenario(Volvo)_-_Copy	0	86.185	690.271
SIM	1741590356	IPGNB10342	Rahul_Vishwanatha	TempScenario(Volvo)_-_Copy	0	146.418	1290.44
SIM	1741590395	IPGNB10342	Rahul_Vishwanatha	TempScenario(Volvo)_-_Copy	0	79.942	655.7
SIM	1741590533	IPGNB10342	Rahul_Vishwanatha	TempScenario(Volvo)_-_Copy	1	0	655.7
SIM	1741590545	IPGNB10342	Rahul_Vishwanatha	TempScenario(Volvo)_-_Copy	0	141.034	1192.62
SIM	1741590612	IPGNB10342	Rahul_Vishwanatha	TempScenario(Volvo)_-_Copy	1	0	1192.62
SIM	1741590622	IPGNB10342	Rahul_Vishwanatha	TempScenario(Volvo)_-_Copy	0	217.993	1853.54
SIM	1741590726	IPGNB10342	Rahul_Vishwanatha	TempScenario(Volvo)_-_Copy	0	66.185	584.912
SIM	1741590762	IPGNB10342	Rahul_Vishwanatha	TempScenario(Volvo)_-_Copy	0	76.185	636.889
SIM	1741590795	IPGNB10342	Rahul_Vishwanatha	TempScenario(Volvo)_-_Copy	0	81.185	662.993
SIM	1741590843	IPGNB10342	Rahul_Vishwanatha	TempScenario(Volvo)_-_Copy	0	78.185	646.168
SIM	1741590882	IPGNB10342	Rahul_Vishwanatha	TempScenario(Volvo)_-_Copy	0	79.185	651.514
SIM	1741590914	IPGNB10342	Rahul_Vishwanatha	TempScenario(Volvo)_-_Copy	0	5.452	21.3456
SIM	1741590922	IPGNB10342	Rahul_Vishwanatha	TempScenario(Volvo)_-_Copy	0	80.185	657.094
SIM	1741590970	IPGNB10342	Rahul_Vishwanatha	TempScenario(Volvo)_-_Copy	0	3291.93	26853
SIM	1741592074	IPGNB10342	Rahul_Vishwanatha	TempScenario(Volvo)_-_Copy	0	281.574	2154.32
