APPLICATION	TruckMaker 14.0 - Truck_Generic #2 (win64-14.0)
COMPILED	jetbrains@b5882e3d7d42 2024-11-26 13:07:28
 
		I/O Configuration: default
FIRST_INIT	(internal default used)	2025-03-04 19:47:46
TIME	0.000
SIM_END			0s	0m
IDLE	19:47:46
SIM_START	Project_IAD2	2025-03-04 19:47:48
TIME	0.000
SIMULATE	Project_IAD2

TIME	3.946
SIM_END		Project_IAD2	3.943s	5.72622m
SIM_START	Project_IAD2	2025-03-04 19:47:56
TIME	0.000
SIMULATE	Project_IAD2

TIME	2.732
SIM_END		Project_IAD2	2.729s	2.2606m
SIM_START	Project_IAD2	2025-03-04 19:48:09
TIME	0.000
SIMULATE	Project_IAD2

TIME	39.329
SIM_END		Project_IAD2	39.325s	93.4575m
TIME	43.362
SIM_START	Project_IAD2	2025-03-04 19:49:15
TIME	0.000
SIMULATE	Project_IAD2

TIME	7.434
SIM_END		Project_IAD2	7.43s	38.6893m
TIME	161.765
SHUTDOWN	CarMaker quick shutdown initiated

