APPLICATION	TruckMaker 14.0 - Truck_Generic #2 (win64-14.0)
COMPILED	jetbrains@b5882e3d7d42 2024-11-26 13:07:28
 
		I/O Configuration: default
FIRST_INIT	(internal default used)	2025-03-05 17:02:43
TIME	0.000
SIM_END			0s	0m
IDLE	17:02:44
SIM_START	samp2	2025-03-05 17:02:44
TIME	0.016
ERROR		Track width must be non-zero (rear2 0)
ERROR		Wheel 4 inertia Iyy isn't allowed to be zero or negative
ERROR		Wheel 5 inertia Iyy isn't allowed to be zero or negative
TIME	0.080
SIM_ABORT	samp2	0s	0m
TIME	3.090
SIM_START	samp2	2025-03-05 17:03:14
TIME	0.000
SIMULATE	samp2

TIME	13.139
SIM_END		samp2	13.137s	15.7157m
TIME	15.521
SIM_START	samp2	2025-03-05 17:03:43
TIME	0.000
SIMULATE	samp2

TIME	4.578
ERROR		Vehicle leaves road at about x=26.6088, y=-8.00615 TireNo=5
SIM_ABORT	samp2	4.579s	1.41819m
TIME	7.076
SIM_START	samp2	2025-03-05 17:04:10
TIME	0.000
SIMULATE	samp2

TIME	4.578
ERROR		Vehicle leaves road at about x=26.6088, y=-8.00615 TireNo=5
SIM_ABORT	samp2	4.579s	1.41819m
TIME	9.633
SIM_START	samp2	2025-03-05 17:05:05
TIME	0.000
SIMULATE	samp2

TIME	757.335
SIM_END		samp2	757.332s	31.614m
SIM_START	samp2	2025-03-05 17:09:23
TIME	0.000
SIMULATE	samp2

TIME	67.707
SIM_END		samp2	67.705s	1.84199m
SIM_START	samp2	2025-03-05 17:09:52
TIME	0.000
SIMULATE	samp2

TIME	243.854
SIM_END		samp2	243.851s	31.6117m
SIM_START	samp2	2025-03-05 17:11:19
TIME	0.000
SIMULATE	samp2

TIME	100.665
SIM_END		samp2	100.662s	1.9919m
SIM_START	samp2	2025-03-05 17:12:01
TIME	0.000
SIMULATE	samp2

TIME	88.770
SIM_END		samp2	88.767s	70.3491m
SIM_START	samp2	2025-03-05 17:12:37
TIME	0.000
SIMULATE	samp2

TIME	193.395
SIM_END		samp2	193.393s	677.503m
TIME	195.877
SIM_START	samp2	2025-03-05 17:14:09
TIME	0.000
SIMULATE	samp2

TIME	316.579
SIM_END		samp2	316.576s	174.514m
SIM_START	samp2	2025-03-05 17:15:59
TIME	0.000
SIMULATE	samp2

TIME	185.302
SIM_END		samp2	185.299s	668.678m
SIM_START	samp2	2025-03-05 17:17:08
TIME	0.000
SIMULATE	samp2

TIME	399.716
SIM_END		samp2	399.713s	1361.95m
SIM_START	samp2	2025-03-05 17:19:35
TIME	0.000
SIMULATE	samp2

TIME	234.186
SIM_END		samp2	234.184s	686.03m
TIME	262.251
SIM_START	samp2	2025-03-05 17:25:37
TIME	0.000
SIMULATE	samp2

TIME	507.188
SIM_END		samp2	507.185s	67.8129m
TIME	524.146
SHUTDOWN	CarMaker quick shutdown initiated

